[0.016s] Invoking command in '/home/Stage/LAB42_RTX_control/ros_control_ws/build/keyboard_control': CMAKE_PREFIX_PATH=${CMAKE_PREFIX_PATH}:/opt/ros/foxy /usr/bin/cmake --build /home/Stage/LAB42_RTX_control/ros_control_ws/build/keyboard_control -- -j8 -l8
[0.047s] -- Found ament_cmake: 0.9.12 (/opt/ros/foxy/share/ament_cmake/cmake)
[0.070s] -- Using PYTHON_EXECUTABLE: /usr/bin/python3
[0.248s] -- Found rclcpp: 2.4.3 (/opt/ros/foxy/share/rclcpp/cmake)
[0.286s] -- Using all available rosidl_typesupport_c: rosidl_typesupport_fastrtps_c;rosidl_typesupport_introspection_c
[0.290s] -- Found rosidl_adapter: 1.3.1 (/opt/ros/foxy/share/rosidl_adapter/cmake)
[0.432s] -- Using all available rosidl_typesupport_cpp: rosidl_typesupport_fastrtps_cpp;rosidl_typesupport_introspection_cpp
[0.480s] -- Found rmw_implementation_cmake: 1.0.4 (/opt/ros/foxy/share/rmw_implementation_cmake/cmake)
[0.482s] -- Using RMW implementation 'rmw_fastrtps_cpp' as default
[0.619s] -- Found geometry_msgs: 2.0.5 (/opt/ros/foxy/share/geometry_msgs/cmake)
[0.650s] -- Found sensor_msgs: 2.0.5 (/opt/ros/foxy/share/sensor_msgs/cmake)
[0.782s] -- Configuring done
[0.798s] -- Generating done
[0.806s] -- Build files have been written to: /home/Stage/LAB42_RTX_control/ros_control_ws/build/keyboard_control
[0.858s] [ 83%] Built target nodeKeyboardControl
[0.858s] [ 66%] [32m[1mLinking CXX executable nodeKeyboardJointControl[0m
[0.858s] [ 83%] Built target nodeGripTester
[1.041s] [100%] Built target nodeKeyboardJointControl
[1.058s] Invoked command in '/home/Stage/LAB42_RTX_control/ros_control_ws/build/keyboard_control' returned '0': CMAKE_PREFIX_PATH=${CMAKE_PREFIX_PATH}:/opt/ros/foxy /usr/bin/cmake --build /home/Stage/LAB42_RTX_control/ros_control_ws/build/keyboard_control -- -j8 -l8
[1.074s] Invoking command in '/home/Stage/LAB42_RTX_control/ros_control_ws/build/keyboard_control': CMAKE_PREFIX_PATH=${CMAKE_PREFIX_PATH}:/opt/ros/foxy /usr/bin/cmake --install /home/Stage/LAB42_RTX_control/ros_control_ws/build/keyboard_control
[1.085s] -- Install configuration: ""
[1.086s] -- Up-to-date: /home/Stage/LAB42_RTX_control/ros_control_ws/install/keyboard_control/lib/keyboard_control/nodeGripTester
[1.086s] -- Up-to-date: /home/Stage/LAB42_RTX_control/ros_control_ws/install/keyboard_control/lib/keyboard_control/nodeKeyboardControl
[1.086s] -- Installing: /home/Stage/LAB42_RTX_control/ros_control_ws/install/keyboard_control/lib/keyboard_control/nodeKeyboardJointControl
[1.088s] -- Set runtime path of "/home/Stage/LAB42_RTX_control/ros_control_ws/install/keyboard_control/lib/keyboard_control/nodeKeyboardJointControl" to ""
[1.088s] -- Up-to-date: /home/Stage/LAB42_RTX_control/ros_control_ws/install/keyboard_control/share/ament_index/resource_index/package_run_dependencies/keyboard_control
[1.088s] -- Installing: /home/Stage/LAB42_RTX_control/ros_control_ws/install/keyboard_control/share/ament_index/resource_index/parent_prefix_path/keyboard_control
[1.088s] -- Up-to-date: /home/Stage/LAB42_RTX_control/ros_control_ws/install/keyboard_control/share/keyboard_control/environment/ament_prefix_path.sh
[1.088s] -- Installing: /home/Stage/LAB42_RTX_control/ros_control_ws/install/keyboard_control/share/keyboard_control/environment/ament_prefix_path.dsv
[1.088s] -- Up-to-date: /home/Stage/LAB42_RTX_control/ros_control_ws/install/keyboard_control/share/keyboard_control/environment/path.sh
[1.088s] -- Installing: /home/Stage/LAB42_RTX_control/ros_control_ws/install/keyboard_control/share/keyboard_control/environment/path.dsv
[1.088s] -- Up-to-date: /home/Stage/LAB42_RTX_control/ros_control_ws/install/keyboard_control/share/keyboard_control/local_setup.bash
[1.089s] -- Up-to-date: /home/Stage/LAB42_RTX_control/ros_control_ws/install/keyboard_control/share/keyboard_control/local_setup.sh
[1.089s] -- Up-to-date: /home/Stage/LAB42_RTX_control/ros_control_ws/install/keyboard_control/share/keyboard_control/local_setup.zsh
[1.089s] -- Installing: /home/Stage/LAB42_RTX_control/ros_control_ws/install/keyboard_control/share/keyboard_control/local_setup.dsv
[1.089s] -- Installing: /home/Stage/LAB42_RTX_control/ros_control_ws/install/keyboard_control/share/keyboard_control/package.dsv
[1.089s] -- Up-to-date: /home/Stage/LAB42_RTX_control/ros_control_ws/install/keyboard_control/share/ament_index/resource_index/packages/keyboard_control
[1.089s] -- Up-to-date: /home/Stage/LAB42_RTX_control/ros_control_ws/install/keyboard_control/share/keyboard_control/cmake/keyboard_controlConfig.cmake
[1.089s] -- Up-to-date: /home/Stage/LAB42_RTX_control/ros_control_ws/install/keyboard_control/share/keyboard_control/cmake/keyboard_controlConfig-version.cmake
[1.089s] -- Up-to-date: /home/Stage/LAB42_RTX_control/ros_control_ws/install/keyboard_control/share/keyboard_control/package.xml
[1.093s] Invoked command in '/home/Stage/LAB42_RTX_control/ros_control_ws/build/keyboard_control' returned '0': CMAKE_PREFIX_PATH=${CMAKE_PREFIX_PATH}:/opt/ros/foxy /usr/bin/cmake --install /home/Stage/LAB42_RTX_control/ros_control_ws/build/keyboard_control
