[0.013s] Invoking command in '/home/Stage/LAB42_RTX_control/build/keyboard_control': CMAKE_PREFIX_PATH=${CMAKE_PREFIX_PATH}:/opt/ros/foxy /usr/bin/cmake --build /home/Stage/LAB42_RTX_control/build/keyboard_control -- -j8 -l8
[0.065s] [35m[1mScanning dependencies of target nodeGripTester[0m
[0.087s] [ 50%] Built target nodeKeyboardControl
[0.091s] [ 75%] [32mBuilding CXX object CMakeFiles/nodeGripTester.dir/src/command_publisher.cpp.o[0m
[3.350s] [100%] [32m[1mLinking CXX executable nodeGripTester[0m
[3.548s] [100%] Built target nodeGripTester
[3.564s] Invoked command in '/home/Stage/LAB42_RTX_control/build/keyboard_control' returned '0': CMAKE_PREFIX_PATH=${CMAKE_PREFIX_PATH}:/opt/ros/foxy /usr/bin/cmake --build /home/Stage/LAB42_RTX_control/build/keyboard_control -- -j8 -l8
[3.579s] Invoking command in '/home/Stage/LAB42_RTX_control/build/keyboard_control': CMAKE_PREFIX_PATH=${CMAKE_PREFIX_PATH}:/opt/ros/foxy /usr/bin/cmake --install /home/Stage/LAB42_RTX_control/build/keyboard_control
[3.589s] -- Install configuration: ""
[3.589s] -- Installing: /home/Stage/LAB42_RTX_control/install/keyboard_control/lib/keyboard_control/nodeGripTester
[3.590s] -- Set runtime path of "/home/Stage/LAB42_RTX_control/install/keyboard_control/lib/keyboard_control/nodeGripTester" to ""
[3.590s] -- Installing: /home/Stage/LAB42_RTX_control/install/keyboard_control/lib/keyboard_control/nodeKeyboardControl
[3.591s] -- Set runtime path of "/home/Stage/LAB42_RTX_control/install/keyboard_control/lib/keyboard_control/nodeKeyboardControl" to ""
[3.591s] -- Up-to-date: /home/Stage/LAB42_RTX_control/install/keyboard_control/share/ament_index/resource_index/package_run_dependencies/keyboard_control
[3.592s] -- Installing: /home/Stage/LAB42_RTX_control/install/keyboard_control/share/ament_index/resource_index/parent_prefix_path/keyboard_control
[3.592s] -- Up-to-date: /home/Stage/LAB42_RTX_control/install/keyboard_control/share/keyboard_control/environment/ament_prefix_path.sh
[3.592s] -- Installing: /home/Stage/LAB42_RTX_control/install/keyboard_control/share/keyboard_control/environment/ament_prefix_path.dsv
[3.592s] -- Up-to-date: /home/Stage/LAB42_RTX_control/install/keyboard_control/share/keyboard_control/environment/path.sh
[3.592s] -- Installing: /home/Stage/LAB42_RTX_control/install/keyboard_control/share/keyboard_control/environment/path.dsv
[3.592s] -- Up-to-date: /home/Stage/LAB42_RTX_control/install/keyboard_control/share/keyboard_control/local_setup.bash
[3.592s] -- Up-to-date: /home/Stage/LAB42_RTX_control/install/keyboard_control/share/keyboard_control/local_setup.sh
[3.592s] -- Up-to-date: /home/Stage/LAB42_RTX_control/install/keyboard_control/share/keyboard_control/local_setup.zsh
[3.592s] -- Installing: /home/Stage/LAB42_RTX_control/install/keyboard_control/share/keyboard_control/local_setup.dsv
[3.593s] -- Installing: /home/Stage/LAB42_RTX_control/install/keyboard_control/share/keyboard_control/package.dsv
[3.593s] -- Up-to-date: /home/Stage/LAB42_RTX_control/install/keyboard_control/share/ament_index/resource_index/packages/keyboard_control
[3.593s] -- Up-to-date: /home/Stage/LAB42_RTX_control/install/keyboard_control/share/keyboard_control/cmake/keyboard_controlConfig.cmake
[3.593s] -- Up-to-date: /home/Stage/LAB42_RTX_control/install/keyboard_control/share/keyboard_control/cmake/keyboard_controlConfig-version.cmake
[3.593s] -- Up-to-date: /home/Stage/LAB42_RTX_control/install/keyboard_control/share/keyboard_control/package.xml
[3.595s] Invoked command in '/home/Stage/LAB42_RTX_control/build/keyboard_control' returned '0': CMAKE_PREFIX_PATH=${CMAKE_PREFIX_PATH}:/opt/ros/foxy /usr/bin/cmake --install /home/Stage/LAB42_RTX_control/build/keyboard_control
