[0.017s] Invoking command in '/home/Stage/LAB42_RTX_control/ros_control_ws/build/yumi_manual_control': CMAKE_PREFIX_PATH=${CMAKE_PREFIX_PATH}:/opt/ros/foxy /usr/bin/cmake /home/Stage/LAB42_RTX_control/ros_control_ws/src/yumi_manual_control -DCMAKE_INSTALL_PREFIX=/home/Stage/LAB42_RTX_control/ros_control_ws/install/yumi_manual_control
[0.074s] -- The C compiler identification is GNU 9.4.0
[0.130s] -- The CXX compiler identification is GNU 9.4.0
[0.134s] -- Check for working C compiler: /usr/bin/cc
[0.210s] -- Check for working C compiler: /usr/bin/cc -- works
[0.212s] -- Detecting C compiler ABI info
[0.291s] -- Detecting C compiler ABI info - done
[0.302s] -- Detecting C compile features
[0.302s] -- Detecting C compile features - done
[0.305s] -- Check for working CXX compiler: /usr/bin/c++
[0.390s] -- Check for working CXX compiler: /usr/bin/c++ -- works
[0.391s] -- Detecting CXX compiler ABI info
[0.479s] -- Detecting CXX compiler ABI info - done
[0.490s] -- Detecting CXX compile features
[0.490s] -- Detecting CXX compile features - done
[0.493s] -- Found ament_cmake: 0.9.12 (/opt/ros/foxy/share/ament_cmake/cmake)
[0.518s] -- Found PythonInterp: /usr/bin/python3 (found suitable version "3.8.10", minimum required is "3") 
[0.518s] -- Using PYTHON_EXECUTABLE: /usr/bin/python3
[0.713s] -- Found rclcpp: 2.4.3 (/opt/ros/foxy/share/rclcpp/cmake)
[0.762s] -- Using all available rosidl_typesupport_c: rosidl_typesupport_fastrtps_c;rosidl_typesupport_introspection_c
[0.769s] -- Found rosidl_adapter: 1.3.1 (/opt/ros/foxy/share/rosidl_adapter/cmake)
[0.867s] -- Found OpenSSL: /usr/lib/x86_64-linux-gnu/libcrypto.so (found version "1.1.1f")  
[0.900s] -- Found FastRTPS: /opt/ros/foxy/include  
[0.986s] -- Using all available rosidl_typesupport_cpp: rosidl_typesupport_fastrtps_cpp;rosidl_typesupport_introspection_cpp
[1.042s] -- Found rmw_implementation_cmake: 1.0.4 (/opt/ros/foxy/share/rmw_implementation_cmake/cmake)
[1.043s] -- Using RMW implementation 'rmw_fastrtps_cpp' as default
[1.044s] -- Looking for pthread.h
[1.122s] -- Looking for pthread.h - found
[1.123s] -- Performing Test CMAKE_HAVE_LIBC_PTHREAD
[1.204s] -- Performing Test CMAKE_HAVE_LIBC_PTHREAD - Failed
[1.204s] -- Looking for pthread_create in pthreads
[1.267s] -- Looking for pthread_create in pthreads - not found
[1.267s] -- Looking for pthread_create in pthread
[1.341s] -- Looking for pthread_create in pthread - found
[1.342s] -- Found Threads: TRUE  
[1.493s] -- Found geometry_msgs: 2.0.5 (/opt/ros/foxy/share/geometry_msgs/cmake)
[1.526s] -- Found sensor_msgs: 2.0.5 (/opt/ros/foxy/share/sensor_msgs/cmake)
[1.652s] -- Configuring done
[1.660s] -- Generating done
[1.664s] -- Build files have been written to: /home/Stage/LAB42_RTX_control/ros_control_ws/build/yumi_manual_control
