-- Found ament_cmake: 0.9.12 (/opt/ros/foxy/share/ament_cmake/cmake)
-- Using PYTHON_EXECUTABLE: /usr/bin/python3
-- Found rclcpp: 2.4.3 (/opt/ros/foxy/share/rclcpp/cmake)
-- Using all available rosidl_typesupport_c: rosidl_typesupport_fastrtps_c;rosidl_typesupport_introspection_c
-- Found rosidl_adapter: 1.3.1 (/opt/ros/foxy/share/rosidl_adapter/cmake)
-- Using all available rosidl_typesupport_cpp: rosidl_typesupport_fastrtps_cpp;rosidl_typesupport_introspection_cpp
-- Found rmw_implementation_cmake: 1.0.4 (/opt/ros/foxy/share/rmw_implementation_cmake/cmake)
-- Using RMW implementation 'rmw_fastrtps_cpp' as default
-- Found geometry_msgs: 2.0.5 (/opt/ros/foxy/share/geometry_msgs/cmake)
-- Found sensor_msgs: 2.0.5 (/opt/ros/foxy/share/sensor_msgs/cmake)
-- Configuring done
-- Generating done
-- Build files have been written to: /home/Stage/LAB42_RTX_control/ros_control_ws/build/keyboard_control
[100%] Built target nodeGripTester
[100%] Built target nodeKeyboardJointControl
[100%] Built target nodeKeyboardControl
-- Install configuration: ""
-- Up-to-date: /home/Stage/LAB42_RTX_control/ros_control_ws/install/keyboard_control/lib/keyboard_control/nodeGripTester
-- Up-to-date: /home/Stage/LAB42_RTX_control/ros_control_ws/install/keyboard_control/lib/keyboard_control/nodeKeyboardControl
-- Up-to-date: /home/Stage/LAB42_RTX_control/ros_control_ws/install/keyboard_control/share/ament_index/resource_index/package_run_dependencies/keyboard_control
-- Up-to-date: /home/Stage/LAB42_RTX_control/ros_control_ws/install/keyboard_control/share/ament_index/resource_index/parent_prefix_path/keyboard_control
-- Up-to-date: /home/Stage/LAB42_RTX_control/ros_control_ws/install/keyboard_control/share/keyboard_control/environment/ament_prefix_path.sh
-- Installing: /home/Stage/LAB42_RTX_control/ros_control_ws/install/keyboard_control/share/keyboard_control/environment/ament_prefix_path.dsv
-- Up-to-date: /home/Stage/LAB42_RTX_control/ros_control_ws/install/keyboard_control/share/keyboard_control/environment/path.sh
-- Installing: /home/Stage/LAB42_RTX_control/ros_control_ws/install/keyboard_control/share/keyboard_control/environment/path.dsv
-- Up-to-date: /home/Stage/LAB42_RTX_control/ros_control_ws/install/keyboard_control/share/keyboard_control/local_setup.bash
-- Up-to-date: /home/Stage/LAB42_RTX_control/ros_control_ws/install/keyboard_control/share/keyboard_control/local_setup.sh
-- Up-to-date: /home/Stage/LAB42_RTX_control/ros_control_ws/install/keyboard_control/share/keyboard_control/local_setup.zsh
-- Installing: /home/Stage/LAB42_RTX_control/ros_control_ws/install/keyboard_control/share/keyboard_control/local_setup.dsv
-- Installing: /home/Stage/LAB42_RTX_control/ros_control_ws/install/keyboard_control/share/keyboard_control/package.dsv
-- Up-to-date: /home/Stage/LAB42_RTX_control/ros_control_ws/install/keyboard_control/share/ament_index/resource_index/packages/keyboard_control
-- Up-to-date: /home/Stage/LAB42_RTX_control/ros_control_ws/install/keyboard_control/share/keyboard_control/cmake/keyboard_controlConfig.cmake
-- Up-to-date: /home/Stage/LAB42_RTX_control/ros_control_ws/install/keyboard_control/share/keyboard_control/cmake/keyboard_controlConfig-version.cmake
-- Up-to-date: /home/Stage/LAB42_RTX_control/ros_control_ws/install/keyboard_control/share/keyboard_control/package.xml
