[0.013s] Invoking command in '/home/Stage/LAB42_RTX_control/ros_control_ws/build/keyboard_control': CMAKE_PREFIX_PATH=${CMAKE_PREFIX_PATH}:/opt/ros/foxy /usr/bin/cmake --build /home/Stage/LAB42_RTX_control/ros_control_ws/build/keyboard_control -- -j8 -l8
[0.063s] -- Found ament_cmake: 0.9.12 (/opt/ros/foxy/share/ament_cmake/cmake)
[0.085s] -- Using PYTHON_EXECUTABLE: /usr/bin/python3
[0.261s] -- Found rclcpp: 2.4.3 (/opt/ros/foxy/share/rclcpp/cmake)
[0.317s] -- Using all available rosidl_typesupport_c: rosidl_typesupport_fastrtps_c;rosidl_typesupport_introspection_c
[0.322s] -- Found rosidl_adapter: 1.3.1 (/opt/ros/foxy/share/rosidl_adapter/cmake)
[0.465s] -- Using all available rosidl_typesupport_cpp: rosidl_typesupport_fastrtps_cpp;rosidl_typesupport_introspection_cpp
[0.514s] -- Found rmw_implementation_cmake: 1.0.4 (/opt/ros/foxy/share/rmw_implementation_cmake/cmake)
[0.515s] -- Using RMW implementation 'rmw_fastrtps_cpp' as default
[0.656s] -- Found geometry_msgs: 2.0.5 (/opt/ros/foxy/share/geometry_msgs/cmake)
[0.688s] -- Found sensor_msgs: 2.0.5 (/opt/ros/foxy/share/sensor_msgs/cmake)
[0.817s] -- Configuring done
[0.835s] -- Generating done
[0.844s] -- Build files have been written to: /home/Stage/LAB42_RTX_control/ros_control_ws/build/keyboard_control
[0.898s] [100%] Built target nodeGripTester
[0.898s] [100%] Built target nodeKeyboardJointControl
[0.898s] [100%] Built target nodeKeyboardControl
[0.911s] Invoked command in '/home/Stage/LAB42_RTX_control/ros_control_ws/build/keyboard_control' returned '0': CMAKE_PREFIX_PATH=${CMAKE_PREFIX_PATH}:/opt/ros/foxy /usr/bin/cmake --build /home/Stage/LAB42_RTX_control/ros_control_ws/build/keyboard_control -- -j8 -l8
[0.928s] Invoking command in '/home/Stage/LAB42_RTX_control/ros_control_ws/build/keyboard_control': CMAKE_PREFIX_PATH=${CMAKE_PREFIX_PATH}:/opt/ros/foxy /usr/bin/cmake --install /home/Stage/LAB42_RTX_control/ros_control_ws/build/keyboard_control
[0.937s] -- Install configuration: ""
[0.937s] -- Up-to-date: /home/Stage/LAB42_RTX_control/ros_control_ws/install/keyboard_control/lib/keyboard_control/nodeGripTester
[0.938s] -- Up-to-date: /home/Stage/LAB42_RTX_control/ros_control_ws/install/keyboard_control/lib/keyboard_control/nodeKeyboardControl
[0.938s] -- Up-to-date: /home/Stage/LAB42_RTX_control/ros_control_ws/install/keyboard_control/share/ament_index/resource_index/package_run_dependencies/keyboard_control
[0.938s] -- Up-to-date: /home/Stage/LAB42_RTX_control/ros_control_ws/install/keyboard_control/share/ament_index/resource_index/parent_prefix_path/keyboard_control
[0.938s] -- Up-to-date: /home/Stage/LAB42_RTX_control/ros_control_ws/install/keyboard_control/share/keyboard_control/environment/ament_prefix_path.sh
[0.939s] -- Installing: /home/Stage/LAB42_RTX_control/ros_control_ws/install/keyboard_control/share/keyboard_control/environment/ament_prefix_path.dsv
[0.939s] -- Up-to-date: /home/Stage/LAB42_RTX_control/ros_control_ws/install/keyboard_control/share/keyboard_control/environment/path.sh
[0.939s] -- Installing: /home/Stage/LAB42_RTX_control/ros_control_ws/install/keyboard_control/share/keyboard_control/environment/path.dsv
[0.939s] -- Up-to-date: /home/Stage/LAB42_RTX_control/ros_control_ws/install/keyboard_control/share/keyboard_control/local_setup.bash
[0.939s] -- Up-to-date: /home/Stage/LAB42_RTX_control/ros_control_ws/install/keyboard_control/share/keyboard_control/local_setup.sh
[0.939s] -- Up-to-date: /home/Stage/LAB42_RTX_control/ros_control_ws/install/keyboard_control/share/keyboard_control/local_setup.zsh
[0.939s] -- Installing: /home/Stage/LAB42_RTX_control/ros_control_ws/install/keyboard_control/share/keyboard_control/local_setup.dsv
[0.939s] -- Installing: /home/Stage/LAB42_RTX_control/ros_control_ws/install/keyboard_control/share/keyboard_control/package.dsv
[0.939s] -- Up-to-date: /home/Stage/LAB42_RTX_control/ros_control_ws/install/keyboard_control/share/ament_index/resource_index/packages/keyboard_control
[0.940s] -- Up-to-date: /home/Stage/LAB42_RTX_control/ros_control_ws/install/keyboard_control/share/keyboard_control/cmake/keyboard_controlConfig.cmake
[0.940s] -- Up-to-date: /home/Stage/LAB42_RTX_control/ros_control_ws/install/keyboard_control/share/keyboard_control/cmake/keyboard_controlConfig-version.cmake
[0.940s] -- Up-to-date: /home/Stage/LAB42_RTX_control/ros_control_ws/install/keyboard_control/share/keyboard_control/package.xml
[0.942s] Invoked command in '/home/Stage/LAB42_RTX_control/ros_control_ws/build/keyboard_control' returned '0': CMAKE_PREFIX_PATH=${CMAKE_PREFIX_PATH}:/opt/ros/foxy /usr/bin/cmake --install /home/Stage/LAB42_RTX_control/ros_control_ws/build/keyboard_control
