[0.177s] DEBUG:colcon:Command line arguments: ['/usr/bin/colcon', 'build', '--packages-select', 'keyboard_control']
[0.177s] DEBUG:colcon:Parsed command line arguments: Namespace(allow_overriding=[], ament_cmake_args=None, base_paths=['.'], build_base='build', catkin_cmake_args=None, catkin_skip_building_tests=False, cmake_args=None, cmake_clean_cache=False, cmake_clean_first=False, cmake_force_configure=False, cmake_target=None, cmake_target_skip_unavailable=False, continue_on_error=False, event_handlers=None, executor='parallel', ignore_user_meta=False, install_base='install', log_base=None, log_level=None, main=<bound method BuildVerb.main of <colcon_core.verb.build.BuildVerb object at 0x7dee2f3d4460>>, merge_install=False, metas=['./colcon.meta'], packages_above=None, packages_above_and_dependencies=None, packages_above_depth=None, packages_end=None, packages_ignore=None, packages_ignore_regex=None, packages_select=['keyboard_control'], packages_select_build_failed=False, packages_select_by_dep=None, packages_select_regex=None, packages_select_test_failures=False, packages_skip=None, packages_skip_build_finished=False, packages_skip_by_dep=None, packages_skip_regex=None, packages_skip_test_passed=False, packages_skip_up_to=None, packages_start=None, packages_up_to=None, packages_up_to_regex=None, parallel_workers=8, paths=None, symlink_install=False, test_result_base=None, verb_extension=<colcon_core.verb.build.BuildVerb object at 0x7dee2f3d4460>, verb_name='build', verb_parser=<colcon_defaults.argument_parser.defaults.DefaultArgumentsDecorator object at 0x7dee2f3d48b0>)
[0.319s] Level 1:colcon.colcon_core.package_discovery:discover_packages(colcon_meta) check parameters
[0.319s] Level 1:colcon.colcon_core.package_discovery:discover_packages(recursive) check parameters
[0.319s] Level 1:colcon.colcon_core.package_discovery:discover_packages(ignore) check parameters
[0.319s] Level 1:colcon.colcon_core.package_discovery:discover_packages(path) check parameters
[0.319s] Level 1:colcon.colcon_core.package_discovery:discover_packages(colcon_meta) discover
[0.319s] Level 1:colcon.colcon_core.package_discovery:discover_packages(recursive) discover
[0.319s] INFO:colcon.colcon_core.package_discovery:Crawling recursively for packages in '/home/Stage/LAB42_RTX_control/ros_control_ws'
[0.320s] Level 1:colcon.colcon_core.package_identification:_identify(.) by extensions ['ignore', 'ignore_ament_install']
[0.320s] Level 1:colcon.colcon_core.package_identification:_identify(.) by extension 'ignore'
[0.320s] Level 1:colcon.colcon_core.package_identification:_identify(.) by extension 'ignore_ament_install'
[0.320s] Level 1:colcon.colcon_core.package_identification:_identify(.) by extensions ['colcon_pkg']
[0.320s] Level 1:colcon.colcon_core.package_identification:_identify(.) by extension 'colcon_pkg'
[0.320s] Level 1:colcon.colcon_core.package_identification:_identify(.) by extensions ['colcon_meta']
[0.320s] Level 1:colcon.colcon_core.package_identification:_identify(.) by extension 'colcon_meta'
[0.320s] Level 1:colcon.colcon_core.package_identification:_identify(.) by extensions ['ros']
[0.320s] Level 1:colcon.colcon_core.package_identification:_identify(.) by extension 'ros'
[0.330s] Level 1:colcon.colcon_core.package_identification:_identify(.) by extensions ['cmake', 'python']
[0.330s] Level 1:colcon.colcon_core.package_identification:_identify(.) by extension 'cmake'
[0.330s] Level 1:colcon.colcon_core.package_identification:_identify(.) by extension 'python'
[0.330s] Level 1:colcon.colcon_core.package_identification:_identify(.) by extensions ['python_setup_py']
[0.331s] Level 1:colcon.colcon_core.package_identification:_identify(.) by extension 'python_setup_py'
[0.331s] Level 1:colcon.colcon_core.package_identification:_identify(build) by extensions ['ignore', 'ignore_ament_install']
[0.331s] Level 1:colcon.colcon_core.package_identification:_identify(build) by extension 'ignore'
[0.331s] Level 1:colcon.colcon_core.package_identification:_identify(build) ignored
[0.331s] Level 1:colcon.colcon_core.package_identification:_identify(install) by extensions ['ignore', 'ignore_ament_install']
[0.331s] Level 1:colcon.colcon_core.package_identification:_identify(install) by extension 'ignore'
[0.331s] Level 1:colcon.colcon_core.package_identification:_identify(install) ignored
[0.331s] Level 1:colcon.colcon_core.package_identification:_identify(log) by extensions ['ignore', 'ignore_ament_install']
[0.331s] Level 1:colcon.colcon_core.package_identification:_identify(log) by extension 'ignore'
[0.331s] Level 1:colcon.colcon_core.package_identification:_identify(log) ignored
[0.331s] Level 1:colcon.colcon_core.package_identification:_identify(src) by extensions ['ignore', 'ignore_ament_install']
[0.331s] Level 1:colcon.colcon_core.package_identification:_identify(src) by extension 'ignore'
[0.331s] Level 1:colcon.colcon_core.package_identification:_identify(src) by extension 'ignore_ament_install'
[0.332s] Level 1:colcon.colcon_core.package_identification:_identify(src) by extensions ['colcon_pkg']
[0.332s] Level 1:colcon.colcon_core.package_identification:_identify(src) by extension 'colcon_pkg'
[0.332s] Level 1:colcon.colcon_core.package_identification:_identify(src) by extensions ['colcon_meta']
[0.332s] Level 1:colcon.colcon_core.package_identification:_identify(src) by extension 'colcon_meta'
[0.332s] Level 1:colcon.colcon_core.package_identification:_identify(src) by extensions ['ros']
[0.332s] Level 1:colcon.colcon_core.package_identification:_identify(src) by extension 'ros'
[0.332s] Level 1:colcon.colcon_core.package_identification:_identify(src) by extensions ['cmake', 'python']
[0.332s] Level 1:colcon.colcon_core.package_identification:_identify(src) by extension 'cmake'
[0.332s] Level 1:colcon.colcon_core.package_identification:_identify(src) by extension 'python'
[0.332s] Level 1:colcon.colcon_core.package_identification:_identify(src) by extensions ['python_setup_py']
[0.332s] Level 1:colcon.colcon_core.package_identification:_identify(src) by extension 'python_setup_py'
[0.332s] Level 1:colcon.colcon_core.package_identification:_identify(src/keyboard_control) by extensions ['ignore', 'ignore_ament_install']
[0.332s] Level 1:colcon.colcon_core.package_identification:_identify(src/keyboard_control) by extension 'ignore'
[0.332s] Level 1:colcon.colcon_core.package_identification:_identify(src/keyboard_control) by extension 'ignore_ament_install'
[0.332s] Level 1:colcon.colcon_core.package_identification:_identify(src/keyboard_control) by extensions ['colcon_pkg']
[0.332s] Level 1:colcon.colcon_core.package_identification:_identify(src/keyboard_control) by extension 'colcon_pkg'
[0.332s] Level 1:colcon.colcon_core.package_identification:_identify(src/keyboard_control) by extensions ['colcon_meta']
[0.332s] Level 1:colcon.colcon_core.package_identification:_identify(src/keyboard_control) by extension 'colcon_meta'
[0.332s] Level 1:colcon.colcon_core.package_identification:_identify(src/keyboard_control) by extensions ['ros']
[0.332s] Level 1:colcon.colcon_core.package_identification:_identify(src/keyboard_control) by extension 'ros'
[0.336s] DEBUG:colcon.colcon_core.package_identification:Package 'src/keyboard_control' with type 'ros.ament_cmake' and name 'keyboard_control'
[0.336s] Level 1:colcon.colcon_core.package_identification:_identify(src/yumi_manual_control) by extensions ['ignore', 'ignore_ament_install']
[0.336s] Level 1:colcon.colcon_core.package_identification:_identify(src/yumi_manual_control) by extension 'ignore'
[0.336s] Level 1:colcon.colcon_core.package_identification:_identify(src/yumi_manual_control) by extension 'ignore_ament_install'
[0.336s] Level 1:colcon.colcon_core.package_identification:_identify(src/yumi_manual_control) by extensions ['colcon_pkg']
[0.336s] Level 1:colcon.colcon_core.package_identification:_identify(src/yumi_manual_control) by extension 'colcon_pkg'
[0.336s] Level 1:colcon.colcon_core.package_identification:_identify(src/yumi_manual_control) by extensions ['colcon_meta']
[0.336s] Level 1:colcon.colcon_core.package_identification:_identify(src/yumi_manual_control) by extension 'colcon_meta'
[0.336s] Level 1:colcon.colcon_core.package_identification:_identify(src/yumi_manual_control) by extensions ['ros']
[0.336s] Level 1:colcon.colcon_core.package_identification:_identify(src/yumi_manual_control) by extension 'ros'
[0.337s] DEBUG:colcon.colcon_core.package_identification:Package 'src/yumi_manual_control' with type 'ros.ament_cmake' and name 'yumi_manual_control'
[0.337s] Level 1:colcon.colcon_core.package_discovery:discover_packages(recursive) using defaults
[0.337s] Level 1:colcon.colcon_core.package_discovery:discover_packages(ignore) discover
[0.337s] Level 1:colcon.colcon_core.package_discovery:discover_packages(ignore) using defaults
[0.337s] Level 1:colcon.colcon_core.package_discovery:discover_packages(path) discover
[0.337s] Level 1:colcon.colcon_core.package_discovery:discover_packages(path) using defaults
[0.352s] INFO:colcon.colcon_core.package_selection:Skipping not selected package 'yumi_manual_control' in 'src/yumi_manual_control'
[0.352s] Level 1:colcon.colcon_core.package_discovery:discover_packages(prefix_path) check parameters
[0.352s] Level 1:colcon.colcon_core.package_discovery:discover_packages(prefix_path) discover
[0.354s] DEBUG:colcon.colcon_installed_package_information.package_discovery:Found 1 installed packages in /home/Stage/LAB42_RTX_control/ros_control_ws/install
[0.355s] DEBUG:colcon.colcon_installed_package_information.package_discovery:Found 261 installed packages in /opt/ros/foxy
[0.357s] Level 1:colcon.colcon_core.package_discovery:discover_packages(prefix_path) using defaults
[0.431s] Level 5:colcon.colcon_core.verb:set package 'keyboard_control' build argument 'cmake_args' from command line to 'None'
[0.431s] Level 5:colcon.colcon_core.verb:set package 'keyboard_control' build argument 'cmake_target' from command line to 'None'
[0.431s] Level 5:colcon.colcon_core.verb:set package 'keyboard_control' build argument 'cmake_target_skip_unavailable' from command line to 'False'
[0.431s] Level 5:colcon.colcon_core.verb:set package 'keyboard_control' build argument 'cmake_clean_cache' from command line to 'False'
[0.431s] Level 5:colcon.colcon_core.verb:set package 'keyboard_control' build argument 'cmake_clean_first' from command line to 'False'
[0.431s] Level 5:colcon.colcon_core.verb:set package 'keyboard_control' build argument 'cmake_force_configure' from command line to 'False'
[0.431s] Level 5:colcon.colcon_core.verb:set package 'keyboard_control' build argument 'ament_cmake_args' from command line to 'None'
[0.431s] Level 5:colcon.colcon_core.verb:set package 'keyboard_control' build argument 'catkin_cmake_args' from command line to 'None'
[0.431s] Level 5:colcon.colcon_core.verb:set package 'keyboard_control' build argument 'catkin_skip_building_tests' from command line to 'False'
[0.431s] DEBUG:colcon.colcon_core.verb:Building package 'keyboard_control' with the following arguments: {'ament_cmake_args': None, 'build_base': '/home/Stage/LAB42_RTX_control/ros_control_ws/build/keyboard_control', 'catkin_cmake_args': None, 'catkin_skip_building_tests': False, 'cmake_args': None, 'cmake_clean_cache': False, 'cmake_clean_first': False, 'cmake_force_configure': False, 'cmake_target': None, 'cmake_target_skip_unavailable': False, 'install_base': '/home/Stage/LAB42_RTX_control/ros_control_ws/install/keyboard_control', 'merge_install': False, 'path': '/home/Stage/LAB42_RTX_control/ros_control_ws/src/keyboard_control', 'symlink_install': False, 'test_result_base': None}
[0.431s] INFO:colcon.colcon_core.executor:Executing jobs using 'parallel' executor
[0.432s] DEBUG:colcon.colcon_parallel_executor.executor.parallel:run_until_complete
[0.433s] INFO:colcon.colcon_ros.task.ament_cmake.build:Building ROS package in '/home/Stage/LAB42_RTX_control/ros_control_ws/src/keyboard_control' with build type 'ament_cmake'
[0.433s] INFO:colcon.colcon_cmake.task.cmake.build:Building CMake package in '/home/Stage/LAB42_RTX_control/ros_control_ws/src/keyboard_control'
[0.435s] INFO:colcon.colcon_core.plugin_system:Skipping extension 'colcon_core.shell.bat': Not used on non-Windows systems
[0.435s] INFO:colcon.colcon_core.shell:Skip shell extension 'powershell' for command environment: Not usable outside of PowerShell
[0.435s] DEBUG:colcon.colcon_core.shell:Skip shell extension 'dsv' for command environment
[0.447s] DEBUG:colcon.colcon_core.event_handler.log_command:Invoking command in '/home/Stage/LAB42_RTX_control/ros_control_ws/build/keyboard_control': CMAKE_PREFIX_PATH=${CMAKE_PREFIX_PATH}:/opt/ros/foxy /usr/bin/cmake --build /home/Stage/LAB42_RTX_control/ros_control_ws/build/keyboard_control -- -j8 -l8
[3.471s] DEBUG:colcon.colcon_core.event_handler.log_command:Invoked command in '/home/Stage/LAB42_RTX_control/ros_control_ws/build/keyboard_control' returned '0': CMAKE_PREFIX_PATH=${CMAKE_PREFIX_PATH}:/opt/ros/foxy /usr/bin/cmake --build /home/Stage/LAB42_RTX_control/ros_control_ws/build/keyboard_control -- -j8 -l8
[3.486s] DEBUG:colcon.colcon_core.event_handler.log_command:Invoking command in '/home/Stage/LAB42_RTX_control/ros_control_ws/build/keyboard_control': CMAKE_PREFIX_PATH=${CMAKE_PREFIX_PATH}:/opt/ros/foxy /usr/bin/cmake --install /home/Stage/LAB42_RTX_control/ros_control_ws/build/keyboard_control
[3.500s] Level 1:colcon.colcon_core.environment:create_environment_scripts_only(keyboard_control)
[3.500s] DEBUG:colcon.colcon_core.event_handler.log_command:Invoked command in '/home/Stage/LAB42_RTX_control/ros_control_ws/build/keyboard_control' returned '0': CMAKE_PREFIX_PATH=${CMAKE_PREFIX_PATH}:/opt/ros/foxy /usr/bin/cmake --install /home/Stage/LAB42_RTX_control/ros_control_ws/build/keyboard_control
[3.503s] Level 1:colcon.colcon_core.environment:checking '/home/Stage/LAB42_RTX_control/ros_control_ws/install/keyboard_control' for CMake module files
[3.503s] Level 1:colcon.colcon_core.environment:checking '/home/Stage/LAB42_RTX_control/ros_control_ws/install/keyboard_control' for CMake config files
[3.503s] Level 1:colcon.colcon_core.shell:create_environment_hook('keyboard_control', 'cmake_prefix_path')
[3.504s] INFO:colcon.colcon_core.shell:Creating environment hook '/home/Stage/LAB42_RTX_control/ros_control_ws/install/keyboard_control/share/keyboard_control/hook/cmake_prefix_path.ps1'
[3.504s] INFO:colcon.colcon_core.shell:Creating environment descriptor '/home/Stage/LAB42_RTX_control/ros_control_ws/install/keyboard_control/share/keyboard_control/hook/cmake_prefix_path.dsv'
[3.505s] INFO:colcon.colcon_core.shell:Creating environment hook '/home/Stage/LAB42_RTX_control/ros_control_ws/install/keyboard_control/share/keyboard_control/hook/cmake_prefix_path.sh'
[3.506s] Level 1:colcon.colcon_core.environment:checking '/home/Stage/LAB42_RTX_control/ros_control_ws/install/keyboard_control/lib'
[3.506s] Level 1:colcon.colcon_core.environment:checking '/home/Stage/LAB42_RTX_control/ros_control_ws/install/keyboard_control/bin'
[3.506s] Level 1:colcon.colcon_core.environment:checking '/home/Stage/LAB42_RTX_control/ros_control_ws/install/keyboard_control/lib/pkgconfig/keyboard_control.pc'
[3.506s] Level 1:colcon.colcon_core.environment:checking '/home/Stage/LAB42_RTX_control/ros_control_ws/install/keyboard_control/lib/python3.8/site-packages'
[3.507s] Level 1:colcon.colcon_core.environment:checking '/home/Stage/LAB42_RTX_control/ros_control_ws/install/keyboard_control/bin'
[3.507s] INFO:colcon.colcon_core.shell:Creating package script '/home/Stage/LAB42_RTX_control/ros_control_ws/install/keyboard_control/share/keyboard_control/package.ps1'
[3.507s] INFO:colcon.colcon_core.shell:Creating package descriptor '/home/Stage/LAB42_RTX_control/ros_control_ws/install/keyboard_control/share/keyboard_control/package.dsv'
[3.508s] INFO:colcon.colcon_core.shell:Creating package script '/home/Stage/LAB42_RTX_control/ros_control_ws/install/keyboard_control/share/keyboard_control/package.sh'
[3.509s] INFO:colcon.colcon_core.shell:Creating package script '/home/Stage/LAB42_RTX_control/ros_control_ws/install/keyboard_control/share/keyboard_control/package.bash'
[3.509s] INFO:colcon.colcon_core.shell:Creating package script '/home/Stage/LAB42_RTX_control/ros_control_ws/install/keyboard_control/share/keyboard_control/package.zsh'
[3.510s] Level 1:colcon.colcon_core.environment:create_file_with_runtime_dependencies(/home/Stage/LAB42_RTX_control/ros_control_ws/install/keyboard_control/share/colcon-core/packages/keyboard_control)
[3.511s] Level 1:colcon.colcon_core.environment:create_environment_scripts_only(keyboard_control)
[3.511s] Level 1:colcon.colcon_core.environment:checking '/home/Stage/LAB42_RTX_control/ros_control_ws/install/keyboard_control' for CMake module files
[3.512s] Level 1:colcon.colcon_core.environment:checking '/home/Stage/LAB42_RTX_control/ros_control_ws/install/keyboard_control' for CMake config files
[3.512s] Level 1:colcon.colcon_core.shell:create_environment_hook('keyboard_control', 'cmake_prefix_path')
[3.512s] INFO:colcon.colcon_core.shell:Creating environment hook '/home/Stage/LAB42_RTX_control/ros_control_ws/install/keyboard_control/share/keyboard_control/hook/cmake_prefix_path.ps1'
[3.512s] INFO:colcon.colcon_core.shell:Creating environment descriptor '/home/Stage/LAB42_RTX_control/ros_control_ws/install/keyboard_control/share/keyboard_control/hook/cmake_prefix_path.dsv'
[3.513s] INFO:colcon.colcon_core.shell:Creating environment hook '/home/Stage/LAB42_RTX_control/ros_control_ws/install/keyboard_control/share/keyboard_control/hook/cmake_prefix_path.sh'
[3.513s] Level 1:colcon.colcon_core.environment:checking '/home/Stage/LAB42_RTX_control/ros_control_ws/install/keyboard_control/lib'
[3.514s] Level 1:colcon.colcon_core.environment:checking '/home/Stage/LAB42_RTX_control/ros_control_ws/install/keyboard_control/bin'
[3.514s] Level 1:colcon.colcon_core.environment:checking '/home/Stage/LAB42_RTX_control/ros_control_ws/install/keyboard_control/lib/pkgconfig/keyboard_control.pc'
[3.514s] Level 1:colcon.colcon_core.environment:checking '/home/Stage/LAB42_RTX_control/ros_control_ws/install/keyboard_control/lib/python3.8/site-packages'
[3.514s] Level 1:colcon.colcon_core.environment:checking '/home/Stage/LAB42_RTX_control/ros_control_ws/install/keyboard_control/bin'
[3.514s] INFO:colcon.colcon_core.shell:Creating package script '/home/Stage/LAB42_RTX_control/ros_control_ws/install/keyboard_control/share/keyboard_control/package.ps1'
[3.515s] INFO:colcon.colcon_core.shell:Creating package descriptor '/home/Stage/LAB42_RTX_control/ros_control_ws/install/keyboard_control/share/keyboard_control/package.dsv'
[3.515s] INFO:colcon.colcon_core.shell:Creating package script '/home/Stage/LAB42_RTX_control/ros_control_ws/install/keyboard_control/share/keyboard_control/package.sh'
[3.516s] INFO:colcon.colcon_core.shell:Creating package script '/home/Stage/LAB42_RTX_control/ros_control_ws/install/keyboard_control/share/keyboard_control/package.bash'
[3.516s] INFO:colcon.colcon_core.shell:Creating package script '/home/Stage/LAB42_RTX_control/ros_control_ws/install/keyboard_control/share/keyboard_control/package.zsh'
[3.517s] Level 1:colcon.colcon_core.environment:create_file_with_runtime_dependencies(/home/Stage/LAB42_RTX_control/ros_control_ws/install/keyboard_control/share/colcon-core/packages/keyboard_control)
[3.517s] DEBUG:colcon.colcon_parallel_executor.executor.parallel:closing loop
[3.517s] DEBUG:colcon.colcon_parallel_executor.executor.parallel:loop closed
[3.517s] DEBUG:colcon.colcon_parallel_executor.executor.parallel:run_until_complete finished with '0'
[3.517s] DEBUG:colcon.colcon_core.event_reactor:joining thread
[3.523s] INFO:colcon.colcon_core.plugin_system:Skipping extension 'colcon_notification.desktop_notification.notify_send': Could not find 'notify-send'
[3.523s] INFO:colcon.colcon_core.plugin_system:Skipping extension 'colcon_notification.desktop_notification.terminal_notifier': Not used on non-Darwin systems
[3.523s] INFO:colcon.colcon_core.plugin_system:Skipping extension 'colcon_notification.desktop_notification.win32': Not used on non-Windows systems
[3.523s] INFO:colcon.colcon_notification.desktop_notification:Sending desktop notification using 'notify2'
[3.527s] DEBUG:colcon.colcon_notification.desktop_notification.notify2:Failed to initialize notify2: org.freedesktop.DBus.Error.Spawn.ExecFailed: /usr/bin/dbus-launch terminated abnormally with the following error: Authorization required, but no authorization protocol specified
Autolaunch error: X11 initialization failed.

[3.528s] DEBUG:colcon.colcon_core.event_reactor:joined thread
[3.529s] INFO:colcon.colcon_core.shell:Creating prefix script '/home/Stage/LAB42_RTX_control/ros_control_ws/install/local_setup.ps1'
[3.531s] INFO:colcon.colcon_core.shell:Creating prefix util module '/home/Stage/LAB42_RTX_control/ros_control_ws/install/_local_setup_util_ps1.py'
[3.533s] INFO:colcon.colcon_core.shell:Creating prefix chain script '/home/Stage/LAB42_RTX_control/ros_control_ws/install/setup.ps1'
[3.535s] INFO:colcon.colcon_core.shell:Creating prefix script '/home/Stage/LAB42_RTX_control/ros_control_ws/install/local_setup.sh'
[3.536s] INFO:colcon.colcon_core.shell:Creating prefix util module '/home/Stage/LAB42_RTX_control/ros_control_ws/install/_local_setup_util_sh.py'
[3.536s] INFO:colcon.colcon_core.shell:Creating prefix chain script '/home/Stage/LAB42_RTX_control/ros_control_ws/install/setup.sh'
[3.538s] INFO:colcon.colcon_core.shell:Creating prefix script '/home/Stage/LAB42_RTX_control/ros_control_ws/install/local_setup.bash'
[3.538s] INFO:colcon.colcon_core.shell:Creating prefix chain script '/home/Stage/LAB42_RTX_control/ros_control_ws/install/setup.bash'
[3.540s] INFO:colcon.colcon_core.shell:Creating prefix script '/home/Stage/LAB42_RTX_control/ros_control_ws/install/local_setup.zsh'
[3.540s] INFO:colcon.colcon_core.shell:Creating prefix chain script '/home/Stage/LAB42_RTX_control/ros_control_ws/install/setup.zsh'
