[0.011s] Invoking command in '/home/Stage/LAB42_RTX_control/build/keyboard_control': CMAKE_PREFIX_PATH=/opt/ros/foxy /usr/bin/cmake --build /home/Stage/LAB42_RTX_control/build/keyboard_control -- -j8 -l8
[0.043s] -- Found ament_cmake: 0.9.12 (/opt/ros/foxy/share/ament_cmake/cmake)
[0.064s] -- Using PYTHON_EXECUTABLE: /usr/bin/python3
[0.236s] -- Found rclcpp: 2.4.3 (/opt/ros/foxy/share/rclcpp/cmake)
[0.277s] -- Using all available rosidl_typesupport_c: rosidl_typesupport_fastrtps_c;rosidl_typesupport_introspection_c
[0.281s] -- Found rosidl_adapter: 1.3.1 (/opt/ros/foxy/share/rosidl_adapter/cmake)
[0.419s] -- Using all available rosidl_typesupport_cpp: rosidl_typesupport_fastrtps_cpp;rosidl_typesupport_introspection_cpp
[0.466s] -- Found rmw_implementation_cmake: 1.0.4 (/opt/ros/foxy/share/rmw_implementation_cmake/cmake)
[0.468s] -- Using RMW implementation 'rmw_fastrtps_cpp' as default
[0.601s] -- Found geometry_msgs: 2.0.5 (/opt/ros/foxy/share/geometry_msgs/cmake)
[0.634s] -- Found sensor_msgs: 2.0.5 (/opt/ros/foxy/share/sensor_msgs/cmake)
[0.698s] CMake Error at /opt/ros/foxy/share/ament_cmake_target_dependencies/cmake/ament_target_dependencies.cmake:42 (message):
[0.698s]   ament_target_dependencies() the first argument must be a valid target name
[0.698s] Call Stack (most recent call first):
[0.698s]   CMakeLists.txt:16 (ament_target_dependencies)
[0.698s] 
[0.698s] 
[0.699s] -- Configuring incomplete, errors occurred!
[0.699s] See also "/home/Stage/LAB42_RTX_control/build/keyboard_control/CMakeFiles/CMakeOutput.log".
[0.700s] See also "/home/Stage/LAB42_RTX_control/build/keyboard_control/CMakeFiles/CMakeError.log".
[0.707s] make: *** [Makefile:354: cmake_check_build_system] Error 1
[0.710s] Invoked command in '/home/Stage/LAB42_RTX_control/build/keyboard_control' returned '2': CMAKE_PREFIX_PATH=/opt/ros/foxy /usr/bin/cmake --build /home/Stage/LAB42_RTX_control/build/keyboard_control -- -j8 -l8
