[0.012s] Invoking command in '/home/Stage/LAB42_RTX_control/build/keyboard_control': CMAKE_PREFIX_PATH=${CMAKE_PREFIX_PATH}:/opt/ros/foxy /usr/bin/cmake --build /home/Stage/LAB42_RTX_control/build/keyboard_control -- -j8 -l8
[0.041s] -- Found ament_cmake: 0.9.12 (/opt/ros/foxy/share/ament_cmake/cmake)
[0.064s] -- Using PYTHON_EXECUTABLE: /usr/bin/python3
[0.236s] -- Found rclcpp: 2.4.3 (/opt/ros/foxy/share/rclcpp/cmake)
[0.275s] -- Using all available rosidl_typesupport_c: rosidl_typesupport_fastrtps_c;rosidl_typesupport_introspection_c
[0.279s] -- Found rosidl_adapter: 1.3.1 (/opt/ros/foxy/share/rosidl_adapter/cmake)
[0.424s] -- Using all available rosidl_typesupport_cpp: rosidl_typesupport_fastrtps_cpp;rosidl_typesupport_introspection_cpp
[0.473s] -- Found rmw_implementation_cmake: 1.0.4 (/opt/ros/foxy/share/rmw_implementation_cmake/cmake)
[0.474s] -- Using RMW implementation 'rmw_fastrtps_cpp' as default
[0.611s] -- Found geometry_msgs: 2.0.5 (/opt/ros/foxy/share/geometry_msgs/cmake)
[0.643s] -- Found sensor_msgs: 2.0.5 (/opt/ros/foxy/share/sensor_msgs/cmake)
[0.771s] -- Configuring done
[0.787s] -- Generating done
[0.795s] -- Build files have been written to: /home/Stage/LAB42_RTX_control/build/keyboard_control
[0.822s] [35m[1mScanning dependencies of target nodeKeyboardJointControl[0m
[0.847s] [ 66%] Built target nodeGripTester
[0.847s] [ 66%] Built target nodeKeyboardControl
[0.858s] [ 83%] [32mBuilding CXX object CMakeFiles/nodeKeyboardJointControl.dir/src/keyboard_joint_control.cpp.o[0m
[3.674s] [100%] [32m[1mLinking CXX executable nodeKeyboardJointControl[0m
[3.857s] [100%] Built target nodeKeyboardJointControl
[3.871s] Invoked command in '/home/Stage/LAB42_RTX_control/build/keyboard_control' returned '0': CMAKE_PREFIX_PATH=${CMAKE_PREFIX_PATH}:/opt/ros/foxy /usr/bin/cmake --build /home/Stage/LAB42_RTX_control/build/keyboard_control -- -j8 -l8
[3.886s] Invoking command in '/home/Stage/LAB42_RTX_control/build/keyboard_control': CMAKE_PREFIX_PATH=${CMAKE_PREFIX_PATH}:/opt/ros/foxy /usr/bin/cmake --install /home/Stage/LAB42_RTX_control/build/keyboard_control
[3.899s] -- Install configuration: ""
[3.900s] -- Up-to-date: /home/Stage/LAB42_RTX_control/install/keyboard_control/lib/keyboard_control/nodeGripTester
[3.900s] -- Up-to-date: /home/Stage/LAB42_RTX_control/install/keyboard_control/lib/keyboard_control/nodeKeyboardControl
[3.900s] -- Up-to-date: /home/Stage/LAB42_RTX_control/install/keyboard_control/share/ament_index/resource_index/package_run_dependencies/keyboard_control
[3.900s] -- Up-to-date: /home/Stage/LAB42_RTX_control/install/keyboard_control/share/ament_index/resource_index/parent_prefix_path/keyboard_control
[3.901s] -- Up-to-date: /home/Stage/LAB42_RTX_control/install/keyboard_control/share/keyboard_control/environment/ament_prefix_path.sh
[3.901s] -- Installing: /home/Stage/LAB42_RTX_control/install/keyboard_control/share/keyboard_control/environment/ament_prefix_path.dsv
[3.901s] -- Up-to-date: /home/Stage/LAB42_RTX_control/install/keyboard_control/share/keyboard_control/environment/path.sh
[3.901s] -- Installing: /home/Stage/LAB42_RTX_control/install/keyboard_control/share/keyboard_control/environment/path.dsv
[3.901s] -- Up-to-date: /home/Stage/LAB42_RTX_control/install/keyboard_control/share/keyboard_control/local_setup.bash
[3.901s] -- Up-to-date: /home/Stage/LAB42_RTX_control/install/keyboard_control/share/keyboard_control/local_setup.sh
[3.901s] -- Up-to-date: /home/Stage/LAB42_RTX_control/install/keyboard_control/share/keyboard_control/local_setup.zsh
[3.901s] -- Installing: /home/Stage/LAB42_RTX_control/install/keyboard_control/share/keyboard_control/local_setup.dsv
[3.901s] -- Installing: /home/Stage/LAB42_RTX_control/install/keyboard_control/share/keyboard_control/package.dsv
[3.902s] -- Up-to-date: /home/Stage/LAB42_RTX_control/install/keyboard_control/share/ament_index/resource_index/packages/keyboard_control
[3.902s] -- Up-to-date: /home/Stage/LAB42_RTX_control/install/keyboard_control/share/keyboard_control/cmake/keyboard_controlConfig.cmake
[3.902s] -- Up-to-date: /home/Stage/LAB42_RTX_control/install/keyboard_control/share/keyboard_control/cmake/keyboard_controlConfig-version.cmake
[3.902s] -- Up-to-date: /home/Stage/LAB42_RTX_control/install/keyboard_control/share/keyboard_control/package.xml
[3.904s] Invoked command in '/home/Stage/LAB42_RTX_control/build/keyboard_control' returned '0': CMAKE_PREFIX_PATH=${CMAKE_PREFIX_PATH}:/opt/ros/foxy /usr/bin/cmake --install /home/Stage/LAB42_RTX_control/build/keyboard_control
