[0.025s] Invoking command in '/home/Stage/LAB42_RTX_control/build/keyboard_control': CMAKE_PREFIX_PATH=/opt/ros/foxy /usr/bin/cmake /home/Stage/LAB42_RTX_control/ros_control_ws/src/keyboard_control -DCMAKE_INSTALL_PREFIX=/home/Stage/LAB42_RTX_control/install/keyboard_control
[1.028s] -- The C compiler identification is GNU 9.4.0
[1.385s] -- The CXX compiler identification is GNU 9.4.0
[1.433s] -- Check for working C compiler: /usr/bin/cc
[1.591s] -- Check for working C compiler: /usr/bin/cc -- works
[1.592s] -- Detecting C compiler ABI info
[1.694s] -- Detecting C compiler ABI info - done
[1.705s] -- Detecting C compile features
[1.705s] -- Detecting C compile features - done
[1.709s] -- Check for working CXX compiler: /usr/bin/c++
[1.800s] -- Check for working CXX compiler: /usr/bin/c++ -- works
[1.801s] -- Detecting CXX compiler ABI info
[1.895s] -- Detecting CXX compiler ABI info - done
[1.917s] -- Detecting CXX compile features
[1.918s] -- Detecting CXX compile features - done
[1.986s] -- Found ament_cmake: 0.9.12 (/opt/ros/foxy/share/ament_cmake/cmake)
[2.052s] -- Found PythonInterp: /usr/bin/python3 (found suitable version "3.8.10", minimum required is "3") 
[2.052s] -- Using PYTHON_EXECUTABLE: /usr/bin/python3
[2.320s] -- Found rclcpp: 2.4.3 (/opt/ros/foxy/share/rclcpp/cmake)
[2.732s] -- Using all available rosidl_typesupport_c: rosidl_typesupport_fastrtps_c;rosidl_typesupport_introspection_c
[2.792s] -- Found rosidl_adapter: 1.3.1 (/opt/ros/foxy/share/rosidl_adapter/cmake)
[3.369s] -- Found OpenSSL: /usr/lib/x86_64-linux-gnu/libcrypto.so (found version "1.1.1f")  
[3.416s] -- Found FastRTPS: /opt/ros/foxy/include  
[3.536s] -- Using all available rosidl_typesupport_cpp: rosidl_typesupport_fastrtps_cpp;rosidl_typesupport_introspection_cpp
[3.631s] -- Found rmw_implementation_cmake: 1.0.4 (/opt/ros/foxy/share/rmw_implementation_cmake/cmake)
[3.633s] -- Using RMW implementation 'rmw_fastrtps_cpp' as default
[3.651s] -- Looking for pthread.h
[3.908s] -- Looking for pthread.h - found
[3.908s] -- Performing Test CMAKE_HAVE_LIBC_PTHREAD
[4.029s] -- Performing Test CMAKE_HAVE_LIBC_PTHREAD - Failed
[4.029s] -- Looking for pthread_create in pthreads
[4.125s] -- Looking for pthread_create in pthreads - not found
[4.125s] -- Looking for pthread_create in pthread
[4.207s] -- Looking for pthread_create in pthread - found
[4.209s] -- Found Threads: TRUE  
[4.487s] -- Found geometry_msgs: 2.0.5 (/opt/ros/foxy/share/geometry_msgs/cmake)
[4.596s] -- Configuring done
[4.603s] -- Generating done
[4.622s] -- Build files have been written to: /home/Stage/LAB42_RTX_control/build/keyboard_control
[4.654s] Invoked command in '/home/Stage/LAB42_RTX_control/build/keyboard_control' returned '0': CMAKE_PREFIX_PATH=/opt/ros/foxy /usr/bin/cmake /home/Stage/LAB42_RTX_control/ros_control_ws/src/keyboard_control -DCMAKE_INSTALL_PREFIX=/home/Stage/LAB42_RTX_control/install/keyboard_control
[4.658s] Invoking command in '/home/Stage/LAB42_RTX_control/build/keyboard_control': CMAKE_PREFIX_PATH=/opt/ros/foxy /usr/bin/cmake --build /home/Stage/LAB42_RTX_control/build/keyboard_control -- -j8 -l8
[4.707s] [35m[1mScanning dependencies of target nodeGripTester[0m
[5.321s] [ 50%] [32mBuilding CXX object CMakeFiles/nodeGripTester.dir/src/command_publisher.cpp.o[0m
[9.494s] [100%] [32m[1mLinking CXX executable nodeGripTester[0m
[9.970s] [100%] Built target nodeGripTester
[9.999s] Invoked command in '/home/Stage/LAB42_RTX_control/build/keyboard_control' returned '0': CMAKE_PREFIX_PATH=/opt/ros/foxy /usr/bin/cmake --build /home/Stage/LAB42_RTX_control/build/keyboard_control -- -j8 -l8
[10.003s] Invoking command in '/home/Stage/LAB42_RTX_control/build/keyboard_control': CMAKE_PREFIX_PATH=/opt/ros/foxy /usr/bin/cmake --install /home/Stage/LAB42_RTX_control/build/keyboard_control
[10.012s] -- Install configuration: ""
[10.013s] -- Installing: /home/Stage/LAB42_RTX_control/install/keyboard_control/lib/keyboard_control/nodeGripTester
[10.013s] -- Set runtime path of "/home/Stage/LAB42_RTX_control/install/keyboard_control/lib/keyboard_control/nodeGripTester" to ""
[10.014s] -- Installing: /home/Stage/LAB42_RTX_control/install/keyboard_control/share/ament_index/resource_index/package_run_dependencies/keyboard_control
[10.014s] -- Installing: /home/Stage/LAB42_RTX_control/install/keyboard_control/share/ament_index/resource_index/parent_prefix_path/keyboard_control
[10.014s] -- Installing: /home/Stage/LAB42_RTX_control/install/keyboard_control/share/keyboard_control/environment/ament_prefix_path.sh
[10.015s] -- Installing: /home/Stage/LAB42_RTX_control/install/keyboard_control/share/keyboard_control/environment/ament_prefix_path.dsv
[10.016s] -- Installing: /home/Stage/LAB42_RTX_control/install/keyboard_control/share/keyboard_control/environment/path.sh
[10.016s] -- Installing: /home/Stage/LAB42_RTX_control/install/keyboard_control/share/keyboard_control/environment/path.dsv
[10.017s] -- Installing: /home/Stage/LAB42_RTX_control/install/keyboard_control/share/keyboard_control/local_setup.bash
[10.017s] -- Installing: /home/Stage/LAB42_RTX_control/install/keyboard_control/share/keyboard_control/local_setup.sh
[10.017s] -- Installing: /home/Stage/LAB42_RTX_control/install/keyboard_control/share/keyboard_control/local_setup.zsh
[10.018s] -- Installing: /home/Stage/LAB42_RTX_control/install/keyboard_control/share/keyboard_control/local_setup.dsv
[10.018s] -- Installing: /home/Stage/LAB42_RTX_control/install/keyboard_control/share/keyboard_control/package.dsv
[10.018s] -- Installing: /home/Stage/LAB42_RTX_control/install/keyboard_control/share/ament_index/resource_index/packages/keyboard_control
[10.018s] -- Installing: /home/Stage/LAB42_RTX_control/install/keyboard_control/share/keyboard_control/cmake/keyboard_controlConfig.cmake
[10.018s] -- Installing: /home/Stage/LAB42_RTX_control/install/keyboard_control/share/keyboard_control/cmake/keyboard_controlConfig-version.cmake
[10.018s] -- Installing: /home/Stage/LAB42_RTX_control/install/keyboard_control/share/keyboard_control/package.xml
[10.045s] Invoked command in '/home/Stage/LAB42_RTX_control/build/keyboard_control' returned '0': CMAKE_PREFIX_PATH=/opt/ros/foxy /usr/bin/cmake --install /home/Stage/LAB42_RTX_control/build/keyboard_control
