[0.029s] Invoking command in '/home/Stage/LAB42_RTX_control/ros_control_ws/build/keyboard_control': CMAKE_PREFIX_PATH=${CMAKE_PREFIX_PATH}:/opt/ros/foxy /usr/bin/cmake --build /home/Stage/LAB42_RTX_control/ros_control_ws/build/keyboard_control -- -j8 -l8
[0.111s] -- Found ament_cmake: 0.9.12 (/opt/ros/foxy/share/ament_cmake/cmake)
[0.136s] -- Using PYTHON_EXECUTABLE: /usr/bin/python3
[0.374s] -- Found rclcpp: 2.4.3 (/opt/ros/foxy/share/rclcpp/cmake)
[0.449s] -- Using all available rosidl_typesupport_c: rosidl_typesupport_fastrtps_c;rosidl_typesupport_introspection_c
[0.453s] -- Found rosidl_adapter: 1.3.1 (/opt/ros/foxy/share/rosidl_adapter/cmake)
[0.601s] -- Using all available rosidl_typesupport_cpp: rosidl_typesupport_fastrtps_cpp;rosidl_typesupport_introspection_cpp
[0.648s] -- Found rmw_implementation_cmake: 1.0.4 (/opt/ros/foxy/share/rmw_implementation_cmake/cmake)
[0.649s] -- Using RMW implementation 'rmw_fastrtps_cpp' as default
[0.782s] -- Found geometry_msgs: 2.0.5 (/opt/ros/foxy/share/geometry_msgs/cmake)
[0.814s] -- Found sensor_msgs: 2.0.5 (/opt/ros/foxy/share/sensor_msgs/cmake)
[0.945s] -- Configuring done
[0.961s] -- Generating done
[0.969s] -- Build files have been written to: /home/Stage/LAB42_RTX_control/ros_control_ws/build/keyboard_control
[0.998s] [35m[1mScanning dependencies of target nodeKeyboardJointControl[0m
[0.998s] [35m[1mScanning dependencies of target nodeKeyboardControl[0m
[1.000s] [35m[1mScanning dependencies of target nodeGripTester[0m
[1.035s] [ 16%] [32mBuilding CXX object CMakeFiles/nodeKeyboardControl.dir/src/keyboard_control.cpp.o[0m
[1.036s] [ 33%] [32mBuilding CXX object CMakeFiles/nodeKeyboardJointControl.dir/src/keyboard_joint_control.cpp.o[0m
[1.039s] [ 50%] [32mBuilding CXX object CMakeFiles/nodeGripTester.dir/src/command_publisher.cpp.o[0m
[4.018s] [ 66%] [32m[1mLinking CXX executable nodeKeyboardJointControl[0m
[4.217s] [ 66%] Built target nodeKeyboardJointControl
[4.652s] [ 83%] [32m[1mLinking CXX executable nodeGripTester[0m
[4.757s] [100%] [32m[1mLinking CXX executable nodeKeyboardControl[0m
[4.859s] [100%] Built target nodeGripTester
[4.977s] [100%] Built target nodeKeyboardControl
[4.990s] Invoked command in '/home/Stage/LAB42_RTX_control/ros_control_ws/build/keyboard_control' returned '0': CMAKE_PREFIX_PATH=${CMAKE_PREFIX_PATH}:/opt/ros/foxy /usr/bin/cmake --build /home/Stage/LAB42_RTX_control/ros_control_ws/build/keyboard_control -- -j8 -l8
[5.004s] Invoking command in '/home/Stage/LAB42_RTX_control/ros_control_ws/build/keyboard_control': CMAKE_PREFIX_PATH=${CMAKE_PREFIX_PATH}:/opt/ros/foxy /usr/bin/cmake --install /home/Stage/LAB42_RTX_control/ros_control_ws/build/keyboard_control
[5.013s] -- Install configuration: ""
[5.013s] -- Installing: /home/Stage/LAB42_RTX_control/ros_control_ws/install/keyboard_control/lib/keyboard_control/nodeGripTester
[5.014s] -- Set runtime path of "/home/Stage/LAB42_RTX_control/ros_control_ws/install/keyboard_control/lib/keyboard_control/nodeGripTester" to ""
[5.014s] -- Installing: /home/Stage/LAB42_RTX_control/ros_control_ws/install/keyboard_control/lib/keyboard_control/nodeKeyboardControl
[5.015s] -- Set runtime path of "/home/Stage/LAB42_RTX_control/ros_control_ws/install/keyboard_control/lib/keyboard_control/nodeKeyboardControl" to ""
[5.016s] -- Up-to-date: /home/Stage/LAB42_RTX_control/ros_control_ws/install/keyboard_control/share/ament_index/resource_index/package_run_dependencies/keyboard_control
[5.016s] -- Installing: /home/Stage/LAB42_RTX_control/ros_control_ws/install/keyboard_control/share/ament_index/resource_index/parent_prefix_path/keyboard_control
[5.016s] -- Up-to-date: /home/Stage/LAB42_RTX_control/ros_control_ws/install/keyboard_control/share/keyboard_control/environment/ament_prefix_path.sh
[5.016s] -- Installing: /home/Stage/LAB42_RTX_control/ros_control_ws/install/keyboard_control/share/keyboard_control/environment/ament_prefix_path.dsv
[5.016s] -- Up-to-date: /home/Stage/LAB42_RTX_control/ros_control_ws/install/keyboard_control/share/keyboard_control/environment/path.sh
[5.017s] -- Installing: /home/Stage/LAB42_RTX_control/ros_control_ws/install/keyboard_control/share/keyboard_control/environment/path.dsv
[5.017s] -- Up-to-date: /home/Stage/LAB42_RTX_control/ros_control_ws/install/keyboard_control/share/keyboard_control/local_setup.bash
[5.017s] -- Up-to-date: /home/Stage/LAB42_RTX_control/ros_control_ws/install/keyboard_control/share/keyboard_control/local_setup.sh
[5.017s] -- Up-to-date: /home/Stage/LAB42_RTX_control/ros_control_ws/install/keyboard_control/share/keyboard_control/local_setup.zsh
[5.017s] -- Installing: /home/Stage/LAB42_RTX_control/ros_control_ws/install/keyboard_control/share/keyboard_control/local_setup.dsv
[5.017s] -- Installing: /home/Stage/LAB42_RTX_control/ros_control_ws/install/keyboard_control/share/keyboard_control/package.dsv
[5.017s] -- Up-to-date: /home/Stage/LAB42_RTX_control/ros_control_ws/install/keyboard_control/share/ament_index/resource_index/packages/keyboard_control
[5.017s] -- Up-to-date: /home/Stage/LAB42_RTX_control/ros_control_ws/install/keyboard_control/share/keyboard_control/cmake/keyboard_controlConfig.cmake
[5.018s] -- Up-to-date: /home/Stage/LAB42_RTX_control/ros_control_ws/install/keyboard_control/share/keyboard_control/cmake/keyboard_controlConfig-version.cmake
[5.018s] -- Up-to-date: /home/Stage/LAB42_RTX_control/ros_control_ws/install/keyboard_control/share/keyboard_control/package.xml
[5.020s] Invoked command in '/home/Stage/LAB42_RTX_control/ros_control_ws/build/keyboard_control' returned '0': CMAKE_PREFIX_PATH=${CMAKE_PREFIX_PATH}:/opt/ros/foxy /usr/bin/cmake --install /home/Stage/LAB42_RTX_control/ros_control_ws/build/keyboard_control
