[0.012s] Invoking command in '/home/Stage/LAB42_RTX_control/build/keyboard_control': CMAKE_PREFIX_PATH=/opt/ros/foxy /usr/bin/cmake --build /home/Stage/LAB42_RTX_control/build/keyboard_control -- -j8 -l8
[0.089s] [100%] Built target nodeGripTester
[0.102s] Invoked command in '/home/Stage/LAB42_RTX_control/build/keyboard_control' returned '0': CMAKE_PREFIX_PATH=/opt/ros/foxy /usr/bin/cmake --build /home/Stage/LAB42_RTX_control/build/keyboard_control -- -j8 -l8
[0.118s] Invoking command in '/home/Stage/LAB42_RTX_control/build/keyboard_control': CMAKE_PREFIX_PATH=/opt/ros/foxy /usr/bin/cmake --install /home/Stage/LAB42_RTX_control/build/keyboard_control
[0.127s] -- Install configuration: ""
[0.128s] -- Up-to-date: /home/Stage/LAB42_RTX_control/install/keyboard_control/lib/keyboard_control/nodeGripTester
[0.128s] -- Up-to-date: /home/Stage/LAB42_RTX_control/install/keyboard_control/share/ament_index/resource_index/package_run_dependencies/keyboard_control
[0.128s] -- Up-to-date: /home/Stage/LAB42_RTX_control/install/keyboard_control/share/ament_index/resource_index/parent_prefix_path/keyboard_control
[0.128s] -- Up-to-date: /home/Stage/LAB42_RTX_control/install/keyboard_control/share/keyboard_control/environment/ament_prefix_path.sh
[0.128s] -- Up-to-date: /home/Stage/LAB42_RTX_control/install/keyboard_control/share/keyboard_control/environment/ament_prefix_path.dsv
[0.128s] -- Up-to-date: /home/Stage/LAB42_RTX_control/install/keyboard_control/share/keyboard_control/environment/path.sh
[0.129s] -- Up-to-date: /home/Stage/LAB42_RTX_control/install/keyboard_control/share/keyboard_control/environment/path.dsv
[0.129s] -- Up-to-date: /home/Stage/LAB42_RTX_control/install/keyboard_control/share/keyboard_control/local_setup.bash
[0.129s] -- Up-to-date: /home/Stage/LAB42_RTX_control/install/keyboard_control/share/keyboard_control/local_setup.sh
[0.129s] -- Up-to-date: /home/Stage/LAB42_RTX_control/install/keyboard_control/share/keyboard_control/local_setup.zsh
[0.129s] -- Up-to-date: /home/Stage/LAB42_RTX_control/install/keyboard_control/share/keyboard_control/local_setup.dsv
[0.129s] -- Installing: /home/Stage/LAB42_RTX_control/install/keyboard_control/share/keyboard_control/package.dsv
[0.129s] -- Up-to-date: /home/Stage/LAB42_RTX_control/install/keyboard_control/share/ament_index/resource_index/packages/keyboard_control
[0.129s] -- Up-to-date: /home/Stage/LAB42_RTX_control/install/keyboard_control/share/keyboard_control/cmake/keyboard_controlConfig.cmake
[0.129s] -- Up-to-date: /home/Stage/LAB42_RTX_control/install/keyboard_control/share/keyboard_control/cmake/keyboard_controlConfig-version.cmake
[0.129s] -- Up-to-date: /home/Stage/LAB42_RTX_control/install/keyboard_control/share/keyboard_control/package.xml
[0.132s] Invoked command in '/home/Stage/LAB42_RTX_control/build/keyboard_control' returned '0': CMAKE_PREFIX_PATH=/opt/ros/foxy /usr/bin/cmake --install /home/Stage/LAB42_RTX_control/build/keyboard_control
