[01m[K/home/Stage/LAB42_RTX_control/ros_control_ws/src/keyboard_control/src/command_publisher.cpp:[m[K In member function ‘[01m[Kvoid nodeKeyboardCommand::key_loop()[m[K’:
[01m[K/home/Stage/LAB42_RTX_control/ros_control_ws/src/keyboard_control/src/command_publisher.cpp:116:66:[m[K [01;31m[Kerror: [m[Kno matching function for call to ‘[01m[Kmin(float&, double)[m[K’
  116 |                 grip_pose = std::max(0.0, std::min(grip_pose, 0.1[01;31m[K)[m[K);
      |                                                                  [01;31m[K^[m[K
In file included from [01m[K/usr/include/c++/9/bits/char_traits.h:39[m[K,
                 from [01m[K/usr/include/c++/9/string:40[m[K,
                 from [01m[K/usr/include/c++/9/stdexcept:39[m[K,
                 from [01m[K/usr/include/c++/9/array:39[m[K,
                 from [01m[K/usr/include/c++/9/tuple:39[m[K,
                 from [01m[K/usr/include/c++/9/functional:54[m[K,
                 from [01m[K/home/Stage/LAB42_RTX_control/ros_control_ws/src/keyboard_control/src/command_publisher.cpp:2[m[K:
[01m[K/usr/include/c++/9/bits/stl_algobase.h:198:5:[m[K [01;36m[Knote: [m[Kcandidate: ‘[01m[Ktemplate<class _Tp> constexpr const _Tp& std::min(const _Tp&, const _Tp&)[m[K’
  198 |     [01;36m[Kmin[m[K(const _Tp& __a, const _Tp& __b)
      |     [01;36m[K^~~[m[K
[01m[K/usr/include/c++/9/bits/stl_algobase.h:198:5:[m[K [01;36m[Knote: [m[K  template argument deduction/substitution failed:
[01m[K/home/Stage/LAB42_RTX_control/ros_control_ws/src/keyboard_control/src/command_publisher.cpp:116:66:[m[K [01;36m[Knote: [m[K  deduced conflicting types for parameter ‘[01m[Kconst _Tp[m[K’ (‘[01m[Kfloat[m[K’ and ‘[01m[Kdouble[m[K’)
  116 |                 grip_pose = std::max(0.0, std::min(grip_pose, 0.1[01;36m[K)[m[K);
      |                                                                  [01;36m[K^[m[K
In file included from [01m[K/usr/include/c++/9/bits/char_traits.h:39[m[K,
                 from [01m[K/usr/include/c++/9/string:40[m[K,
                 from [01m[K/usr/include/c++/9/stdexcept:39[m[K,
                 from [01m[K/usr/include/c++/9/array:39[m[K,
                 from [01m[K/usr/include/c++/9/tuple:39[m[K,
                 from [01m[K/usr/include/c++/9/functional:54[m[K,
                 from [01m[K/home/Stage/LAB42_RTX_control/ros_control_ws/src/keyboard_control/src/command_publisher.cpp:2[m[K:
[01m[K/usr/include/c++/9/bits/stl_algobase.h:246:5:[m[K [01;36m[Knote: [m[Kcandidate: ‘[01m[Ktemplate<class _Tp, class _Compare> constexpr const _Tp& std::min(const _Tp&, const _Tp&, _Compare)[m[K’
  246 |     [01;36m[Kmin[m[K(const _Tp& __a, const _Tp& __b, _Compare __comp)
      |     [01;36m[K^~~[m[K
[01m[K/usr/include/c++/9/bits/stl_algobase.h:246:5:[m[K [01;36m[Knote: [m[K  template argument deduction/substitution failed:
[01m[K/home/Stage/LAB42_RTX_control/ros_control_ws/src/keyboard_control/src/command_publisher.cpp:116:66:[m[K [01;36m[Knote: [m[K  deduced conflicting types for parameter ‘[01m[Kconst _Tp[m[K’ (‘[01m[Kfloat[m[K’ and ‘[01m[Kdouble[m[K’)
  116 |                 grip_pose = std::max(0.0, std::min(grip_pose, 0.1[01;36m[K)[m[K);
      |                                                                  [01;36m[K^[m[K
In file included from [01m[K/usr/include/c++/9/algorithm:62[m[K,
                 from [01m[K/home/Stage/LAB42_RTX_control/ros_control_ws/src/keyboard_control/src/command_publisher.cpp:10[m[K:
[01m[K/usr/include/c++/9/bits/stl_algo.h:3450:5:[m[K [01;36m[Knote: [m[Kcandidate: ‘[01m[Ktemplate<class _Tp> constexpr _Tp std::min(std::initializer_list<_Tp>)[m[K’
 3450 |     [01;36m[Kmin[m[K(initializer_list<_Tp> __l)
      |     [01;36m[K^~~[m[K
[01m[K/usr/include/c++/9/bits/stl_algo.h:3450:5:[m[K [01;36m[Knote: [m[K  template argument deduction/substitution failed:
[01m[K/home/Stage/LAB42_RTX_control/ros_control_ws/src/keyboard_control/src/command_publisher.cpp:116:66:[m[K [01;36m[Knote: [m[K  mismatched types ‘[01m[Kstd::initializer_list<_Tp>[m[K’ and ‘[01m[Kfloat[m[K’
  116 |                 grip_pose = std::max(0.0, std::min(grip_pose, 0.1[01;36m[K)[m[K);
      |                                                                  [01;36m[K^[m[K
In file included from [01m[K/usr/include/c++/9/algorithm:62[m[K,
                 from [01m[K/home/Stage/LAB42_RTX_control/ros_control_ws/src/keyboard_control/src/command_publisher.cpp:10[m[K:
[01m[K/usr/include/c++/9/bits/stl_algo.h:3456:5:[m[K [01;36m[Knote: [m[Kcandidate: ‘[01m[Ktemplate<class _Tp, class _Compare> constexpr _Tp std::min(std::initializer_list<_Tp>, _Compare)[m[K’
 3456 |     [01;36m[Kmin[m[K(initializer_list<_Tp> __l, _Compare __comp)
      |     [01;36m[K^~~[m[K
[01m[K/usr/include/c++/9/bits/stl_algo.h:3456:5:[m[K [01;36m[Knote: [m[K  template argument deduction/substitution failed:
[01m[K/home/Stage/LAB42_RTX_control/ros_control_ws/src/keyboard_control/src/command_publisher.cpp:116:66:[m[K [01;36m[Knote: [m[K  mismatched types ‘[01m[Kstd::initializer_list<_Tp>[m[K’ and ‘[01m[Kfloat[m[K’
  116 |                 grip_pose = std::max(0.0, std::min(grip_pose, 0.1[01;36m[K)[m[K);
      |                                                                  [01;36m[K^[m[K
make[2]: *** [CMakeFiles/nodeGripTester.dir/build.make:63: CMakeFiles/nodeGripTester.dir/src/command_publisher.cpp.o] Error 1
make[1]: *** [CMakeFiles/Makefile2:78: CMakeFiles/nodeGripTester.dir/all] Error 2
make: *** [Makefile:141: all] Error 2
