[0.021s] Invoking command in '/home/Stage/LAB42_RTX_control/build/ros_interface_umi_rtx': CMAKE_PREFIX_PATH=/opt/ros/foxy /usr/bin/cmake /home/Stage/LAB42_RTX_control/ROS_ws/src/ros_interface_umi_rtx -DCMAKE_INSTALL_PREFIX=/home/Stage/LAB42_RTX_control/install/ros_interface_umi_rtx
[1.029s] -- The C compiler identification is GNU 9.4.0
[1.375s] -- The CXX compiler identification is GNU 9.4.0
[1.426s] -- Check for working C compiler: /usr/bin/cc
[1.582s] -- Check for working C compiler: /usr/bin/cc -- works
[1.584s] -- Detecting C compiler ABI info
[1.686s] -- Detecting C compiler ABI info - done
[1.696s] -- Detecting C compile features
[1.697s] -- Detecting C compile features - done
[1.700s] -- Check for working CXX compiler: /usr/bin/c++
[1.791s] -- Check for working CXX compiler: /usr/bin/c++ -- works
[1.792s] -- Detecting CXX compiler ABI info
[1.887s] -- Detecting CXX compiler ABI info - done
[1.908s] -- Detecting CXX compile features
[1.909s] -- Detecting CXX compile features - done
[1.977s] -- Found ament_cmake: 0.9.12 (/opt/ros/foxy/share/ament_cmake/cmake)
[2.043s] -- Found PythonInterp: /usr/bin/python3 (found suitable version "3.8.10", minimum required is "3") 
[2.043s] -- Using PYTHON_EXECUTABLE: /usr/bin/python3
[2.312s] -- Found rclcpp: 2.4.3 (/opt/ros/foxy/share/rclcpp/cmake)
[2.725s] -- Using all available rosidl_typesupport_c: rosidl_typesupport_fastrtps_c;rosidl_typesupport_introspection_c
[2.783s] -- Found rosidl_adapter: 1.3.1 (/opt/ros/foxy/share/rosidl_adapter/cmake)
[3.359s] -- Found OpenSSL: /usr/lib/x86_64-linux-gnu/libcrypto.so (found version "1.1.1f")  
[3.412s] -- Found FastRTPS: /opt/ros/foxy/include  
[3.528s] -- Using all available rosidl_typesupport_cpp: rosidl_typesupport_fastrtps_cpp;rosidl_typesupport_introspection_cpp
[3.622s] -- Found rmw_implementation_cmake: 1.0.4 (/opt/ros/foxy/share/rmw_implementation_cmake/cmake)
[3.624s] -- Using RMW implementation 'rmw_fastrtps_cpp' as default
[3.643s] -- Looking for pthread.h
[3.898s] -- Looking for pthread.h - found
[3.899s] -- Performing Test CMAKE_HAVE_LIBC_PTHREAD
[4.021s] -- Performing Test CMAKE_HAVE_LIBC_PTHREAD - Failed
[4.021s] -- Looking for pthread_create in pthreads
[4.117s] -- Looking for pthread_create in pthreads - not found
[4.117s] -- Looking for pthread_create in pthread
[4.198s] -- Looking for pthread_create in pthread - found
[4.200s] -- Found Threads: TRUE  
[4.478s] -- Found sensor_msgs: 2.0.5 (/opt/ros/foxy/share/sensor_msgs/cmake)
[4.695s] -- Found OpenCV: /usr (found version "4.2.0") 
[4.757s] -- Found cv_bridge: 3.0.7 (/opt/ros/foxy/share/cv_bridge/cmake)
[4.836s] -- Found image_transport: 2.4.0 (/opt/ros/foxy/share/image_transport/cmake)
[5.107s] -- pinocchio FOUND. pinocchio at /opt/ros/foxy/lib/x86_64-linux-gnu/libpinocchio.so
[5.108s] -- boost_filesystem FOUND. boost_filesystem at /lib/x86_64-linux-gnu/libboost_filesystem.so
[5.109s] -- boost_serialization FOUND. boost_serialization at /lib/x86_64-linux-gnu/libboost_serialization.so
[5.110s] -- boost_system FOUND. boost_system at /lib/x86_64-linux-gnu/libboost_system.so
[5.315s] -- Found Boost: /usr/include (found version "1.71.0") found components: filesystem serialization system 
[5.372s] -- eigenpy FOUND. eigenpy at /opt/ros/foxy/lib/x86_64-linux-gnu/libeigenpy.so
[6.040s] -- Found Python3: /usr/bin/python3 (found version "3.8.10") found components: Interpreter NumPy Development 
[6.041s] -- PythonLibraryDirs: /usr/lib/x86_64-linux-gnu
[6.041s] -- PythonLibVersionString: 3.8.10
[6.066s] -- Python site lib: lib/python3/dist-packages
[6.066s] -- Python include dirs: /usr/include/python3.8
[6.120s] -- Checking for NumPy
[6.261s] --   NUMPY_INCLUDE_DIRS=/usr/local/lib/python3.8/dist-packages/numpy/core/include
[6.394s] --   NUMPY_VERSION=1.24.4
[6.394s] -- NumPy include dir: /usr/local/lib/python3.8/dist-packages/numpy/core/include
[6.407s] -- Found Boost: /usr/include (found version "1.71.0") found components: python38 
[6.407s] -- Boost_PYTHON_LIBRARY: /usr/lib/x86_64-linux-gnu/libboost_python38.so
[6.426s] -- hpp-fcl FOUND. hpp-fcl at /opt/ros/foxy/lib/x86_64-linux-gnu/libhpp-fcl.so
[6.442s] -- Found Boost: /usr/include (found version "1.71.0") found components: chrono serialization 
[6.822s] -- Default C++ standard: 201402
[6.822s] -- Minimal C++ standard upgraded to 11
[6.822s] -- C++ standard sufficient: Minimal required 11, currently defined: 14
[6.857s] -- C++ standard sufficient: Minimal required 11, currently defined: 14
[6.940s] -- Found rviz_common: 8.2.8 (/opt/ros/foxy/share/rviz_common/cmake)
[7.031s] -- Setting OGRE_DIR to: '/opt/ros/foxy/share/rviz_ogre_vendor/cmake/../../../opt/rviz_ogre_vendor/lib/OGRE/cmake'
[7.044s] -- Found OGRE
[7.045s] --   static     : OFF
[7.045s] --   components : HLMS;MeshLodGenerator;Overlay;Paging;Property;RTShaderSystem;Terrain;Volume
[7.045s] --   plugins    : Plugin_BSPSceneManager;Plugin_OctreeSceneManager;Plugin_PCZSceneManager;Plugin_ParticleFX;RenderSystem_GL;RenderSystem_GL3Plus;Codec_STBI
[7.045s] --   media      : /opt/ros/foxy/opt/rviz_ogre_vendor/share/OGRE/Media
[7.045s] -- OGRE_LIBRARIES: OgreHLMS;OgreMeshLodGenerator;OgreOverlay;OgrePaging;OgreProperty;OgreRTShaderSystem;OgreTerrain;OgreVolume;OgreMain
[7.046s] -- OGRE_LIBRARY_DIRS: /opt/ros/foxy/opt/rviz_ogre_vendor/lib
[7.046s] -- OGRE_PLUGINS: Plugin_BSPSceneManager;Plugin_OctreeSceneManager;Plugin_PCZSceneManager;Plugin_ParticleFX;RenderSystem_GL;RenderSystem_GL3Plus;Codec_STBI
[7.046s] -- OGRE_PLUGIN_DIR: /opt/ros/foxy/opt/rviz_ogre_vendor/lib/OGRE
[7.046s] -- rviz_ogre_vendor::OgreOverlay for IMPORTED_LOCATION_RELEASE: /opt/ros/foxy/opt/rviz_ogre_vendor/lib/libOgreOverlay.so
[7.046s] -- rviz_ogre_vendor::OgreOverlay for IMPORTED_LOCATION_DEBUG: /opt/ros/foxy/opt/rviz_ogre_vendor/lib/libOgreOverlay.so
[7.046s] -- rviz_ogre_vendor::OgreMain for IMPORTED_LOCATION_RELEASE: /opt/ros/foxy/opt/rviz_ogre_vendor/lib/libOgreMain.so
[7.046s] -- rviz_ogre_vendor::OgreMain for IMPORTED_LOCATION_DEBUG: /opt/ros/foxy/opt/rviz_ogre_vendor/lib/libOgreMain.so
[7.047s] -- Could not find freeimage library
[7.114s] -- Found ZLIB: /usr/lib/x86_64-linux-gnu/libz.so (found version "1.2.11") 
[7.142s] -- Found OpenGL: /usr/lib/x86_64-linux-gnu/libOpenGL.so   
[7.324s] -- Found X11: /usr/include   
[7.325s] -- Looking for XOpenDisplay in /usr/lib/x86_64-linux-gnu/libX11.so;/usr/lib/x86_64-linux-gnu/libXext.so
[7.420s] -- Looking for XOpenDisplay in /usr/lib/x86_64-linux-gnu/libX11.so;/usr/lib/x86_64-linux-gnu/libXext.so - found
[7.420s] -- Looking for gethostbyname
[7.499s] -- Looking for gethostbyname - found
[7.499s] -- Looking for connect
[7.579s] -- Looking for connect - found
[7.579s] -- Looking for remove
[7.661s] -- Looking for remove - found
[7.661s] -- Looking for shmat
[7.739s] -- Looking for shmat - found
[7.739s] -- Looking for IceConnectionNumber in ICE
[7.830s] -- Looking for IceConnectionNumber in ICE - found
[7.834s] -- rviz_ogre_vendor::RenderSystem_GL for IMPORTED_LOCATION_RELEASE: _render_system_gl_static_library_abs-NOTFOUND
[7.834s] -- rviz_ogre_vendor::RenderSystem_GL for IMPORTED_LOCATION_DEBUG: _render_system_gl_static_library_abs-NOTFOUND
[7.873s] -- library: libassimp.so.5
[8.026s] -- library: /usr/lib/x86_64-linux-gnu/libcurl.so
[8.123s] -- Found Eigen3: TRUE (found version "3.3.7") 
[8.716s] -- Setting yaml-cpp_DIR to: '/opt/ros/foxy/share/yaml_cpp_vendor/cmake/../../../opt/yaml_cpp_vendor/lib/cmake/yaml-cpp'
[8.740s] -- Found rviz_default_plugins: 8.2.8 (/opt/ros/foxy/share/rviz_default_plugins/cmake)
[9.344s] -- Found ament_lint_auto: 0.9.8 (/opt/ros/foxy/share/ament_lint_auto/cmake)
[9.611s] -- Added test 'copyright' to check source files copyright and LICENSE
[9.712s] -- Added test 'cppcheck' to perform static code analysis on C / C++ code
[9.714s] -- Configured cppcheck include dirs: /home/Stage/LAB42_RTX_control/ROS_ws/src/ros_interface_umi_rtx/include;$<BUILD_INTERFACE:/home/Stage/LAB42_RTX_control/ROS_ws/src/ros_interface_umi_rtx/include>
[9.714s] -- Configured cppcheck exclude dirs and/or files: 
[9.758s] -- Added test 'cpplint' to check C / C++ code against the Google style
[9.758s] -- Configured cpplint exclude dirs and/or files: 
[9.768s] -- Added test 'flake8' to check Python code syntax and style conventions
[9.778s] -- Added test 'lint_cmake' to check CMake code style
[9.784s] -- Added test 'pep257' to check Python code against some of the style conventions in PEP 257
[9.808s] -- Added test 'uncrustify' to check C / C++ code style
[9.808s] -- Configured uncrustify additional arguments: 
[9.812s] -- Added test 'xmllint' to check XML markup files
[9.819s] -- Configuring done
[10.566s] -- Generating done
[10.604s] -- Build files have been written to: /home/Stage/LAB42_RTX_control/build/ros_interface_umi_rtx
[10.619s] Invoked command in '/home/Stage/LAB42_RTX_control/build/ros_interface_umi_rtx' returned '0': CMAKE_PREFIX_PATH=/opt/ros/foxy /usr/bin/cmake /home/Stage/LAB42_RTX_control/ROS_ws/src/ros_interface_umi_rtx -DCMAKE_INSTALL_PREFIX=/home/Stage/LAB42_RTX_control/install/ros_interface_umi_rtx
[10.622s] Invoking command in '/home/Stage/LAB42_RTX_control/build/ros_interface_umi_rtx': CMAKE_PREFIX_PATH=/opt/ros/foxy /usr/bin/cmake --build /home/Stage/LAB42_RTX_control/build/ros_interface_umi_rtx -- -j8 -l8
[10.674s] [35m[1mScanning dependencies of target nodeSimu_autogen[0m
[10.674s] [35m[1mScanning dependencies of target armerror_autogen[0m
[10.678s] [35m[1mScanning dependencies of target nodeInverseKinematics_autogen[0m
[10.678s] [35m[1mScanning dependencies of target armraw_autogen[0m
[10.678s] [35m[1mScanning dependencies of target armcmds_autogen[0m
[10.678s] [35m[1mScanning dependencies of target GUI_autogen[0m
[10.695s] [  5%] [34m[1mAutomatic MOC and UIC for target nodeSimu[0m
[10.695s] [  5%] [34m[1mAutomatic MOC and UIC for target armerror[0m
[10.708s] [ 10%] [34m[1mAutomatic MOC and UIC for target armcmds[0m
[10.708s] [ 10%] [34m[1mAutomatic MOC and UIC for target armraw[0m
[10.712s] [ 13%] [34m[1mAutomatic MOC and UIC for target GUI[0m
[10.712s] [ 15%] [34m[1mAutomatic MOC and UIC for target nodeInverseKinematics[0m
[10.748s] [ 15%] Built target nodeSimu_autogen
[10.754s] [ 15%] Built target armerror_autogen
[10.754s] [ 15%] Built target armcmds_autogen
[10.755s] [ 15%] Built target nodeInverseKinematics_autogen
[10.757s] [ 15%] Built target armraw_autogen
[10.757s] [ 15%] Built target GUI_autogen
[10.766s] [35m[1mScanning dependencies of target nodeSimu[0m
[10.767s] [35m[1mScanning dependencies of target armerror[0m
[10.769s] [35m[1mScanning dependencies of target armraw[0m
[10.769s] [35m[1mScanning dependencies of target armcmds[0m
[10.771s] [35m[1mScanning dependencies of target nodeInverseKinematics[0m
[10.774s] [35m[1mScanning dependencies of target GUI[0m
[10.780s] [ 21%] [32mBuilding CXX object CMakeFiles/armerror.dir/src/drivers/armlib/armerror.cpp.o[0m
[10.781s] [ 21%] [32mBuilding CXX object CMakeFiles/armerror.dir/armerror_autogen/mocs_compilation.cpp.o[0m
[10.795s] [01m[K/home/Stage/LAB42_RTX_control/ROS_ws/src/ros_interface_umi_rtx/src/drivers/armlib/armerror.cpp:[m[K In function ‘[01m[Kchar* armstrerror(int)[m[K’:
[10.795s] [01m[K/home/Stage/LAB42_RTX_control/ROS_ws/src/ros_interface_umi_rtx/src/drivers/armlib/armerror.cpp:56:9:[m[K [01;35m[Kwarning: [m[KISO C++ forbids converting a string constant to ‘[01m[Kchar*[m[K’ [[01;35m[K-Wwrite-strings[m[K]
[10.795s]    56 |  return [01;35m[K"Communication failure"[m[K;
[10.795s]       |         [01;35m[K^~~~~~~~~~~~~~~~~~~~~~~[m[K
[10.795s] [01m[K/home/Stage/LAB42_RTX_control/ROS_ws/src/ros_interface_umi_rtx/src/drivers/armlib/armerror.cpp:58:9:[m[K [01;35m[Kwarning: [m[KISO C++ forbids converting a string constant to ‘[01m[Kchar*[m[K’ [[01;35m[K-Wwrite-strings[m[K]
[10.795s]    58 |  return [01;35m[K"Communication not initialised"[m[K;
[10.795s]       |         [01;35m[K^~~~~~~~~~~~~~~~~~~~~~~~~~~~~~~[m[K
[10.795s] [01m[K/home/Stage/LAB42_RTX_control/ROS_ws/src/ros_interface_umi_rtx/src/drivers/armlib/armerror.cpp:62:9:[m[K [01;35m[Kwarning: [m[KISO C++ forbids converting a string constant to ‘[01m[Kchar*[m[K’ [[01;35m[K-Wwrite-strings[m[K]
[10.795s]    62 |  return [01;35m[K"No response"[m[K;
[10.795s]       |         [01;35m[K^~~~~~~~~~~~~[m[K
[10.795s] [01m[K/home/Stage/LAB42_RTX_control/ROS_ws/src/ros_interface_umi_rtx/src/drivers/armlib/armerror.cpp:64:9:[m[K [01;35m[Kwarning: [m[KISO C++ forbids converting a string constant to ‘[01m[Kchar*[m[K’ [[01;35m[K-Wwrite-strings[m[K]
[10.795s]    64 |  return [01;35m[K"Too many bytes in response"[m[K;
[10.796s]       |         [01;35m[K^~~~~~~~~~~~~~~~~~~~~~~~~~~~[m[K
[10.796s] [01m[K/home/Stage/LAB42_RTX_control/ROS_ws/src/ros_interface_umi_rtx/src/drivers/armlib/armerror.cpp:66:9:[m[K [01;35m[Kwarning: [m[KISO C++ forbids converting a string constant to ‘[01m[Kchar*[m[K’ [[01;35m[K-Wwrite-strings[m[K]
[10.796s]    66 |  return [01;35m[K"Not enough bytes in response"[m[K;
[10.796s]       |         [01;35m[K^~~~~~~~~~~~~~~~~~~~~~~~~~~~~~[m[K
[10.796s] [01m[K/home/Stage/LAB42_RTX_control/ROS_ws/src/ros_interface_umi_rtx/src/drivers/armlib/armerror.cpp:68:9:[m[K [01;35m[Kwarning: [m[KISO C++ forbids converting a string constant to ‘[01m[Kchar*[m[K’ [[01;35m[K-Wwrite-strings[m[K]
[10.796s]    68 |  return [01;35m[K"Unexpected response"[m[K;
[10.796s]       |         [01;35m[K^~~~~~~~~~~~~~~~~~~~~[m[K
[10.796s] [01m[K/home/Stage/LAB42_RTX_control/ROS_ws/src/ros_interface_umi_rtx/src/drivers/armlib/armerror.cpp:73:9:[m[K [01;35m[Kwarning: [m[KISO C++ forbids converting a string constant to ‘[01m[Kchar*[m[K’ [[01;35m[K-Wwrite-strings[m[K]
[10.796s]    73 |  return [01;35m[K"Reserved for future ROM releases"[m[K;
[10.796s]       |         [01;35m[K^~~~~~~~~~~~~~~~~~~~~~~~~~~~~~~~~~[m[K
[10.796s] [01m[K/home/Stage/LAB42_RTX_control/ROS_ws/src/ros_interface_umi_rtx/src/drivers/armlib/armerror.cpp:75:9:[m[K [01;35m[Kwarning: [m[KISO C++ forbids converting a string constant to ‘[01m[Kchar*[m[K’ [[01;35m[K-Wwrite-strings[m[K]
[10.796s]    75 |  return [01;35m[K"Axis busy, wait until axis is stopped"[m[K;
[10.796s]       |         [01;35m[K^~~~~~~~~~~~~~~~~~~~~~~~~~~~~~~~~~~~~~~[m[K
[10.796s] [01m[K/home/Stage/LAB42_RTX_control/ROS_ws/src/ros_interface_umi_rtx/src/drivers/armlib/armerror.cpp:77:9:[m[K [01;35m[Kwarning: [m[KISO C++ forbids converting a string constant to ‘[01m[Kchar*[m[K’ [[01;35m[K-Wwrite-strings[m[K]
[10.796s]    77 |  return [01;35m[K"IP command decoder busy, try again later"[m[K;
[10.796s]       |         [01;35m[K^~~~~~~~~~~~~~~~~~~~~~~~~~~~~~~~~~~~~~~~~~[m[K
[10.796s] [01m[K/home/Stage/LAB42_RTX_control/ROS_ws/src/ros_interface_umi_rtx/src/drivers/armlib/armerror.cpp:79:9:[m[K [01;35m[Kwarning: [m[KISO C++ forbids converting a string constant to ‘[01m[Kchar*[m[K’ [[01;35m[K-Wwrite-strings[m[K]
[10.796s]    79 |  return [01;35m[K"Parameter out of range"[m[K;
[10.796s]       |         [01;35m[K^~~~~~~~~~~~~~~~~~~~~~~~[m[K
[10.797s] [01m[K/home/Stage/LAB42_RTX_control/ROS_ws/src/ros_interface_umi_rtx/src/drivers/armlib/armerror.cpp:83:9:[m[K [01;35m[Kwarning: [m[KISO C++ forbids converting a string constant to ‘[01m[Kchar*[m[K’ [[01;35m[K-Wwrite-strings[m[K]
[10.797s]    83 |  return [01;35m[K"Read only variable"[m[K;
[10.797s]       |         [01;35m[K^~~~~~~~~~~~~~~~~~~~[m[K
[10.797s] [01m[K/home/Stage/LAB42_RTX_control/ROS_ws/src/ros_interface_umi_rtx/src/drivers/armlib/armerror.cpp:86:9:[m[K [01;35m[Kwarning: [m[KISO C++ forbids converting a string constant to ‘[01m[Kchar*[m[K’ [[01;35m[K-Wwrite-strings[m[K]
[10.797s]    86 |  return [01;35m[K"Selection out of range"[m[K;
[10.797s]       |         [01;35m[K^~~~~~~~~~~~~~~~~~~~~~~~[m[K
[10.797s] [01m[K/home/Stage/LAB42_RTX_control/ROS_ws/src/ros_interface_umi_rtx/src/drivers/armlib/armerror.cpp:89:9:[m[K [01;35m[Kwarning: [m[KISO C++ forbids converting a string constant to ‘[01m[Kchar*[m[K’ [[01;35m[K-Wwrite-strings[m[K]
[10.797s]    89 |  return [01;35m[K"Illegal command"[m[K;
[10.797s]       |         [01;35m[K^~~~~~~~~~~~~~~~~[m[K
[10.797s] [01m[K/home/Stage/LAB42_RTX_control/ROS_ws/src/ros_interface_umi_rtx/src/drivers/armlib/armerror.cpp:91:9:[m[K [01;35m[Kwarning: [m[KISO C++ forbids converting a string constant to ‘[01m[Kchar*[m[K’ [[01;35m[K-Wwrite-strings[m[K]
[10.797s]    91 |  return [01;35m[K"Not enough bytes in command"[m[K;
[10.797s]       |         [01;35m[K^~~~~~~~~~~~~~~~~~~~~~~~~~~~~[m[K
[10.797s] [01m[K/home/Stage/LAB42_RTX_control/ROS_ws/src/ros_interface_umi_rtx/src/drivers/armlib/armerror.cpp:93:9:[m[K [01;35m[Kwarning: [m[KISO C++ forbids converting a string constant to ‘[01m[Kchar*[m[K’ [[01;35m[K-Wwrite-strings[m[K]
[10.797s]    93 |  return [01;35m[K"Too many bytes in command"[m[K;
[10.797s]       |         [01;35m[K^~~~~~~~~~~~~~~~~~~~~~~~~~~[m[K
[10.798s] [01m[K/home/Stage/LAB42_RTX_control/ROS_ws/src/ros_interface_umi_rtx/src/drivers/armlib/armerror.cpp:95:9:[m[K [01;35m[Kwarning: [m[KISO C++ forbids converting a string constant to ‘[01m[Kchar*[m[K’ [[01;35m[K-Wwrite-strings[m[K]
[10.798s]    95 |  return [01;35m[K"Parity error"[m[K;
[10.798s]       |         [01;35m[K^~~~~~~~~~~~~~[m[K
[10.798s] [01m[K/home/Stage/LAB42_RTX_control/ROS_ws/src/ros_interface_umi_rtx/src/drivers/armlib/armerror.cpp:97:9:[m[K [01;35m[Kwarning: [m[KISO C++ forbids converting a string constant to ‘[01m[Kchar*[m[K’ [[01;35m[K-Wwrite-strings[m[K]
[10.798s]    97 |  return [01;35m[K"The IP was restarted. restart"[m[K;
[10.798s]       |         [01;35m[K^~~~~~~~~~~~~~~~~~~~~~~~~~~~~~~[m[K
[10.798s] [01m[K/home/Stage/LAB42_RTX_control/ROS_ws/src/ros_interface_umi_rtx/src/drivers/armlib/armerror.cpp:100:9:[m[K [01;35m[Kwarning: [m[KISO C++ forbids converting a string constant to ‘[01m[Kchar*[m[K’ [[01;35m[K-Wwrite-strings[m[K]
[10.798s]   100 |  return [01;35m[K"Checksum error"[m[K;
[10.798s]       |         [01;35m[K^~~~~~~~~~~~~~~~[m[K
[10.798s] [01m[K/home/Stage/LAB42_RTX_control/ROS_ws/src/ros_interface_umi_rtx/src/drivers/armlib/armerror.cpp:102:9:[m[K [01;35m[Kwarning: [m[KISO C++ forbids converting a string constant to ‘[01m[Kchar*[m[K’ [[01;35m[K-Wwrite-strings[m[K]
[10.798s]   102 |  return [01;35m[K"Parameter out of range"[m[K;
[10.798s]       |         [01;35m[K^~~~~~~~~~~~~~~~~~~~~~~~[m[K
[10.798s] [01m[K/home/Stage/LAB42_RTX_control/ROS_ws/src/ros_interface_umi_rtx/src/drivers/armlib/armerror.cpp:104:9:[m[K [01;35m[Kwarning: [m[KISO C++ forbids converting a string constant to ‘[01m[Kchar*[m[K’ [[01;35m[K-Wwrite-strings[m[K]
[10.798s]   104 |  return [01;35m[K"Toggle mode off (must be on for arm_interpolate)"[m[K;
[10.798s]       |         [01;35m[K^~~~~~~~~~~~~~~~~~~~~~~~~~~~~~~~~~~~~~~~~~~~~~~~~~[m[K
[10.799s] [01m[K/home/Stage/LAB42_RTX_control/ROS_ws/src/ros_interface_umi_rtx/src/drivers/armlib/armerror.cpp:106:9:[m[K [01;35m[Kwarning: [m[KISO C++ forbids converting a string constant to ‘[01m[Kchar*[m[K’ [[01;35m[K-Wwrite-strings[m[K]
[10.799s]   106 |  return [01;35m[K"Privileged command"[m[K;
[10.799s]       |         [01;35m[K^~~~~~~~~~~~~~~~~~~~[m[K
[10.799s] [01m[K/home/Stage/LAB42_RTX_control/ROS_ws/src/ros_interface_umi_rtx/src/drivers/armlib/armerror.cpp:108:9:[m[K [01;35m[Kwarning: [m[KISO C++ forbids converting a string constant to ‘[01m[Kchar*[m[K’ [[01;35m[K-Wwrite-strings[m[K]
[10.799s]   108 |  return [01;35m[K"RTX in use"[m[K;
[10.799s]       |         [01;35m[K^~~~~~~~~~~~[m[K
[10.799s] [01m[K/home/Stage/LAB42_RTX_control/ROS_ws/src/ros_interface_umi_rtx/src/drivers/armlib/armerror.cpp:110:9:[m[K [01;35m[Kwarning: [m[KISO C++ forbids converting a string constant to ‘[01m[Kchar*[m[K’ [[01;35m[K-Wwrite-strings[m[K]
[10.799s]   110 |  return [01;35m[K"Command not supported"[m[K;
[10.799s]       |         [01;35m[K^~~~~~~~~~~~~~~~~~~~~~~[m[K
[10.799s] [01m[K/home/Stage/LAB42_RTX_control/ROS_ws/src/ros_interface_umi_rtx/src/drivers/armlib/armerror.cpp:112:9:[m[K [01;35m[Kwarning: [m[KISO C++ forbids converting a string constant to ‘[01m[Kchar*[m[K’ [[01;35m[K-Wwrite-strings[m[K]
[10.799s]   112 |  return [01;35m[K"Cannot connect to daemon"[m[K;
[10.799s]       |         [01;35m[K^~~~~~~~~~~~~~~~~~~~~~~~~~[m[K
[10.799s] [01m[K/home/Stage/LAB42_RTX_control/ROS_ws/src/ros_interface_umi_rtx/src/drivers/armlib/armerror.cpp:114:9:[m[K [01;35m[Kwarning: [m[KISO C++ forbids converting a string constant to ‘[01m[Kchar*[m[K’ [[01;35m[K-Wwrite-strings[m[K]
[10.799s]   114 |  return [01;35m[K"Lost connection to RTX daemon"[m[K;
[10.799s]       |         [01;35m[K^~~~~~~~~~~~~~~~~~~~~~~~~~~~~~~[m[K
[10.799s] [01m[K/home/Stage/LAB42_RTX_control/ROS_ws/src/ros_interface_umi_rtx/src/drivers/armlib/armerror.cpp:116:9:[m[K [01;35m[Kwarning: [m[KISO C++ forbids converting a string constant to ‘[01m[Kchar*[m[K’ [[01;35m[K-Wwrite-strings[m[K]
[10.799s]   116 |  return [01;35m[K"Connection read-only"[m[K;
[10.799s]       |         [01;35m[K^~~~~~~~~~~~~~~~~~~~~~[m[K
[10.820s] [ 26%] [32mBuilding CXX object CMakeFiles/armraw.dir/src/drivers/armlib/armraw.cpp.o[0m
[10.821s] [ 26%] [32mBuilding CXX object CMakeFiles/armraw.dir/armraw_autogen/mocs_compilation.cpp.o[0m
[10.873s] [ 28%] [32m[1mLinking CXX static library libarmerror.a[0m
[10.970s] [ 34%] [32mBuilding CXX object CMakeFiles/armcmds.dir/armcmds_autogen/mocs_compilation.cpp.o[0m
[10.970s] [ 34%] [32mBuilding CXX object CMakeFiles/armcmds.dir/src/drivers/armlib/armcmds.cpp.o[0m
[11.110s] [ 34%] Built target armerror
[11.157s] [ 36%] [32mBuilding CXX object CMakeFiles/nodeSimu.dir/nodeSimu_autogen/mocs_compilation.cpp.o[0m
[11.239s] [ 39%] [32m[1mLinking CXX static library libarmcmds.a[0m
[11.356s] [ 39%] Built target armcmds
[11.371s] [ 42%] [32mBuilding CXX object CMakeFiles/nodeSimu.dir/src/node_simu.cpp.o[0m
[11.925s] [01m[K/home/Stage/LAB42_RTX_control/ROS_ws/src/ros_interface_umi_rtx/src/drivers/armlib/armraw.cpp:[m[K In function ‘[01m[Kvoid freertx(int, void*)[m[K’:
[11.925s] [01m[K/home/Stage/LAB42_RTX_control/ROS_ws/src/ros_interface_umi_rtx/src/drivers/armlib/armraw.cpp:90:25:[m[K [01;35m[Kwarning: [m[Kunused parameter ‘[01m[Kstatus[m[K’ [[01;35m[K-Wunused-parameter[m[K]
[11.925s]    90 | static void freertx([01;35m[Kint status[m[K, void *arg)
[11.925s]       |                     [01;35m[K~~~~^~~~~~[m[K
[11.925s] [01m[K/home/Stage/LAB42_RTX_control/ROS_ws/src/ros_interface_umi_rtx/src/drivers/armlib/armraw.cpp:90:39:[m[K [01;35m[Kwarning: [m[Kunused parameter ‘[01m[Karg[m[K’ [[01;35m[K-Wunused-parameter[m[K]
[11.925s]    90 | static void freertx(int status, [01;35m[Kvoid *arg[m[K)
[11.925s]       |                                 [01;35m[K~~~~~~^~~[m[K
[11.928s] [01m[K/home/Stage/LAB42_RTX_control/ROS_ws/src/ros_interface_umi_rtx/src/drivers/armlib/armraw.cpp:[m[K In function ‘[01m[Kchar* rtxstrcommand(int)[m[K’:
[11.928s] [01m[K/home/Stage/LAB42_RTX_control/ROS_ws/src/ros_interface_umi_rtx/src/drivers/armlib/armraw.cpp:449:16:[m[K [01;35m[Kwarning: [m[KISO C++ forbids converting a string constant to ‘[01m[Kchar*[m[K’ [[01;35m[K-Wwrite-strings[m[K]
[11.928s]   449 |         return [01;35m[K"RTX_CMD_FIRST"[m[K;
[11.928s]       |                [01;35m[K^~~~~~~~~~~~~~~[m[K
[11.928s] [01m[K/home/Stage/LAB42_RTX_control/ROS_ws/src/ros_interface_umi_rtx/src/drivers/armlib/armraw.cpp:451:16:[m[K [01;35m[Kwarning: [m[KISO C++ forbids converting a string constant to ‘[01m[Kchar*[m[K’ [[01;35m[K-Wwrite-strings[m[K]
[11.928s]   451 |         return [01;35m[K"RTX_CMD_QUIT"[m[K;
[11.928s]       |                [01;35m[K^~~~~~~~~~~~~~[m[K
[11.928s] [01m[K/home/Stage/LAB42_RTX_control/ROS_ws/src/ros_interface_umi_rtx/src/drivers/armlib/armraw.cpp:453:16:[m[K [01;35m[Kwarning: [m[KISO C++ forbids converting a string constant to ‘[01m[Kchar*[m[K’ [[01;35m[K-Wwrite-strings[m[K]
[11.929s]   453 |         return [01;35m[K"RTX_CMD_ABORT"[m[K;
[11.929s]       |                [01;35m[K^~~~~~~~~~~~~~~[m[K
[11.929s] [01m[K/home/Stage/LAB42_RTX_control/ROS_ws/src/ros_interface_umi_rtx/src/drivers/armlib/armraw.cpp:455:16:[m[K [01;35m[Kwarning: [m[KISO C++ forbids converting a string constant to ‘[01m[Kchar*[m[K’ [[01;35m[K-Wwrite-strings[m[K]
[11.929s]   455 |         return [01;35m[K"RTX_CMD_GET_NCON"[m[K;
[11.929s]       |                [01;35m[K^~~~~~~~~~~~~~~~~~[m[K
[11.929s] [01m[K/home/Stage/LAB42_RTX_control/ROS_ws/src/ros_interface_umi_rtx/src/drivers/armlib/armraw.cpp:457:16:[m[K [01;35m[Kwarning: [m[KISO C++ forbids converting a string constant to ‘[01m[Kchar*[m[K’ [[01;35m[K-Wwrite-strings[m[K]
[11.929s]   457 |         return [01;35m[K"RTX_CMD_GET_CON"[m[K;
[11.929s]       |                [01;35m[K^~~~~~~~~~~~~~~~~[m[K
[11.929s] [01m[K/home/Stage/LAB42_RTX_control/ROS_ws/src/ros_interface_umi_rtx/src/drivers/armlib/armraw.cpp:459:16:[m[K [01;35m[Kwarning: [m[KISO C++ forbids converting a string constant to ‘[01m[Kchar*[m[K’ [[01;35m[K-Wwrite-strings[m[K]
[11.929s]   459 |         return [01;35m[K"RTX_CMD_GET_CON"[m[K;
[11.929s]       |                [01;35m[K^~~~~~~~~~~~~~~~~[m[K
[11.929s] [01m[K/home/Stage/LAB42_RTX_control/ROS_ws/src/ros_interface_umi_rtx/src/drivers/armlib/armraw.cpp:461:16:[m[K [01;35m[Kwarning: [m[KISO C++ forbids converting a string constant to ‘[01m[Kchar*[m[K’ [[01;35m[K-Wwrite-strings[m[K]
[11.929s]   461 |         return [01;35m[K"RTX_CMD_PRIV"[m[K;
[11.929s]       |                [01;35m[K^~~~~~~~~~~~~~[m[K
[11.929s] [01m[K/home/Stage/LAB42_RTX_control/ROS_ws/src/ros_interface_umi_rtx/src/drivers/armlib/armraw.cpp:463:16:[m[K [01;35m[Kwarning: [m[KISO C++ forbids converting a string constant to ‘[01m[Kchar*[m[K’ [[01;35m[K-Wwrite-strings[m[K]
[11.929s]   463 |         return [01;35m[K"RTX_CMD_READ_WRITE"[m[K;
[11.929s]       |                [01;35m[K^~~~~~~~~~~~~~~~~~~~[m[K
[11.930s] [01m[K/home/Stage/LAB42_RTX_control/ROS_ws/src/ros_interface_umi_rtx/src/drivers/armlib/armraw.cpp:465:16:[m[K [01;35m[Kwarning: [m[KISO C++ forbids converting a string constant to ‘[01m[Kchar*[m[K’ [[01;35m[K-Wwrite-strings[m[K]
[11.930s]   465 |         return [01;35m[K"RTX_CMD_READ_ONLY"[m[K;
[11.930s]       |                [01;35m[K^~~~~~~~~~~~~~~~~~~[m[K
[11.930s] [01m[K/home/Stage/LAB42_RTX_control/ROS_ws/src/ros_interface_umi_rtx/src/drivers/armlib/armraw.cpp:467:16:[m[K [01;35m[Kwarning: [m[KISO C++ forbids converting a string constant to ‘[01m[Kchar*[m[K’ [[01;35m[K-Wwrite-strings[m[K]
[11.930s]   467 |         return [01;35m[K"RTX_CMD_GET_PARAMS"[m[K;
[11.930s]       |                [01;35m[K^~~~~~~~~~~~~~~~~~~~[m[K
[11.930s] [01m[K/home/Stage/LAB42_RTX_control/ROS_ws/src/ros_interface_umi_rtx/src/drivers/armlib/armraw.cpp:469:16:[m[K [01;35m[Kwarning: [m[KISO C++ forbids converting a string constant to ‘[01m[Kchar*[m[K’ [[01;35m[K-Wwrite-strings[m[K]
[11.930s]   469 |         return [01;35m[K"RTX_CMD_SET_PARAMS"[m[K;
[11.930s]       |                [01;35m[K^~~~~~~~~~~~~~~~~~~~[m[K
[11.930s] [01m[K/home/Stage/LAB42_RTX_control/ROS_ws/src/ros_interface_umi_rtx/src/drivers/armlib/armraw.cpp:473:16:[m[K [01;35m[Kwarning: [m[KISO C++ forbids converting a string constant to ‘[01m[Kchar*[m[K’ [[01;35m[K-Wwrite-strings[m[K]
[11.930s]   473 |         return [01;35m[K"RTX_CMD_RAW"[m[K;
[11.930s]       |                [01;35m[K^~~~~~~~~~~~~[m[K
[11.930s] [01m[K/home/Stage/LAB42_RTX_control/ROS_ws/src/ros_interface_umi_rtx/src/drivers/armlib/armraw.cpp:475:16:[m[K [01;35m[Kwarning: [m[KISO C++ forbids converting a string constant to ‘[01m[Kchar*[m[K’ [[01;35m[K-Wwrite-strings[m[K]
[11.930s]   475 |         return [01;35m[K"RTX_CMD_RESTART"[m[K;
[11.930s]       |                [01;35m[K^~~~~~~~~~~~~~~~~[m[K
[11.930s] [01m[K/home/Stage/LAB42_RTX_control/ROS_ws/src/ros_interface_umi_rtx/src/drivers/armlib/armraw.cpp:477:16:[m[K [01;35m[Kwarning: [m[KISO C++ forbids converting a string constant to ‘[01m[Kchar*[m[K’ [[01;35m[K-Wwrite-strings[m[K]
[11.930s]   477 |         return [01;35m[K"RTX_CMD_DEFINE_HOME"[m[K;
[11.930s]       |                [01;35m[K^~~~~~~~~~~~~~~~~~~~~[m[K
[11.930s] [01m[K/home/Stage/LAB42_RTX_control/ROS_ws/src/ros_interface_umi_rtx/src/drivers/armlib/armraw.cpp:479:16:[m[K [01;35m[Kwarning: [m[KISO C++ forbids converting a string constant to ‘[01m[Kchar*[m[K’ [[01;35m[K-Wwrite-strings[m[K]
[11.930s]   479 |         return [01;35m[K"RTX_CMD_RELOAD_PIDS"[m[K;
[11.931s]       |                [01;35m[K^~~~~~~~~~~~~~~~~~~~~[m[K
[11.931s] [01m[K/home/Stage/LAB42_RTX_control/ROS_ws/src/ros_interface_umi_rtx/src/drivers/armlib/armraw.cpp:481:16:[m[K [01;35m[Kwarning: [m[KISO C++ forbids converting a string constant to ‘[01m[Kchar*[m[K’ [[01;35m[K-Wwrite-strings[m[K]
[11.931s]   481 |         return [01;35m[K"RTX_CMD_SET_MODE"[m[K;
[11.931s]       |                [01;35m[K^~~~~~~~~~~~~~~~~~[m[K
[11.931s] [01m[K/home/Stage/LAB42_RTX_control/ROS_ws/src/ros_interface_umi_rtx/src/drivers/armlib/armraw.cpp:483:16:[m[K [01;35m[Kwarning: [m[KISO C++ forbids converting a string constant to ‘[01m[Kchar*[m[K’ [[01;35m[K-Wwrite-strings[m[K]
[11.931s]   483 |         return [01;35m[K"RTX_CMD_STOP"[m[K;
[11.931s]       |                [01;35m[K^~~~~~~~~~~~~~[m[K
[11.931s] [01m[K/home/Stage/LAB42_RTX_control/ROS_ws/src/ros_interface_umi_rtx/src/drivers/armlib/armraw.cpp:485:16:[m[K [01;35m[Kwarning: [m[KISO C++ forbids converting a string constant to ‘[01m[Kchar*[m[K’ [[01;35m[K-Wwrite-strings[m[K]
[11.931s]   485 |         return [01;35m[K"RTX_CMD_GO"[m[K;
[11.931s]       |                [01;35m[K^~~~~~~~~~~~[m[K
[11.931s] [01m[K/home/Stage/LAB42_RTX_control/ROS_ws/src/ros_interface_umi_rtx/src/drivers/armlib/armraw.cpp:487:16:[m[K [01;35m[Kwarning: [m[KISO C++ forbids converting a string constant to ‘[01m[Kchar*[m[K’ [[01;35m[K-Wwrite-strings[m[K]
[11.931s]   487 |         return [01;35m[K"RTX_CMD_WRITE"[m[K;
[11.931s]       |                [01;35m[K^~~~~~~~~~~~~~~[m[K
[11.932s] [01m[K/home/Stage/LAB42_RTX_control/ROS_ws/src/ros_interface_umi_rtx/src/drivers/armlib/armraw.cpp:489:16:[m[K [01;35m[Kwarning: [m[KISO C++ forbids converting a string constant to ‘[01m[Kchar*[m[K’ [[01;35m[K-Wwrite-strings[m[K]
[11.932s]   489 |         return [01;35m[K"RTX_CMD_INTERPOLATE"[m[K;
[11.932s]       |                [01;35m[K^~~~~~~~~~~~~~~~~~~~~[m[K
[11.932s] [01m[K/home/Stage/LAB42_RTX_control/ROS_ws/src/ros_interface_umi_rtx/src/drivers/armlib/armraw.cpp:491:16:[m[K [01;35m[Kwarning: [m[KISO C++ forbids converting a string constant to ‘[01m[Kchar*[m[K’ [[01;35m[K-Wwrite-strings[m[K]
[11.932s]   491 |         return [01;35m[K"RTX_CMD_SOAK"[m[K;
[11.932s]       |                [01;35m[K^~~~~~~~~~~~~~[m[K
[11.932s] [01m[K/home/Stage/LAB42_RTX_control/ROS_ws/src/ros_interface_umi_rtx/src/drivers/armlib/armraw.cpp:493:16:[m[K [01;35m[Kwarning: [m[KISO C++ forbids converting a string constant to ‘[01m[Kchar*[m[K’ [[01;35m[K-Wwrite-strings[m[K]
[11.932s]   493 |         return [01;35m[K"RTX_CMD_INIT"[m[K;
[11.932s]       |                [01;35m[K^~~~~~~~~~~~~~[m[K
[11.932s] [01m[K/home/Stage/LAB42_RTX_control/ROS_ws/src/ros_interface_umi_rtx/src/drivers/armlib/armraw.cpp:498:16:[m[K [01;35m[Kwarning: [m[KISO C++ forbids converting a string constant to ‘[01m[Kchar*[m[K’ [[01;35m[K-Wwrite-strings[m[K]
[11.932s]   498 |         return [01;35m[K"RTX_CMD_STATUS"[m[K;
[11.932s]       |                [01;35m[K^~~~~~~~~~~~~~~~[m[K
[12.033s] [ 44%] [32m[1mLinking CXX static library libarmraw.a[0m
[12.087s] [ 44%] Built target armraw
[12.099s] [35m[1mScanning dependencies of target nodeArm_autogen[0m
[12.111s] [ 47%] [34m[1mAutomatic MOC and UIC for target nodeArm[0m
[12.179s] [ 47%] Built target nodeArm_autogen
[12.192s] [35m[1mScanning dependencies of target nodeArm[0m
[12.259s] [ 50%] [32mBuilding CXX object CMakeFiles/nodeArm.dir/nodeArm_autogen/mocs_compilation.cpp.o[0m
[12.265s] [ 52%] [32mBuilding CXX object CMakeFiles/nodeArm.dir/src/drivers/armlib/armcmds.cpp.o[0m
[12.267s] [ 57%] [32mBuilding CXX object CMakeFiles/nodeArm.dir/src/drivers/armlib/armerror.cpp.o[0m
[12.267s] [ 57%] [32mBuilding CXX object CMakeFiles/nodeArm.dir/src/node_arm.cpp.o[0m
[12.268s] [ 60%] [32mBuilding CXX object CMakeFiles/nodeArm.dir/src/drivers/armlib/armraw.cpp.o[0m
[12.290s] [01m[K/home/Stage/LAB42_RTX_control/ROS_ws/src/ros_interface_umi_rtx/src/drivers/armlib/armerror.cpp:[m[K In function ‘[01m[Kchar* armstrerror(int)[m[K’:
[12.290s] [01m[K/home/Stage/LAB42_RTX_control/ROS_ws/src/ros_interface_umi_rtx/src/drivers/armlib/armerror.cpp:56:9:[m[K [01;35m[Kwarning: [m[KISO C++ forbids converting a string constant to ‘[01m[Kchar*[m[K’ [[01;35m[K-Wwrite-strings[m[K]
[12.290s]    56 |  return [01;35m[K"Communication failure"[m[K;
[12.290s]       |         [01;35m[K^~~~~~~~~~~~~~~~~~~~~~~[m[K
[12.290s] [01m[K/home/Stage/LAB42_RTX_control/ROS_ws/src/ros_interface_umi_rtx/src/drivers/armlib/armerror.cpp:58:9:[m[K [01;35m[Kwarning: [m[KISO C++ forbids converting a string constant to ‘[01m[Kchar*[m[K’ [[01;35m[K-Wwrite-strings[m[K]
[12.291s]    58 |  return [01;35m[K"Communication not initialised"[m[K;
[12.291s]       |         [01;35m[K^~~~~~~~~~~~~~~~~~~~~~~~~~~~~~~[m[K
[12.291s] [01m[K/home/Stage/LAB42_RTX_control/ROS_ws/src/ros_interface_umi_rtx/src/drivers/armlib/armerror.cpp:62:9:[m[K [01;35m[Kwarning: [m[KISO C++ forbids converting a string constant to ‘[01m[Kchar*[m[K’ [[01;35m[K-Wwrite-strings[m[K]
[12.291s]    62 |  return [01;35m[K"No response"[m[K;
[12.291s]       |         [01;35m[K^~~~~~~~~~~~~[m[K
[12.291s] [01m[K/home/Stage/LAB42_RTX_control/ROS_ws/src/ros_interface_umi_rtx/src/drivers/armlib/armerror.cpp:64:9:[m[K [01;35m[Kwarning: [m[KISO C++ forbids converting a string constant to ‘[01m[Kchar*[m[K’ [[01;35m[K-Wwrite-strings[m[K]
[12.291s]    64 |  return [01;35m[K"Too many bytes in response"[m[K;
[12.291s]       |         [01;35m[K^~~~~~~~~~~~~~~~~~~~~~~~~~~~[m[K
[12.291s] [01m[K/home/Stage/LAB42_RTX_control/ROS_ws/src/ros_interface_umi_rtx/src/drivers/armlib/armerror.cpp:66:9:[m[K [01;35m[Kwarning: [m[KISO C++ forbids converting a string constant to ‘[01m[Kchar*[m[K’ [[01;35m[K-Wwrite-strings[m[K]
[12.292s]    66 |  return [01;35m[K"Not enough bytes in response"[m[K;
[12.292s]       |         [01;35m[K^~~~~~~~~~~~~~~~~~~~~~~~~~~~~~[m[K
[12.292s] [01m[K/home/Stage/LAB42_RTX_control/ROS_ws/src/ros_interface_umi_rtx/src/drivers/armlib/armerror.cpp:68:9:[m[K [01;35m[Kwarning: [m[KISO C++ forbids converting a string constant to ‘[01m[Kchar*[m[K’ [[01;35m[K-Wwrite-strings[m[K]
[12.292s]    68 |  return [01;35m[K"Unexpected response"[m[K;
[12.292s]       |         [01;35m[K^~~~~~~~~~~~~~~~~~~~~[m[K
[12.292s] [01m[K/home/Stage/LAB42_RTX_control/ROS_ws/src/ros_interface_umi_rtx/src/drivers/armlib/armerror.cpp:73:9:[m[K [01;35m[Kwarning: [m[KISO C++ forbids converting a string constant to ‘[01m[Kchar*[m[K’ [[01;35m[K-Wwrite-strings[m[K]
[12.292s]    73 |  return [01;35m[K"Reserved for future ROM releases"[m[K;
[12.292s]       |         [01;35m[K^~~~~~~~~~~~~~~~~~~~~~~~~~~~~~~~~~[m[K
[12.292s] [01m[K/home/Stage/LAB42_RTX_control/ROS_ws/src/ros_interface_umi_rtx/src/drivers/armlib/armerror.cpp:75:9:[m[K [01;35m[Kwarning: [m[KISO C++ forbids converting a string constant to ‘[01m[Kchar*[m[K’ [[01;35m[K-Wwrite-strings[m[K]
[12.292s]    75 |  return [01;35m[K"Axis busy, wait until axis is stopped"[m[K;
[12.292s]       |         [01;35m[K^~~~~~~~~~~~~~~~~~~~~~~~~~~~~~~~~~~~~~~[m[K
[12.293s] [01m[K/home/Stage/LAB42_RTX_control/ROS_ws/src/ros_interface_umi_rtx/src/drivers/armlib/armerror.cpp:77:9:[m[K [01;35m[Kwarning: [m[KISO C++ forbids converting a string constant to ‘[01m[Kchar*[m[K’ [[01;35m[K-Wwrite-strings[m[K]
[12.293s]    77 |  return [01;35m[K"IP command decoder busy, try again later"[m[K;
[12.293s]       |         [01;35m[K^~~~~~~~~~~~~~~~~~~~~~~~~~~~~~~~~~~~~~~~~~[m[K
[12.293s] [01m[K/home/Stage/LAB42_RTX_control/ROS_ws/src/ros_interface_umi_rtx/src/drivers/armlib/armerror.cpp:79:9:[m[K [01;35m[Kwarning: [m[KISO C++ forbids converting a string constant to ‘[01m[Kchar*[m[K’ [[01;35m[K-Wwrite-strings[m[K]
[12.293s]    79 |  return [01;35m[K"Parameter out of range"[m[K;
[12.293s]       |         [01;35m[K^~~~~~~~~~~~~~~~~~~~~~~~[m[K
[12.293s] [01m[K/home/Stage/LAB42_RTX_control/ROS_ws/src/ros_interface_umi_rtx/src/drivers/armlib/armerror.cpp:83:9:[m[K [01;35m[Kwarning: [m[KISO C++ forbids converting a string constant to ‘[01m[Kchar*[m[K’ [[01;35m[K-Wwrite-strings[m[K]
[12.293s]    83 |  return [01;35m[K"Read only variable"[m[K;
[12.293s]       |         [01;35m[K^~~~~~~~~~~~~~~~~~~~[m[K
[12.293s] [01m[K/home/Stage/LAB42_RTX_control/ROS_ws/src/ros_interface_umi_rtx/src/drivers/armlib/armerror.cpp:86:9:[m[K [01;35m[Kwarning: [m[KISO C++ forbids converting a string constant to ‘[01m[Kchar*[m[K’ [[01;35m[K-Wwrite-strings[m[K]
[12.294s]    86 |  return [01;35m[K"Selection out of range"[m[K;
[12.294s]       |         [01;35m[K^~~~~~~~~~~~~~~~~~~~~~~~[m[K
[12.294s] [01m[K/home/Stage/LAB42_RTX_control/ROS_ws/src/ros_interface_umi_rtx/src/drivers/armlib/armerror.cpp:89:9:[m[K [01;35m[Kwarning: [m[KISO C++ forbids converting a string constant to ‘[01m[Kchar*[m[K’ [[01;35m[K-Wwrite-strings[m[K]
[12.294s]    89 |  return [01;35m[K"Illegal command"[m[K;
[12.294s]       |         [01;35m[K^~~~~~~~~~~~~~~~~[m[K
[12.294s] [01m[K/home/Stage/LAB42_RTX_control/ROS_ws/src/ros_interface_umi_rtx/src/drivers/armlib/armerror.cpp:91:9:[m[K [01;35m[Kwarning: [m[KISO C++ forbids converting a string constant to ‘[01m[Kchar*[m[K’ [[01;35m[K-Wwrite-strings[m[K]
[12.294s]    91 |  return [01;35m[K"Not enough bytes in command"[m[K;
[12.294s]       |         [01;35m[K^~~~~~~~~~~~~~~~~~~~~~~~~~~~~[m[K
[12.294s] [01m[K/home/Stage/LAB42_RTX_control/ROS_ws/src/ros_interface_umi_rtx/src/drivers/armlib/armerror.cpp:93:9:[m[K [01;35m[Kwarning: [m[KISO C++ forbids converting a string constant to ‘[01m[Kchar*[m[K’ [[01;35m[K-Wwrite-strings[m[K]
[12.294s]    93 |  return [01;35m[K"Too many bytes in command"[m[K;
[12.294s]       |         [01;35m[K^~~~~~~~~~~~~~~~~~~~~~~~~~~[m[K
[12.295s] [01m[K/home/Stage/LAB42_RTX_control/ROS_ws/src/ros_interface_umi_rtx/src/drivers/armlib/armerror.cpp:95:9:[m[K [01;35m[Kwarning: [m[KISO C++ forbids converting a string constant to ‘[01m[Kchar*[m[K’ [[01;35m[K-Wwrite-strings[m[K]
[12.295s]    95 |  return [01;35m[K"Parity error"[m[K;
[12.295s]       |         [01;35m[K^~~~~~~~~~~~~~[m[K
[12.295s] [01m[K/home/Stage/LAB42_RTX_control/ROS_ws/src/ros_interface_umi_rtx/src/drivers/armlib/armerror.cpp:97:9:[m[K [01;35m[Kwarning: [m[KISO C++ forbids converting a string constant to ‘[01m[Kchar*[m[K’ [[01;35m[K-Wwrite-strings[m[K]
[12.295s]    97 |  return [01;35m[K"The IP was restarted. restart"[m[K;
[12.295s]       |         [01;35m[K^~~~~~~~~~~~~~~~~~~~~~~~~~~~~~~[m[K
[12.295s] [01m[K/home/Stage/LAB42_RTX_control/ROS_ws/src/ros_interface_umi_rtx/src/drivers/armlib/armerror.cpp:100:9:[m[K [01;35m[Kwarning: [m[KISO C++ forbids converting a string constant to ‘[01m[Kchar*[m[K’ [[01;35m[K-Wwrite-strings[m[K]
[12.295s]   100 |  return [01;35m[K"Checksum error"[m[K;
[12.295s]       |         [01;35m[K^~~~~~~~~~~~~~~~[m[K
[12.295s] [01m[K/home/Stage/LAB42_RTX_control/ROS_ws/src/ros_interface_umi_rtx/src/drivers/armlib/armerror.cpp:102:9:[m[K [01;35m[Kwarning: [m[KISO C++ forbids converting a string constant to ‘[01m[Kchar*[m[K’ [[01;35m[K-Wwrite-strings[m[K]
[12.296s]   102 |  return [01;35m[K"Parameter out of range"[m[K;
[12.296s]       |         [01;35m[K^~~~~~~~~~~~~~~~~~~~~~~~[m[K
[12.296s] [01m[K/home/Stage/LAB42_RTX_control/ROS_ws/src/ros_interface_umi_rtx/src/drivers/armlib/armerror.cpp:104:9:[m[K [01;35m[Kwarning: [m[KISO C++ forbids converting a string constant to ‘[01m[Kchar*[m[K’ [[01;35m[K-Wwrite-strings[m[K]
[12.296s]   104 |  return [01;35m[K"Toggle mode off (must be on for arm_interpolate)"[m[K;
[12.296s]       |         [01;35m[K^~~~~~~~~~~~~~~~~~~~~~~~~~~~~~~~~~~~~~~~~~~~~~~~~~[m[K
[12.296s] [01m[K/home/Stage/LAB42_RTX_control/ROS_ws/src/ros_interface_umi_rtx/src/drivers/armlib/armerror.cpp:106:9:[m[K [01;35m[Kwarning: [m[KISO C++ forbids converting a string constant to ‘[01m[Kchar*[m[K’ [[01;35m[K-Wwrite-strings[m[K]
[12.296s]   106 |  return [01;35m[K"Privileged command"[m[K;
[12.296s]       |         [01;35m[K^~~~~~~~~~~~~~~~~~~~[m[K
[12.296s] [01m[K/home/Stage/LAB42_RTX_control/ROS_ws/src/ros_interface_umi_rtx/src/drivers/armlib/armerror.cpp:108:9:[m[K [01;35m[Kwarning: [m[KISO C++ forbids converting a string constant to ‘[01m[Kchar*[m[K’ [[01;35m[K-Wwrite-strings[m[K]
[12.297s]   108 |  return [01;35m[K"RTX in use"[m[K;
[12.297s]       |         [01;35m[K^~~~~~~~~~~~[m[K
[12.297s] [01m[K/home/Stage/LAB42_RTX_control/ROS_ws/src/ros_interface_umi_rtx/src/drivers/armlib/armerror.cpp:110:9:[m[K [01;35m[Kwarning: [m[KISO C++ forbids converting a string constant to ‘[01m[Kchar*[m[K’ [[01;35m[K-Wwrite-strings[m[K]
[12.297s]   110 |  return [01;35m[K"Command not supported"[m[K;
[12.297s]       |         [01;35m[K^~~~~~~~~~~~~~~~~~~~~~~[m[K
[12.297s] [01m[K/home/Stage/LAB42_RTX_control/ROS_ws/src/ros_interface_umi_rtx/src/drivers/armlib/armerror.cpp:112:9:[m[K [01;35m[Kwarning: [m[KISO C++ forbids converting a string constant to ‘[01m[Kchar*[m[K’ [[01;35m[K-Wwrite-strings[m[K]
[12.297s]   112 |  return [01;35m[K"Cannot connect to daemon"[m[K;
[12.297s]       |         [01;35m[K^~~~~~~~~~~~~~~~~~~~~~~~~~[m[K
[12.297s] [01m[K/home/Stage/LAB42_RTX_control/ROS_ws/src/ros_interface_umi_rtx/src/drivers/armlib/armerror.cpp:114:9:[m[K [01;35m[Kwarning: [m[KISO C++ forbids converting a string constant to ‘[01m[Kchar*[m[K’ [[01;35m[K-Wwrite-strings[m[K]
[12.297s]   114 |  return [01;35m[K"Lost connection to RTX daemon"[m[K;
[12.298s]       |         [01;35m[K^~~~~~~~~~~~~~~~~~~~~~~~~~~~~~~[m[K
[12.298s] [01m[K/home/Stage/LAB42_RTX_control/ROS_ws/src/ros_interface_umi_rtx/src/drivers/armlib/armerror.cpp:116:9:[m[K [01;35m[Kwarning: [m[KISO C++ forbids converting a string constant to ‘[01m[Kchar*[m[K’ [[01;35m[K-Wwrite-strings[m[K]
[12.298s]   116 |  return [01;35m[K"Connection read-only"[m[K;
[12.298s]       |         [01;35m[K^~~~~~~~~~~~~~~~~~~~~~[m[K
[12.298s] [ 63%] [32mBuilding CXX object CMakeFiles/nodeArm.dir/src/drivers/umi/umiinit.cpp.o[0m
[12.323s] [ 65%] [32mBuilding CXX object CMakeFiles/nodeArm.dir/src/drivers/umi/umicmds.cpp.o[0m
[12.392s] [ 68%] [32mBuilding CXX object CMakeFiles/nodeArm.dir/src/arm_parts/arm.cpp.o[0m
[12.505s] [01m[K/home/Stage/LAB42_RTX_control/ROS_ws/src/ros_interface_umi_rtx/src/drivers/armlib/armraw.cpp:[m[K In function ‘[01m[Kvoid freertx(int, void*)[m[K’:
[12.505s] [01m[K/home/Stage/LAB42_RTX_control/ROS_ws/src/ros_interface_umi_rtx/src/drivers/armlib/armraw.cpp:90:25:[m[K [01;35m[Kwarning: [m[Kunused parameter ‘[01m[Kstatus[m[K’ [[01;35m[K-Wunused-parameter[m[K]
[12.505s]    90 | static void freertx([01;35m[Kint status[m[K, void *arg)
[12.505s]       |                     [01;35m[K~~~~^~~~~~[m[K
[12.505s] [01m[K/home/Stage/LAB42_RTX_control/ROS_ws/src/ros_interface_umi_rtx/src/drivers/armlib/armraw.cpp:90:39:[m[K [01;35m[Kwarning: [m[Kunused parameter ‘[01m[Karg[m[K’ [[01;35m[K-Wunused-parameter[m[K]
[12.505s]    90 | static void freertx(int status, [01;35m[Kvoid *arg[m[K)
[12.505s]       |                                 [01;35m[K~~~~~~^~~[m[K
[12.507s] [01m[K/home/Stage/LAB42_RTX_control/ROS_ws/src/ros_interface_umi_rtx/src/drivers/armlib/armraw.cpp:[m[K In function ‘[01m[Kchar* rtxstrcommand(int)[m[K’:
[12.508s] [01m[K/home/Stage/LAB42_RTX_control/ROS_ws/src/ros_interface_umi_rtx/src/drivers/armlib/armraw.cpp:449:16:[m[K [01;35m[Kwarning: [m[KISO C++ forbids converting a string constant to ‘[01m[Kchar*[m[K’ [[01;35m[K-Wwrite-strings[m[K]
[12.508s]   449 |         return [01;35m[K"RTX_CMD_FIRST"[m[K;
[12.508s]       |                [01;35m[K^~~~~~~~~~~~~~~[m[K
[12.508s] [01m[K/home/Stage/LAB42_RTX_control/ROS_ws/src/ros_interface_umi_rtx/src/drivers/armlib/armraw.cpp:451:16:[m[K [01;35m[Kwarning: [m[KISO C++ forbids converting a string constant to ‘[01m[Kchar*[m[K’ [[01;35m[K-Wwrite-strings[m[K]
[12.508s]   451 |         return [01;35m[K"RTX_CMD_QUIT"[m[K;
[12.508s]       |                [01;35m[K^~~~~~~~~~~~~~[m[K
[12.508s] [01m[K/home/Stage/LAB42_RTX_control/ROS_ws/src/ros_interface_umi_rtx/src/drivers/armlib/armraw.cpp:453:16:[m[K [01;35m[Kwarning: [m[KISO C++ forbids converting a string constant to ‘[01m[Kchar*[m[K’ [[01;35m[K-Wwrite-strings[m[K]
[12.508s]   453 |         return [01;35m[K"RTX_CMD_ABORT"[m[K;
[12.508s]       |                [01;35m[K^~~~~~~~~~~~~~~[m[K
[12.509s] [01m[K/home/Stage/LAB42_RTX_control/ROS_ws/src/ros_interface_umi_rtx/src/drivers/armlib/armraw.cpp:455:16:[m[K [01;35m[Kwarning: [m[KISO C++ forbids converting a string constant to ‘[01m[Kchar*[m[K’ [[01;35m[K-Wwrite-strings[m[K]
[12.509s]   455 |         return [01;35m[K"RTX_CMD_GET_NCON"[m[K;
[12.509s]       |                [01;35m[K^~~~~~~~~~~~~~~~~~[m[K
[12.509s] [01m[K/home/Stage/LAB42_RTX_control/ROS_ws/src/ros_interface_umi_rtx/src/drivers/armlib/armraw.cpp:457:16:[m[K [01;35m[Kwarning: [m[KISO C++ forbids converting a string constant to ‘[01m[Kchar*[m[K’ [[01;35m[K-Wwrite-strings[m[K]
[12.509s]   457 |         return [01;35m[K"RTX_CMD_GET_CON"[m[K;
[12.509s]       |                [01;35m[K^~~~~~~~~~~~~~~~~[m[K
[12.509s] [01m[K/home/Stage/LAB42_RTX_control/ROS_ws/src/ros_interface_umi_rtx/src/drivers/armlib/armraw.cpp:459:16:[m[K [01;35m[Kwarning: [m[KISO C++ forbids converting a string constant to ‘[01m[Kchar*[m[K’ [[01;35m[K-Wwrite-strings[m[K]
[12.509s]   459 |         return [01;35m[K"RTX_CMD_GET_CON"[m[K;
[12.509s]       |                [01;35m[K^~~~~~~~~~~~~~~~~[m[K
[12.509s] [01m[K/home/Stage/LAB42_RTX_control/ROS_ws/src/ros_interface_umi_rtx/src/drivers/armlib/armraw.cpp:461:16:[m[K [01;35m[Kwarning: [m[KISO C++ forbids converting a string constant to ‘[01m[Kchar*[m[K’ [[01;35m[K-Wwrite-strings[m[K]
[12.510s]   461 |         return [01;35m[K"RTX_CMD_PRIV"[m[K;
[12.510s]       |                [01;35m[K^~~~~~~~~~~~~~[m[K
[12.510s] [01m[K/home/Stage/LAB42_RTX_control/ROS_ws/src/ros_interface_umi_rtx/src/drivers/armlib/armraw.cpp:463:16:[m[K [01;35m[Kwarning: [m[KISO C++ forbids converting a string constant to ‘[01m[Kchar*[m[K’ [[01;35m[K-Wwrite-strings[m[K]
[12.510s]   463 |         return [01;35m[K"RTX_CMD_READ_WRITE"[m[K;
[12.510s]       |                [01;35m[K^~~~~~~~~~~~~~~~~~~~[m[K
[12.510s] [01m[K/home/Stage/LAB42_RTX_control/ROS_ws/src/ros_interface_umi_rtx/src/drivers/armlib/armraw.cpp:465:16:[m[K [01;35m[Kwarning: [m[KISO C++ forbids converting a string constant to ‘[01m[Kchar*[m[K’ [[01;35m[K-Wwrite-strings[m[K]
[12.510s]   465 |         return [01;35m[K"RTX_CMD_READ_ONLY"[m[K;
[12.510s]       |                [01;35m[K^~~~~~~~~~~~~~~~~~~[m[K
[12.510s] [01m[K/home/Stage/LAB42_RTX_control/ROS_ws/src/ros_interface_umi_rtx/src/drivers/armlib/armraw.cpp:467:16:[m[K [01;35m[Kwarning: [m[KISO C++ forbids converting a string constant to ‘[01m[Kchar*[m[K’ [[01;35m[K-Wwrite-strings[m[K]
[12.511s]   467 |         return [01;35m[K"RTX_CMD_GET_PARAMS"[m[K;
[12.511s]       |                [01;35m[K^~~~~~~~~~~~~~~~~~~~[m[K
[12.511s] [01m[K/home/Stage/LAB42_RTX_control/ROS_ws/src/ros_interface_umi_rtx/src/drivers/armlib/armraw.cpp:469:16:[m[K [01;35m[Kwarning: [m[KISO C++ forbids converting a string constant to ‘[01m[Kchar*[m[K’ [[01;35m[K-Wwrite-strings[m[K]
[12.511s]   469 |         return [01;35m[K"RTX_CMD_SET_PARAMS"[m[K;
[12.511s]       |                [01;35m[K^~~~~~~~~~~~~~~~~~~~[m[K
[12.511s] [01m[K/home/Stage/LAB42_RTX_control/ROS_ws/src/ros_interface_umi_rtx/src/drivers/armlib/armraw.cpp:473:16:[m[K [01;35m[Kwarning: [m[KISO C++ forbids converting a string constant to ‘[01m[Kchar*[m[K’ [[01;35m[K-Wwrite-strings[m[K]
[12.511s]   473 |         return [01;35m[K"RTX_CMD_RAW"[m[K;
[12.511s]       |                [01;35m[K^~~~~~~~~~~~~[m[K
[12.512s] [01m[K/home/Stage/LAB42_RTX_control/ROS_ws/src/ros_interface_umi_rtx/src/drivers/armlib/armraw.cpp:475:16:[m[K [01;35m[Kwarning: [m[KISO C++ forbids converting a string constant to ‘[01m[Kchar*[m[K’ [[01;35m[K-Wwrite-strings[m[K]
[12.512s]   475 |         return [01;35m[K"RTX_CMD_RESTART"[m[K;
[12.512s]       |                [01;35m[K^~~~~~~~~~~~~~~~~[m[K
[12.512s] [01m[K/home/Stage/LAB42_RTX_control/ROS_ws/src/ros_interface_umi_rtx/src/drivers/armlib/armraw.cpp:477:16:[m[K [01;35m[Kwarning: [m[KISO C++ forbids converting a string constant to ‘[01m[Kchar*[m[K’ [[01;35m[K-Wwrite-strings[m[K]
[12.512s]   477 |         return [01;35m[K"RTX_CMD_DEFINE_HOME"[m[K;
[12.512s]       |                [01;35m[K^~~~~~~~~~~~~~~~~~~~~[m[K
[12.512s] [01m[K/home/Stage/LAB42_RTX_control/ROS_ws/src/ros_interface_umi_rtx/src/drivers/armlib/armraw.cpp:479:16:[m[K [01;35m[Kwarning: [m[KISO C++ forbids converting a string constant to ‘[01m[Kchar*[m[K’ [[01;35m[K-Wwrite-strings[m[K]
[12.512s]   479 |         return [01;35m[K"RTX_CMD_RELOAD_PIDS"[m[K;
[12.512s]       |                [01;35m[K^~~~~~~~~~~~~~~~~~~~~[m[K
[12.513s] [01m[K/home/Stage/LAB42_RTX_control/ROS_ws/src/ros_interface_umi_rtx/src/drivers/armlib/armraw.cpp:481:16:[m[K [01;35m[Kwarning: [m[KISO C++ forbids converting a string constant to ‘[01m[Kchar*[m[K’ [[01;35m[K-Wwrite-strings[m[K]
[12.513s]   481 |         return [01;35m[K"RTX_CMD_SET_MODE"[m[K;
[12.513s]       |                [01;35m[K^~~~~~~~~~~~~~~~~~[m[K
[12.513s] [01m[K/home/Stage/LAB42_RTX_control/ROS_ws/src/ros_interface_umi_rtx/src/drivers/armlib/armraw.cpp:483:16:[m[K [01;35m[Kwarning: [m[KISO C++ forbids converting a string constant to ‘[01m[Kchar*[m[K’ [[01;35m[K-Wwrite-strings[m[K]
[12.513s]   483 |         return [01;35m[K"RTX_CMD_STOP"[m[K;
[12.513s]       |                [01;35m[K^~~~~~~~~~~~~~[m[K
[12.513s] [01m[K/home/Stage/LAB42_RTX_control/ROS_ws/src/ros_interface_umi_rtx/src/drivers/armlib/armraw.cpp:485:16:[m[K [01;35m[Kwarning: [m[KISO C++ forbids converting a string constant to ‘[01m[Kchar*[m[K’ [[01;35m[K-Wwrite-strings[m[K]
[12.513s]   485 |         return [01;35m[K"RTX_CMD_GO"[m[K;
[12.513s]       |                [01;35m[K^~~~~~~~~~~~[m[K
[12.514s] [01m[K/home/Stage/LAB42_RTX_control/ROS_ws/src/ros_interface_umi_rtx/src/drivers/armlib/armraw.cpp:487:16:[m[K [01;35m[Kwarning: [m[KISO C++ forbids converting a string constant to ‘[01m[Kchar*[m[K’ [[01;35m[K-Wwrite-strings[m[K]
[12.514s]   487 |         return [01;35m[K"RTX_CMD_WRITE"[m[K;
[12.514s]       |                [01;35m[K^~~~~~~~~~~~~~~[m[K
[12.514s] [01m[K/home/Stage/LAB42_RTX_control/ROS_ws/src/ros_interface_umi_rtx/src/drivers/armlib/armraw.cpp:489:16:[m[K [01;35m[Kwarning: [m[KISO C++ forbids converting a string constant to ‘[01m[Kchar*[m[K’ [[01;35m[K-Wwrite-strings[m[K]
[12.514s]   489 |         return [01;35m[K"RTX_CMD_INTERPOLATE"[m[K;
[12.514s]       |                [01;35m[K^~~~~~~~~~~~~~~~~~~~~[m[K
[12.516s] [01m[K/home/Stage/LAB42_RTX_control/ROS_ws/src/ros_interface_umi_rtx/src/drivers/armlib/armraw.cpp:491:16:[m[K [01;35m[Kwarning: [m[KISO C++ forbids converting a string constant to ‘[01m[Kchar*[m[K’ [[01;35m[K-Wwrite-strings[m[K]
[12.516s]   491 |         return [01;35m[K"RTX_CMD_SOAK"[m[K;
[12.516s]       |                [01;35m[K^~~~~~~~~~~~~~[m[K
[12.517s] [01m[K/home/Stage/LAB42_RTX_control/ROS_ws/src/ros_interface_umi_rtx/src/drivers/armlib/armraw.cpp:493:16:[m[K [01;35m[Kwarning: [m[KISO C++ forbids converting a string constant to ‘[01m[Kchar*[m[K’ [[01;35m[K-Wwrite-strings[m[K]
[12.517s]   493 |         return [01;35m[K"RTX_CMD_INIT"[m[K;
[12.517s]       |                [01;35m[K^~~~~~~~~~~~~~[m[K
[12.517s] [01m[K/home/Stage/LAB42_RTX_control/ROS_ws/src/ros_interface_umi_rtx/src/drivers/armlib/armraw.cpp:498:16:[m[K [01;35m[Kwarning: [m[KISO C++ forbids converting a string constant to ‘[01m[Kchar*[m[K’ [[01;35m[K-Wwrite-strings[m[K]
[12.517s]   498 |         return [01;35m[K"RTX_CMD_STATUS"[m[K;
[12.517s]       |                [01;35m[K^~~~~~~~~~~~~~~~[m[K
[12.573s] [ 71%] [32mBuilding CXX object CMakeFiles/nodeArm.dir/src/arm_parts/forearm.cpp.o[0m
[12.577s] [ 73%] [32mBuilding CXX object CMakeFiles/nodeArm.dir/src/arm_parts/joint.cpp.o[0m
[12.659s] [01m[K/home/Stage/LAB42_RTX_control/ROS_ws/src/ros_interface_umi_rtx/src/drivers/umi/umicmds.cpp:[m[K In function ‘[01m[Kvoid umi_init()[m[K’:
[12.659s] [01m[K/home/Stage/LAB42_RTX_control/ROS_ws/src/ros_interface_umi_rtx/src/drivers/umi/umicmds.cpp:122:20:[m[K [01;35m[Kwarning: [m[KISO C++ forbids converting a string constant to ‘[01m[Kchar*[m[K’ [[01;35m[K-Wwrite-strings[m[K]
[12.660s]   122 |         char *temp=[01;35m[K"root"[m[K;
[12.660s]       |                    [01;35m[K^~~~~~[m[K
[12.661s] [01m[K/home/Stage/LAB42_RTX_control/ROS_ws/src/ros_interface_umi_rtx/src/drivers/umi/umicmds.cpp:139:27:[m[K [01;35m[Kwarning: [m[KISO C++ forbids converting a string constant to ‘[01m[Kchar*[m[K’ [[01;35m[K-Wwrite-strings[m[K]
[12.661s]   139 |                 armperror([01;35m[K"init connections "[m[K);
[12.661s]       |                           [01;35m[K^~~~~~~~~~~~~~~~~~~[m[K
[12.661s] [01m[K/home/Stage/LAB42_RTX_control/ROS_ws/src/ros_interface_umi_rtx/src/drivers/umi/umicmds.cpp:141:27:[m[K [01;35m[Kwarning: [m[KISO C++ forbids converting a string constant to ‘[01m[Kchar*[m[K’ [[01;35m[K-Wwrite-strings[m[K]
[12.661s]   141 |                 armperror([01;35m[K"restart"[m[K);
[12.662s]       |                           [01;35m[K^~~~~~~~~[m[K
[12.662s] [01m[K/home/Stage/LAB42_RTX_control/ROS_ws/src/ros_interface_umi_rtx/src/drivers/umi/umicmds.cpp:144:27:[m[K [01;35m[Kwarning: [m[KISO C++ forbids converting a string constant to ‘[01m[Kchar*[m[K’ [[01;35m[K-Wwrite-strings[m[K]
[12.662s]   144 |                 armperror([01;35m[K"enable PWM output"[m[K);
[12.662s]       |                           [01;35m[K^~~~~~~~~~~~~~~~~~~[m[K
[12.662s] [01m[K/home/Stage/LAB42_RTX_control/ROS_ws/src/ros_interface_umi_rtx/src/drivers/umi/umicmds.cpp:164:27:[m[K [01;35m[Kwarning: [m[KISO C++ forbids converting a string constant to ‘[01m[Kchar*[m[K’ [[01;35m[K-Wwrite-strings[m[K]
[12.662s]   164 |                 armperror([01;35m[K"soak init"[m[K);
[12.662s]       |                           [01;35m[K^~~~~~~~~~~[m[K
[12.662s] [01m[K/home/Stage/LAB42_RTX_control/ROS_ws/src/ros_interface_umi_rtx/src/drivers/umi/umicmds.cpp:171:35:[m[K [01;35m[Kwarning: [m[KISO C++ forbids converting a string constant to ‘[01m[Kchar*[m[K’ [[01;35m[K-Wwrite-strings[m[K]
[12.663s]   171 |                         armperror([01;35m[K"general_status"[m[K);
[12.663s]       |                                   [01;35m[K^~~~~~~~~~~~~~~~[m[K
[12.663s] [01m[K/home/Stage/LAB42_RTX_control/ROS_ws/src/ros_interface_umi_rtx/src/drivers/umi/umicmds.cpp:[m[K In function ‘[01m[Kvoid umi_stop()[m[K’:
[12.663s] [01m[K/home/Stage/LAB42_RTX_control/ROS_ws/src/ros_interface_umi_rtx/src/drivers/umi/umicmds.cpp:186:27:[m[K [01;35m[Kwarning: [m[KISO C++ forbids converting a string constant to ‘[01m[Kchar*[m[K’ [[01;35m[K-Wwrite-strings[m[K]
[12.663s]   186 |                 armperror([01;35m[K"tried FREE_STOP"[m[K);
[12.663s]       |                           [01;35m[K^~~~~~~~~~~~~~~~~[m[K
[12.663s] [01m[K/home/Stage/LAB42_RTX_control/ROS_ws/src/ros_interface_umi_rtx/src/drivers/umi/umicmds.cpp:191:27:[m[K [01;35m[Kwarning: [m[KISO C++ forbids converting a string constant to ‘[01m[Kchar*[m[K’ [[01;35m[K-Wwrite-strings[m[K]
[12.663s]   191 |                 armperror([01;35m[K"tried FREE_OFF"[m[K);
[12.663s]       |                           [01;35m[K^~~~~~~~~~~~~~~~[m[K
[12.665s] [01m[K/home/Stage/LAB42_RTX_control/ROS_ws/src/ros_interface_umi_rtx/src/drivers/umi/umicmds.cpp:[m[K In function ‘[01m[Kvoid umi_go()[m[K’:
[12.665s] [01m[K/home/Stage/LAB42_RTX_control/ROS_ws/src/ros_interface_umi_rtx/src/drivers/umi/umicmds.cpp:235:13:[m[K [01;35m[Kwarning: [m[KISO C++ forbids converting a string constant to ‘[01m[Kchar*[m[K’ [[01;35m[K-Wwrite-strings[m[K]
[12.666s]   235 |   armperror([01;35m[K"position error with zed "[m[K);
[12.666s]       |             [01;35m[K^~~~~~~~~~~~~~~~~~~~~~~~~~[m[K
[12.666s] [01m[K/home/Stage/LAB42_RTX_control/ROS_ws/src/ros_interface_umi_rtx/src/drivers/umi/umicmds.cpp:238:13:[m[K [01;35m[Kwarning: [m[KISO C++ forbids converting a string constant to ‘[01m[Kchar*[m[K’ [[01;35m[K-Wwrite-strings[m[K]
[12.666s]   238 |   armperror([01;35m[K"position error with sld "[m[K);
[12.666s]       |             [01;35m[K^~~~~~~~~~~~~~~~~~~~~~~~~~[m[K
[12.666s] [01m[K/home/Stage/LAB42_RTX_control/ROS_ws/src/ros_interface_umi_rtx/src/drivers/umi/umicmds.cpp:241:13:[m[K [01;35m[Kwarning: [m[KISO C++ forbids converting a string constant to ‘[01m[Kchar*[m[K’ [[01;35m[K-Wwrite-strings[m[K]
[12.666s]   241 |   armperror([01;35m[K"position error with elb "[m[K);
[12.667s]       |             [01;35m[K^~~~~~~~~~~~~~~~~~~~~~~~~~[m[K
[12.667s] [01m[K/home/Stage/LAB42_RTX_control/ROS_ws/src/ros_interface_umi_rtx/src/drivers/umi/umicmds.cpp:244:13:[m[K [01;35m[Kwarning: [m[KISO C++ forbids converting a string constant to ‘[01m[Kchar*[m[K’ [[01;35m[K-Wwrite-strings[m[K]
[12.667s]   244 |   armperror([01;35m[K"position error with yaw "[m[K);
[12.667s]       |             [01;35m[K^~~~~~~~~~~~~~~~~~~~~~~~~~[m[K
[12.667s] [01m[K/home/Stage/LAB42_RTX_control/ROS_ws/src/ros_interface_umi_rtx/src/drivers/umi/umicmds.cpp:247:13:[m[K [01;35m[Kwarning: [m[KISO C++ forbids converting a string constant to ‘[01m[Kchar*[m[K’ [[01;35m[K-Wwrite-strings[m[K]
[12.667s]   247 |   armperror([01;35m[K"position error with wr1 "[m[K);
[12.667s]       |             [01;35m[K^~~~~~~~~~~~~~~~~~~~~~~~~~[m[K
[12.667s] [01m[K/home/Stage/LAB42_RTX_control/ROS_ws/src/ros_interface_umi_rtx/src/drivers/umi/umicmds.cpp:250:13:[m[K [01;35m[Kwarning: [m[KISO C++ forbids converting a string constant to ‘[01m[Kchar*[m[K’ [[01;35m[K-Wwrite-strings[m[K]
[12.667s]   250 |   armperror([01;35m[K"position error with wr2 "[m[K);
[12.668s]       |             [01;35m[K^~~~~~~~~~~~~~~~~~~~~~~~~~[m[K
[12.668s] [01m[K/home/Stage/LAB42_RTX_control/ROS_ws/src/ros_interface_umi_rtx/src/drivers/umi/umicmds.cpp:253:13:[m[K [01;35m[Kwarning: [m[KISO C++ forbids converting a string constant to ‘[01m[Kchar*[m[K’ [[01;35m[K-Wwrite-strings[m[K]
[12.668s]   253 |   armperror([01;35m[K"position error with grp "[m[K);
[12.668s]       |             [01;35m[K^~~~~~~~~~~~~~~~~~~~~~~~~~[m[K
[12.668s] [01m[K/home/Stage/LAB42_RTX_control/ROS_ws/src/ros_interface_umi_rtx/src/drivers/umi/umicmds.cpp:261:43:[m[K [01;35m[Kwarning: [m[KISO C++ forbids converting a string constant to ‘[01m[Kchar*[m[K’ [[01;35m[K-Wwrite-strings[m[K]
[12.668s]   261 |                                 armperror([01;35m[K"error with arm_go "[m[K);
[12.668s]       |                                           [01;35m[K^~~~~~~~~~~~~~~~~~~~[m[K
[12.704s] [01m[K/home/Stage/LAB42_RTX_control/ROS_ws/src/ros_interface_umi_rtx/src/drivers/umi/umicmds.cpp:[m[K At global scope:
[12.704s] [01m[K/home/Stage/LAB42_RTX_control/ROS_ws/src/ros_interface_umi_rtx/src/drivers/umi/umicmds.cpp:80:13:[m[K [01;35m[Kwarning: [m[K‘[01m[Kvoid print_status()[m[K’ declared ‘[01m[Kstatic[m[K’ but never defined [[01;35m[K-Wunused-function[m[K]
[12.704s]    80 | static void [01;35m[Kprint_status[m[K(/*int status*/);
[12.704s]       |             [01;35m[K^~~~~~~~~~~~[m[K
[12.711s] [01m[K/home/Stage/LAB42_RTX_control/ROS_ws/src/ros_interface_umi_rtx/src/drivers/umi/umicmds.cpp:358:13:[m[K [01;35m[Kwarning: [m[K‘[01m[Kvoid print_status(int)[m[K’ defined but not used [[01;35m[K-Wunused-function[m[K]
[12.711s]   358 | static void [01;35m[Kprint_status[m[K(int status)
[12.711s]       |             [01;35m[K^~~~~~~~~~~~[m[K
[12.770s] [ 76%] [32mBuilding CXX object CMakeFiles/nodeArm.dir/src/arm_parts/wrist.cpp.o[0m
[13.114s] [ 78%] [32mBuilding CXX object CMakeFiles/nodeInverseKinematics.dir/nodeInverseKinematics_autogen/mocs_compilation.cpp.o[0m
[13.145s] [ 81%] [32mBuilding CXX object CMakeFiles/nodeInverseKinematics.dir/src/node_invkin.cpp.o[0m
[13.169s] [ 84%] [32mBuilding CXX object CMakeFiles/GUI.dir/GUI_autogen/mocs_compilation.cpp.o[0m
[13.285s] [ 86%] [32mBuilding CXX object CMakeFiles/GUI.dir/src/node_commands.cpp.o[0m
[13.285s] [ 89%] [32mBuilding CXX object CMakeFiles/GUI.dir/src/main_gui.cpp.o[0m
[18.033s] [ 92%] [32m[1mLinking CXX executable nodeSimu[0m
[18.398s] [ 92%] Built target nodeSimu
[18.884s] In file included from [01m[K/home/Stage/LAB42_RTX_control/ROS_ws/src/ros_interface_umi_rtx/src/main_gui.cpp:1[m[K:
[18.884s] [01m[K/home/Stage/LAB42_RTX_control/ROS_ws/src/ros_interface_umi_rtx/include/ros_interface_umi_rtx/main_gui.hpp:[m[K In constructor ‘[01m[KMainGUI::MainGUI(QApplication*, const std::shared_ptr<Objective_node>&, rviz_common::ros_integration::RosNodeAbstractionIface::WeakPtr, QWidget*)[m[K’:
[18.884s] [01m[K/home/Stage/LAB42_RTX_control/ROS_ws/src/ros_interface_umi_rtx/include/ros_interface_umi_rtx/main_gui.hpp:118:19:[m[K [01;35m[Kwarning: [m[K‘[01m[KMainGUI::app_[m[K’ will be initialized after [[01;35m[K-Wreorder[m[K]
[18.884s]   118 |     QApplication* [01;35m[Kapp_[m[K;
[18.884s]       |                   [01;35m[K^~~~[m[K
[18.885s] [01m[K/home/Stage/LAB42_RTX_control/ROS_ws/src/ros_interface_umi_rtx/include/ros_interface_umi_rtx/main_gui.hpp:116:38:[m[K [01;35m[Kwarning: [m[K  ‘[01m[Kconst std::shared_ptr<Objective_node> MainGUI::ros2_node[m[K’ [[01;35m[K-Wreorder[m[K]
[18.885s]   116 |     const shared_ptr<Objective_node> [01;35m[Kros2_node[m[K;
[18.885s]       |                                      [01;35m[K^~~~~~~~~[m[K
[18.885s] [01m[K/home/Stage/LAB42_RTX_control/ROS_ws/src/ros_interface_umi_rtx/src/main_gui.cpp:3:1:[m[K [01;35m[Kwarning: [m[K  when initialized here [[01;35m[K-Wreorder[m[K]
[18.885s]     3 | [01;35m[KMainGUI[m[K::MainGUI(QApplication * app,
[18.885s]       | [01;35m[K^~~~~~~[m[K
[18.885s] In file included from [01m[K/home/Stage/LAB42_RTX_control/ROS_ws/src/ros_interface_umi_rtx/src/main_gui.cpp:1[m[K:
[18.885s] [01m[K/home/Stage/LAB42_RTX_control/ROS_ws/src/ros_interface_umi_rtx/include/ros_interface_umi_rtx/main_gui.hpp:128:68:[m[K [01;35m[Kwarning: [m[K‘[01m[KMainGUI::rviz_ros_node_[m[K’ will be initialized after [[01;35m[K-Wreorder[m[K]
[18.885s]   128 |     rviz_common::ros_integration::RosNodeAbstractionIface::WeakPtr [01;35m[Krviz_ros_node_[m[K;
[18.886s]       |                                                                    [01;35m[K^~~~~~~~~~~~~~[m[K
[18.886s] [01m[K/home/Stage/LAB42_RTX_control/ROS_ws/src/ros_interface_umi_rtx/src/main_gui.cpp:7:87:[m[K [01;35m[Kwarning: [m[K  base ‘[01m[KQMainWindow[m[K’ [[01;35m[K-Wreorder[m[K]
[18.886s]     7 |   : app_(app), ros2_node(ros2_node), rviz_ros_node_(rviz_ros_node), QMainWindow(parent[01;35m[K)[m[K
[18.886s]       |                                                                                       [01;35m[K^[m[K
[18.886s] [01m[K/home/Stage/LAB42_RTX_control/ROS_ws/src/ros_interface_umi_rtx/src/main_gui.cpp:3:1:[m[K [01;35m[Kwarning: [m[K  when initialized here [[01;35m[K-Wreorder[m[K]
[18.886s]     3 | [01;35m[KMainGUI[m[K::MainGUI(QApplication * app,
[18.886s]       | [01;35m[K^~~~~~~[m[K
[18.911s] [01m[K/home/Stage/LAB42_RTX_control/ROS_ws/src/ros_interface_umi_rtx/src/main_gui.cpp:[m[K In member function ‘[01m[Kvirtual rviz_common::PanelDockWidget* MainGUI::addPane(const QString&, QWidget*, Qt::DockWidgetArea, bool)[m[K’:
[18.911s] [01m[K/home/Stage/LAB42_RTX_control/ROS_ws/src/ros_interface_umi_rtx/src/main_gui.cpp:338:34:[m[K [01;35m[Kwarning: [m[Kunused parameter ‘[01m[Kname[m[K’ [[01;35m[K-Wunused-parameter[m[K]
[18.911s]   338 | MainGUI::addPane([01;35m[Kconst QString & name[m[K, QWidget * pane, Qt::DockWidgetArea area, bool floating)
[18.911s]       |                  [01;35m[K~~~~~~~~~~~~~~~~^~~~[m[K
[18.911s] [01m[K/home/Stage/LAB42_RTX_control/ROS_ws/src/ros_interface_umi_rtx/src/main_gui.cpp:338:50:[m[K [01;35m[Kwarning: [m[Kunused parameter ‘[01m[Kpane[m[K’ [[01;35m[K-Wunused-parameter[m[K]
[18.911s]   338 | MainGUI::addPane(const QString & name, [01;35m[KQWidget * pane[m[K, Qt::DockWidgetArea area, bool floating)
[18.911s]       |                                        [01;35m[K~~~~~~~~~~^~~~[m[K
[18.911s] [01m[K/home/Stage/LAB42_RTX_control/ROS_ws/src/ros_interface_umi_rtx/src/main_gui.cpp:338:75:[m[K [01;35m[Kwarning: [m[Kunused parameter ‘[01m[Karea[m[K’ [[01;35m[K-Wunused-parameter[m[K]
[18.912s]   338 | MainGUI::addPane(const QString & name, QWidget * pane, [01;35m[KQt::DockWidgetArea area[m[K, bool floating)
[18.912s]       |                                                        [01;35m[K~~~~~~~~~~~~~~~~~~~^~~~[m[K
[18.912s] [01m[K/home/Stage/LAB42_RTX_control/ROS_ws/src/ros_interface_umi_rtx/src/main_gui.cpp:338:86:[m[K [01;35m[Kwarning: [m[Kunused parameter ‘[01m[Kfloating[m[K’ [[01;35m[K-Wunused-parameter[m[K]
[18.912s]   338 | MainGUI::addPane(const QString & name, QWidget * pane, Qt::DockWidgetArea area, [01;35m[Kbool floating[m[K)
[18.912s]       |                                                                                 [01;35m[K~~~~~^~~~~~~~[m[K
[18.912s] [01m[K/home/Stage/LAB42_RTX_control/ROS_ws/src/ros_interface_umi_rtx/src/main_gui.cpp:[m[K In member function ‘[01m[Kvirtual void MainGUI::setStatus(const QString&)[m[K’:
[18.912s] [01m[K/home/Stage/LAB42_RTX_control/ROS_ws/src/ros_interface_umi_rtx/src/main_gui.cpp:344:36:[m[K [01;35m[Kwarning: [m[Kunused parameter ‘[01m[Kmessage[m[K’ [[01;35m[K-Wunused-parameter[m[K]
[18.912s]   344 | MainGUI::setStatus([01;35m[Kconst QString & message[m[K)
[18.912s]       |                    [01;35m[K~~~~~~~~~~~~~~~~^~~~~~~[m[K
[21.460s] [ 94%] [32m[1mLinking CXX executable nodeArm[0m
[21.973s] [ 94%] Built target nodeArm
[22.496s] [ 97%] [32m[1mLinking CXX executable GUI[0m
[28.975s] [ 97%] Built target GUI
[51.973s] [100%] [32m[1mLinking CXX executable nodeInverseKinematics[0m
[53.686s] [100%] Built target nodeInverseKinematics
[53.701s] Invoked command in '/home/Stage/LAB42_RTX_control/build/ros_interface_umi_rtx' returned '0': CMAKE_PREFIX_PATH=/opt/ros/foxy /usr/bin/cmake --build /home/Stage/LAB42_RTX_control/build/ros_interface_umi_rtx -- -j8 -l8
[53.704s] Invoking command in '/home/Stage/LAB42_RTX_control/build/ros_interface_umi_rtx': CMAKE_PREFIX_PATH=/opt/ros/foxy /usr/bin/cmake --install /home/Stage/LAB42_RTX_control/build/ros_interface_umi_rtx
[53.713s] -- Install configuration: ""
[53.713s] -- Installing: /home/Stage/LAB42_RTX_control/install/ros_interface_umi_rtx/lib/ros_interface_umi_rtx/nodeArm
[53.717s] -- Set runtime path of "/home/Stage/LAB42_RTX_control/install/ros_interface_umi_rtx/lib/ros_interface_umi_rtx/nodeArm" to ""
[53.717s] -- Installing: /home/Stage/LAB42_RTX_control/install/ros_interface_umi_rtx/lib/ros_interface_umi_rtx/nodeInverseKinematics
[53.727s] -- Set runtime path of "/home/Stage/LAB42_RTX_control/install/ros_interface_umi_rtx/lib/ros_interface_umi_rtx/nodeInverseKinematics" to ""
[53.727s] -- Installing: /home/Stage/LAB42_RTX_control/install/ros_interface_umi_rtx/lib/ros_interface_umi_rtx/nodeSimu
[53.729s] -- Set runtime path of "/home/Stage/LAB42_RTX_control/install/ros_interface_umi_rtx/lib/ros_interface_umi_rtx/nodeSimu" to ""
[53.729s] -- Installing: /home/Stage/LAB42_RTX_control/install/ros_interface_umi_rtx/lib/ros_interface_umi_rtx/GUI
[53.732s] -- Set runtime path of "/home/Stage/LAB42_RTX_control/install/ros_interface_umi_rtx/lib/ros_interface_umi_rtx/GUI" to ""
[53.732s] -- Installing: /home/Stage/LAB42_RTX_control/install/ros_interface_umi_rtx/include/include
[53.733s] -- Installing: /home/Stage/LAB42_RTX_control/install/ros_interface_umi_rtx/include/include/ros_interface_umi_rtx
[53.733s] -- Installing: /home/Stage/LAB42_RTX_control/install/ros_interface_umi_rtx/include/include/ros_interface_umi_rtx/robotics
[53.733s] -- Installing: /home/Stage/LAB42_RTX_control/install/ros_interface_umi_rtx/include/include/ros_interface_umi_rtx/robotics/_template.h
[53.761s] -- Installing: /home/Stage/LAB42_RTX_control/install/ros_interface_umi_rtx/include/include/ros_interface_umi_rtx/robotics/matrix.h
[53.761s] -- Installing: /home/Stage/LAB42_RTX_control/install/ros_interface_umi_rtx/include/include/ros_interface_umi_rtx/robotics/chesscmds.h
[53.762s] -- Installing: /home/Stage/LAB42_RTX_control/install/ros_interface_umi_rtx/include/include/ros_interface_umi_rtx/robotics/path.h
[53.762s] -- Installing: /home/Stage/LAB42_RTX_control/install/ros_interface_umi_rtx/include/include/ros_interface_umi_rtx/robotics/armlib.h
[53.762s] -- Installing: /home/Stage/LAB42_RTX_control/install/ros_interface_umi_rtx/include/include/ros_interface_umi_rtx/robotics/inverse.h
[53.763s] -- Installing: /home/Stage/LAB42_RTX_control/install/ros_interface_umi_rtx/include/include/ros_interface_umi_rtx/robotics/umiinit.h
[53.763s] -- Installing: /home/Stage/LAB42_RTX_control/install/ros_interface_umi_rtx/include/include/ros_interface_umi_rtx/robotics/config.h
[53.763s] -- Installing: /home/Stage/LAB42_RTX_control/install/ros_interface_umi_rtx/include/include/ros_interface_umi_rtx/robotics/xml_parser.h
[53.763s] -- Installing: /home/Stage/LAB42_RTX_control/install/ros_interface_umi_rtx/include/include/ros_interface_umi_rtx/robotics/chess.h
[53.764s] -- Installing: /home/Stage/LAB42_RTX_control/install/ros_interface_umi_rtx/include/include/ros_interface_umi_rtx/robotics/spp.h
[53.764s] -- Installing: /home/Stage/LAB42_RTX_control/install/ros_interface_umi_rtx/include/include/ros_interface_umi_rtx/robotics/umi.h
[53.764s] -- Installing: /home/Stage/LAB42_RTX_control/install/ros_interface_umi_rtx/include/include/ros_interface_umi_rtx/robotics/interface.h
[53.764s] -- Installing: /home/Stage/LAB42_RTX_control/install/ros_interface_umi_rtx/include/include/ros_interface_umi_rtx/robotics/arm.h
[53.765s] -- Installing: /home/Stage/LAB42_RTX_control/install/ros_interface_umi_rtx/include/include/ros_interface_umi_rtx/robotics/pathplan.h
[53.765s] -- Installing: /home/Stage/LAB42_RTX_control/install/ros_interface_umi_rtx/include/include/ros_interface_umi_rtx/robotics/basics.h
[53.765s] -- Installing: /home/Stage/LAB42_RTX_control/install/ros_interface_umi_rtx/include/include/ros_interface_umi_rtx/robotics/simulator.h
[53.765s] -- Installing: /home/Stage/LAB42_RTX_control/install/ros_interface_umi_rtx/include/include/ros_interface_umi_rtx/node_invkin.hpp
[53.766s] -- Installing: /home/Stage/LAB42_RTX_control/install/ros_interface_umi_rtx/include/include/ros_interface_umi_rtx/rapidxml.hpp
[53.766s] -- Installing: /home/Stage/LAB42_RTX_control/install/ros_interface_umi_rtx/include/include/ros_interface_umi_rtx/mainpage.h
[53.769s] -- Installing: /home/Stage/LAB42_RTX_control/install/ros_interface_umi_rtx/include/include/ros_interface_umi_rtx/arm_parts
[53.769s] -- Installing: /home/Stage/LAB42_RTX_control/install/ros_interface_umi_rtx/include/include/ros_interface_umi_rtx/arm_parts/wrist.h
[53.769s] -- Installing: /home/Stage/LAB42_RTX_control/install/ros_interface_umi_rtx/include/include/ros_interface_umi_rtx/arm_parts/forearm.h
[53.769s] -- Installing: /home/Stage/LAB42_RTX_control/install/ros_interface_umi_rtx/include/include/ros_interface_umi_rtx/arm_parts/arm.h
[53.770s] -- Installing: /home/Stage/LAB42_RTX_control/install/ros_interface_umi_rtx/include/include/ros_interface_umi_rtx/arm_parts/joint.h
[53.770s] -- Installing: /home/Stage/LAB42_RTX_control/install/ros_interface_umi_rtx/include/include/ros_interface_umi_rtx/node_simu.hpp
[53.770s] -- Installing: /home/Stage/LAB42_RTX_control/install/ros_interface_umi_rtx/include/include/ros_interface_umi_rtx/node_arm.hpp
[53.770s] -- Installing: /home/Stage/LAB42_RTX_control/install/ros_interface_umi_rtx/include/include/ros_interface_umi_rtx/umi-drivers
[53.770s] -- Installing: /home/Stage/LAB42_RTX_control/install/ros_interface_umi_rtx/include/include/ros_interface_umi_rtx/umi-drivers/armraw.h
[53.770s] -- Installing: /home/Stage/LAB42_RTX_control/install/ros_interface_umi_rtx/include/include/ros_interface_umi_rtx/umi-drivers/rtx.h
[53.770s] -- Installing: /home/Stage/LAB42_RTX_control/install/ros_interface_umi_rtx/include/include/ros_interface_umi_rtx/umi-drivers/rtxd.h
[53.770s] -- Installing: /home/Stage/LAB42_RTX_control/install/ros_interface_umi_rtx/include/include/ros_interface_umi_rtx/umi-drivers/armlib.h
[53.770s] -- Installing: /home/Stage/LAB42_RTX_control/install/ros_interface_umi_rtx/include/include/ros_interface_umi_rtx/umi-drivers/duart.h
[53.771s] -- Installing: /home/Stage/LAB42_RTX_control/install/ros_interface_umi_rtx/include/include/ros_interface_umi_rtx/umi-drivers/ipc.h
[53.771s] -- Installing: /home/Stage/LAB42_RTX_control/install/ros_interface_umi_rtx/include/include/ros_interface_umi_rtx/umi-drivers/comm.h
[53.771s] -- Installing: /home/Stage/LAB42_RTX_control/install/ros_interface_umi_rtx/include/include/ros_interface_umi_rtx/umi-drivers/680x0.h
[53.771s] -- Installing: /home/Stage/LAB42_RTX_control/install/ros_interface_umi_rtx/include/include/ros_interface_umi_rtx/umi-drivers/rtxcmds.h
[53.771s] -- Installing: /home/Stage/LAB42_RTX_control/install/ros_interface_umi_rtx/include/include/ros_interface_umi_rtx/umi-drivers/ipcrt.h
[53.771s] -- Installing: /home/Stage/LAB42_RTX_control/install/ros_interface_umi_rtx/include/include/ros_interface_umi_rtx/umi-drivers/hostlib.h
[53.772s] -- Installing: /home/Stage/LAB42_RTX_control/install/ros_interface_umi_rtx/include/include/ros_interface_umi_rtx/umi-drivers/m68kipc
[53.772s] -- Installing: /home/Stage/LAB42_RTX_control/install/ros_interface_umi_rtx/include/include/ros_interface_umi_rtx/umi-drivers/m68kipc/a.out.h
[53.772s] -- Installing: /home/Stage/LAB42_RTX_control/install/ros_interface_umi_rtx/include/include/ros_interface_umi_rtx/umi-drivers/m68kipc/exec.h
[53.772s] -- Installing: /home/Stage/LAB42_RTX_control/install/ros_interface_umi_rtx/include/include/ros_interface_umi_rtx/bsd
[53.772s] -- Installing: /home/Stage/LAB42_RTX_control/install/ros_interface_umi_rtx/include/include/ros_interface_umi_rtx/bsd/sys
[53.772s] -- Installing: /home/Stage/LAB42_RTX_control/install/ros_interface_umi_rtx/include/include/ros_interface_umi_rtx/bsd/sys/ioccom.h
[53.773s] -- Installing: /home/Stage/LAB42_RTX_control/install/ros_interface_umi_rtx/include/include/ros_interface_umi_rtx/bsd/sys/filio.h
[53.773s] -- Installing: /home/Stage/LAB42_RTX_control/install/ros_interface_umi_rtx/include/include/ros_interface_umi_rtx/main_gui.hpp
[53.773s] -- Installing: /home/Stage/LAB42_RTX_control/install/ros_interface_umi_rtx/include/include/ros_interface_umi_rtx/node_camera.hpp
[53.773s] -- Installing: /home/Stage/LAB42_RTX_control/install/ros_interface_umi_rtx/include/include/ros_interface_umi_rtx/node_camera_API.hpp
[53.774s] -- Installing: /home/Stage/LAB42_RTX_control/install/ros_interface_umi_rtx/include/include/ros_interface_umi_rtx/node_commands.hpp
[53.774s] -- Installing: /home/Stage/LAB42_RTX_control/install/ros_interface_umi_rtx/share/ros_interface_umi_rtx/launch
[53.774s] -- Installing: /home/Stage/LAB42_RTX_control/install/ros_interface_umi_rtx/share/ros_interface_umi_rtx/launch/simu.launch.py
[53.774s] -- Installing: /home/Stage/LAB42_RTX_control/install/ros_interface_umi_rtx/share/ros_interface_umi_rtx/launch/arm.launch.py
[53.774s] -- Installing: /home/Stage/LAB42_RTX_control/install/ros_interface_umi_rtx/share/ros_interface_umi_rtx/rviz
[53.775s] -- Installing: /home/Stage/LAB42_RTX_control/install/ros_interface_umi_rtx/share/ros_interface_umi_rtx/rviz/rviz_basic_settings.rviz
[53.775s] -- Installing: /home/Stage/LAB42_RTX_control/install/ros_interface_umi_rtx/share/ros_interface_umi_rtx/urdf
[53.775s] -- Installing: /home/Stage/LAB42_RTX_control/install/ros_interface_umi_rtx/share/ros_interface_umi_rtx/urdf/umi_rtx.urdf
[53.783s] -- Installing: /home/Stage/LAB42_RTX_control/install/ros_interface_umi_rtx/share/ros_interface_umi_rtx/images
[53.783s] -- Installing: /home/Stage/LAB42_RTX_control/install/ros_interface_umi_rtx/share/ros_interface_umi_rtx/images/icon.png
[53.793s] -- Installing: /home/Stage/LAB42_RTX_control/install/ros_interface_umi_rtx/share/ros_interface_umi_rtx/CalibrationImages
[53.793s] -- Installing: /home/Stage/LAB42_RTX_control/install/ros_interface_umi_rtx/share/ros_interface_umi_rtx/CalibrationImages/image02.jpg
[53.806s] -- Installing: /home/Stage/LAB42_RTX_control/install/ros_interface_umi_rtx/share/ros_interface_umi_rtx/CalibrationImages/leftImage03.png
[53.829s] -- Installing: /home/Stage/LAB42_RTX_control/install/ros_interface_umi_rtx/share/ros_interface_umi_rtx/CalibrationImages/rightImage05.png
[53.859s] -- Installing: /home/Stage/LAB42_RTX_control/install/ros_interface_umi_rtx/share/ros_interface_umi_rtx/CalibrationImages/rightImage01.png
[53.903s] -- Installing: /home/Stage/LAB42_RTX_control/install/ros_interface_umi_rtx/share/ros_interface_umi_rtx/CalibrationImages/leftImage04.png
[53.919s] -- Installing: /home/Stage/LAB42_RTX_control/install/ros_interface_umi_rtx/share/ros_interface_umi_rtx/CalibrationImages/leftImage05.png
[53.941s] -- Installing: /home/Stage/LAB42_RTX_control/install/ros_interface_umi_rtx/share/ros_interface_umi_rtx/CalibrationImages/rightImage02.png
[53.957s] -- Installing: /home/Stage/LAB42_RTX_control/install/ros_interface_umi_rtx/share/ros_interface_umi_rtx/CalibrationImages/leftImage02.png
[53.974s] -- Installing: /home/Stage/LAB42_RTX_control/install/ros_interface_umi_rtx/share/ros_interface_umi_rtx/CalibrationImages/image01.jpg
[53.988s] -- Installing: /home/Stage/LAB42_RTX_control/install/ros_interface_umi_rtx/share/ros_interface_umi_rtx/CalibrationImages/image05.jpg
[54.006s] -- Installing: /home/Stage/LAB42_RTX_control/install/ros_interface_umi_rtx/share/ros_interface_umi_rtx/CalibrationImages/image04.jpg
[54.021s] -- Installing: /home/Stage/LAB42_RTX_control/install/ros_interface_umi_rtx/share/ros_interface_umi_rtx/CalibrationImages/rightImage04.png
[54.038s] -- Installing: /home/Stage/LAB42_RTX_control/install/ros_interface_umi_rtx/share/ros_interface_umi_rtx/CalibrationImages/image03.jpg
[54.061s] -- Installing: /home/Stage/LAB42_RTX_control/install/ros_interface_umi_rtx/share/ros_interface_umi_rtx/CalibrationImages/rightImage03.png
[54.093s] -- Installing: /home/Stage/LAB42_RTX_control/install/ros_interface_umi_rtx/share/ros_interface_umi_rtx/CalibrationImages/leftImage01.png
[54.113s] -- Installing: /home/Stage/LAB42_RTX_control/install/ros_interface_umi_rtx/share/ament_index/resource_index/package_run_dependencies/ros_interface_umi_rtx
[54.114s] -- Installing: /home/Stage/LAB42_RTX_control/install/ros_interface_umi_rtx/share/ament_index/resource_index/parent_prefix_path/ros_interface_umi_rtx
[54.115s] -- Installing: /home/Stage/LAB42_RTX_control/install/ros_interface_umi_rtx/share/ros_interface_umi_rtx/environment/ament_prefix_path.sh
[54.116s] -- Installing: /home/Stage/LAB42_RTX_control/install/ros_interface_umi_rtx/share/ros_interface_umi_rtx/environment/ament_prefix_path.dsv
[54.117s] -- Installing: /home/Stage/LAB42_RTX_control/install/ros_interface_umi_rtx/share/ros_interface_umi_rtx/environment/path.sh
[54.119s] -- Installing: /home/Stage/LAB42_RTX_control/install/ros_interface_umi_rtx/share/ros_interface_umi_rtx/environment/path.dsv
[54.120s] -- Installing: /home/Stage/LAB42_RTX_control/install/ros_interface_umi_rtx/share/ros_interface_umi_rtx/local_setup.bash
[54.121s] -- Installing: /home/Stage/LAB42_RTX_control/install/ros_interface_umi_rtx/share/ros_interface_umi_rtx/local_setup.sh
[54.122s] -- Installing: /home/Stage/LAB42_RTX_control/install/ros_interface_umi_rtx/share/ros_interface_umi_rtx/local_setup.zsh
[54.123s] -- Installing: /home/Stage/LAB42_RTX_control/install/ros_interface_umi_rtx/share/ros_interface_umi_rtx/local_setup.dsv
[54.124s] -- Installing: /home/Stage/LAB42_RTX_control/install/ros_interface_umi_rtx/share/ros_interface_umi_rtx/package.dsv
[54.124s] -- Installing: /home/Stage/LAB42_RTX_control/install/ros_interface_umi_rtx/share/ament_index/resource_index/packages/ros_interface_umi_rtx
[54.125s] -- Installing: /home/Stage/LAB42_RTX_control/install/ros_interface_umi_rtx/share/ros_interface_umi_rtx/cmake/ros_interface_umi_rtxConfig.cmake
[54.126s] -- Installing: /home/Stage/LAB42_RTX_control/install/ros_interface_umi_rtx/share/ros_interface_umi_rtx/cmake/ros_interface_umi_rtxConfig-version.cmake
[54.127s] -- Installing: /home/Stage/LAB42_RTX_control/install/ros_interface_umi_rtx/share/ros_interface_umi_rtx/package.xml
[54.134s] Invoked command in '/home/Stage/LAB42_RTX_control/build/ros_interface_umi_rtx' returned '0': CMAKE_PREFIX_PATH=/opt/ros/foxy /usr/bin/cmake --install /home/Stage/LAB42_RTX_control/build/ros_interface_umi_rtx
