[0.012s] Invoking command in '/home/Stage/LAB42_RTX_control/build/ros_interface_umi_rtx': CMAKE_PREFIX_PATH=/opt/ros/foxy /usr/bin/cmake --build /home/Stage/LAB42_RTX_control/build/ros_interface_umi_rtx -- -j8 -l8
[0.079s] [  2%] [34m[1mAutomatic MOC and UIC for target GUI[0m
[0.081s] [  5%] [34m[1mAutomatic MOC and UIC for target nodeInverseKinematics[0m
[0.085s] [  7%] [34m[1mAutomatic MOC and UIC for target nodeSimu[0m
[0.085s] [ 10%] [34m[1mAutomatic MOC and UIC for target armraw[0m
[0.086s] [ 15%] [34m[1mAutomatic MOC and UIC for target armerror[0m
[0.086s] [ 15%] [34m[1mAutomatic MOC and UIC for target armcmds[0m
[0.106s] [ 15%] Built target armraw_autogen
[0.106s] [ 15%] Built target nodeInverseKinematics_autogen
[0.108s] [ 15%] Built target GUI_autogen
[0.111s] [ 15%] Built target nodeSimu_autogen
[0.114s] [ 15%] Built target armerror_autogen
[0.116s] [ 15%] Built target armcmds_autogen
[0.138s] [ 23%] Built target armraw
[0.143s] [ 31%] Built target armerror
[0.149s] [ 39%] Built target armcmds
[0.157s] [ 47%] Built target nodeSimu
[0.164s] [ 55%] Built target nodeInverseKinematics
[0.173s] [ 57%] [34m[1mAutomatic MOC and UIC for target nodeArm[0m
[0.176s] [ 68%] Built target GUI
[0.193s] [ 68%] Built target nodeArm_autogen
[0.208s] [35m[1mScanning dependencies of target nodeArm[0m
[0.243s] [ 71%] [32mBuilding CXX object CMakeFiles/nodeArm.dir/src/node_arm.cpp.o[0m
[7.826s] [ 73%] [32m[1mLinking CXX executable nodeArm[0m
[8.211s] [100%] Built target nodeArm
[8.224s] Invoked command in '/home/Stage/LAB42_RTX_control/build/ros_interface_umi_rtx' returned '0': CMAKE_PREFIX_PATH=/opt/ros/foxy /usr/bin/cmake --build /home/Stage/LAB42_RTX_control/build/ros_interface_umi_rtx -- -j8 -l8
[8.239s] Invoking command in '/home/Stage/LAB42_RTX_control/build/ros_interface_umi_rtx': CMAKE_PREFIX_PATH=/opt/ros/foxy /usr/bin/cmake --install /home/Stage/LAB42_RTX_control/build/ros_interface_umi_rtx
[8.248s] -- Install configuration: ""
[8.249s] -- Installing: /home/Stage/LAB42_RTX_control/install/ros_interface_umi_rtx/lib/ros_interface_umi_rtx/nodeArm
[8.252s] -- Set runtime path of "/home/Stage/LAB42_RTX_control/install/ros_interface_umi_rtx/lib/ros_interface_umi_rtx/nodeArm" to ""
[8.252s] -- Up-to-date: /home/Stage/LAB42_RTX_control/install/ros_interface_umi_rtx/lib/ros_interface_umi_rtx/nodeInverseKinematics
[8.253s] -- Up-to-date: /home/Stage/LAB42_RTX_control/install/ros_interface_umi_rtx/lib/ros_interface_umi_rtx/nodeSimu
[8.253s] -- Up-to-date: /home/Stage/LAB42_RTX_control/install/ros_interface_umi_rtx/lib/ros_interface_umi_rtx/GUI
[8.254s] -- Up-to-date: /home/Stage/LAB42_RTX_control/install/ros_interface_umi_rtx/include/include
[8.254s] -- Up-to-date: /home/Stage/LAB42_RTX_control/install/ros_interface_umi_rtx/include/include/ros_interface_umi_rtx
[8.254s] -- Up-to-date: /home/Stage/LAB42_RTX_control/install/ros_interface_umi_rtx/include/include/ros_interface_umi_rtx/robotics
[8.254s] -- Up-to-date: /home/Stage/LAB42_RTX_control/install/ros_interface_umi_rtx/include/include/ros_interface_umi_rtx/robotics/_template.h
[8.254s] -- Up-to-date: /home/Stage/LAB42_RTX_control/install/ros_interface_umi_rtx/include/include/ros_interface_umi_rtx/robotics/matrix.h
[8.254s] -- Up-to-date: /home/Stage/LAB42_RTX_control/install/ros_interface_umi_rtx/include/include/ros_interface_umi_rtx/robotics/chesscmds.h
[8.255s] -- Up-to-date: /home/Stage/LAB42_RTX_control/install/ros_interface_umi_rtx/include/include/ros_interface_umi_rtx/robotics/path.h
[8.255s] -- Up-to-date: /home/Stage/LAB42_RTX_control/install/ros_interface_umi_rtx/include/include/ros_interface_umi_rtx/robotics/armlib.h
[8.255s] -- Up-to-date: /home/Stage/LAB42_RTX_control/install/ros_interface_umi_rtx/include/include/ros_interface_umi_rtx/robotics/inverse.h
[8.255s] -- Up-to-date: /home/Stage/LAB42_RTX_control/install/ros_interface_umi_rtx/include/include/ros_interface_umi_rtx/robotics/umiinit.h
[8.255s] -- Up-to-date: /home/Stage/LAB42_RTX_control/install/ros_interface_umi_rtx/include/include/ros_interface_umi_rtx/robotics/config.h
[8.255s] -- Up-to-date: /home/Stage/LAB42_RTX_control/install/ros_interface_umi_rtx/include/include/ros_interface_umi_rtx/robotics/xml_parser.h
[8.255s] -- Up-to-date: /home/Stage/LAB42_RTX_control/install/ros_interface_umi_rtx/include/include/ros_interface_umi_rtx/robotics/chess.h
[8.255s] -- Up-to-date: /home/Stage/LAB42_RTX_control/install/ros_interface_umi_rtx/include/include/ros_interface_umi_rtx/robotics/spp.h
[8.255s] -- Up-to-date: /home/Stage/LAB42_RTX_control/install/ros_interface_umi_rtx/include/include/ros_interface_umi_rtx/robotics/umi.h
[8.255s] -- Up-to-date: /home/Stage/LAB42_RTX_control/install/ros_interface_umi_rtx/include/include/ros_interface_umi_rtx/robotics/interface.h
[8.255s] -- Up-to-date: /home/Stage/LAB42_RTX_control/install/ros_interface_umi_rtx/include/include/ros_interface_umi_rtx/robotics/arm.h
[8.255s] -- Up-to-date: /home/Stage/LAB42_RTX_control/install/ros_interface_umi_rtx/include/include/ros_interface_umi_rtx/robotics/pathplan.h
[8.256s] -- Up-to-date: /home/Stage/LAB42_RTX_control/install/ros_interface_umi_rtx/include/include/ros_interface_umi_rtx/robotics/basics.h
[8.256s] -- Up-to-date: /home/Stage/LAB42_RTX_control/install/ros_interface_umi_rtx/include/include/ros_interface_umi_rtx/robotics/simulator.h
[8.256s] -- Up-to-date: /home/Stage/LAB42_RTX_control/install/ros_interface_umi_rtx/include/include/ros_interface_umi_rtx/node_invkin.hpp
[8.256s] -- Up-to-date: /home/Stage/LAB42_RTX_control/install/ros_interface_umi_rtx/include/include/ros_interface_umi_rtx/rapidxml.hpp
[8.256s] -- Up-to-date: /home/Stage/LAB42_RTX_control/install/ros_interface_umi_rtx/include/include/ros_interface_umi_rtx/mainpage.h
[8.256s] -- Up-to-date: /home/Stage/LAB42_RTX_control/install/ros_interface_umi_rtx/include/include/ros_interface_umi_rtx/arm_parts
[8.256s] -- Up-to-date: /home/Stage/LAB42_RTX_control/install/ros_interface_umi_rtx/include/include/ros_interface_umi_rtx/arm_parts/wrist.h
[8.256s] -- Up-to-date: /home/Stage/LAB42_RTX_control/install/ros_interface_umi_rtx/include/include/ros_interface_umi_rtx/arm_parts/forearm.h
[8.256s] -- Up-to-date: /home/Stage/LAB42_RTX_control/install/ros_interface_umi_rtx/include/include/ros_interface_umi_rtx/arm_parts/arm.h
[8.256s] -- Up-to-date: /home/Stage/LAB42_RTX_control/install/ros_interface_umi_rtx/include/include/ros_interface_umi_rtx/arm_parts/joint.h
[8.256s] -- Up-to-date: /home/Stage/LAB42_RTX_control/install/ros_interface_umi_rtx/include/include/ros_interface_umi_rtx/node_simu.hpp
[8.256s] -- Up-to-date: /home/Stage/LAB42_RTX_control/install/ros_interface_umi_rtx/include/include/ros_interface_umi_rtx/node_arm.hpp
[8.256s] -- Up-to-date: /home/Stage/LAB42_RTX_control/install/ros_interface_umi_rtx/include/include/ros_interface_umi_rtx/umi-drivers
[8.256s] -- Up-to-date: /home/Stage/LAB42_RTX_control/install/ros_interface_umi_rtx/include/include/ros_interface_umi_rtx/umi-drivers/armraw.h
[8.256s] -- Up-to-date: /home/Stage/LAB42_RTX_control/install/ros_interface_umi_rtx/include/include/ros_interface_umi_rtx/umi-drivers/rtx.h
[8.257s] -- Up-to-date: /home/Stage/LAB42_RTX_control/install/ros_interface_umi_rtx/include/include/ros_interface_umi_rtx/umi-drivers/rtxd.h
[8.257s] -- Up-to-date: /home/Stage/LAB42_RTX_control/install/ros_interface_umi_rtx/include/include/ros_interface_umi_rtx/umi-drivers/armlib.h
[8.257s] -- Up-to-date: /home/Stage/LAB42_RTX_control/install/ros_interface_umi_rtx/include/include/ros_interface_umi_rtx/umi-drivers/duart.h
[8.257s] -- Up-to-date: /home/Stage/LAB42_RTX_control/install/ros_interface_umi_rtx/include/include/ros_interface_umi_rtx/umi-drivers/ipc.h
[8.257s] -- Up-to-date: /home/Stage/LAB42_RTX_control/install/ros_interface_umi_rtx/include/include/ros_interface_umi_rtx/umi-drivers/comm.h
[8.257s] -- Up-to-date: /home/Stage/LAB42_RTX_control/install/ros_interface_umi_rtx/include/include/ros_interface_umi_rtx/umi-drivers/680x0.h
[8.257s] -- Up-to-date: /home/Stage/LAB42_RTX_control/install/ros_interface_umi_rtx/include/include/ros_interface_umi_rtx/umi-drivers/rtxcmds.h
[8.257s] -- Up-to-date: /home/Stage/LAB42_RTX_control/install/ros_interface_umi_rtx/include/include/ros_interface_umi_rtx/umi-drivers/ipcrt.h
[8.257s] -- Up-to-date: /home/Stage/LAB42_RTX_control/install/ros_interface_umi_rtx/include/include/ros_interface_umi_rtx/umi-drivers/hostlib.h
[8.257s] -- Up-to-date: /home/Stage/LAB42_RTX_control/install/ros_interface_umi_rtx/include/include/ros_interface_umi_rtx/umi-drivers/m68kipc
[8.257s] -- Up-to-date: /home/Stage/LAB42_RTX_control/install/ros_interface_umi_rtx/include/include/ros_interface_umi_rtx/umi-drivers/m68kipc/a.out.h
[8.257s] -- Up-to-date: /home/Stage/LAB42_RTX_control/install/ros_interface_umi_rtx/include/include/ros_interface_umi_rtx/umi-drivers/m68kipc/exec.h
[8.257s] -- Up-to-date: /home/Stage/LAB42_RTX_control/install/ros_interface_umi_rtx/include/include/ros_interface_umi_rtx/bsd
[8.257s] -- Up-to-date: /home/Stage/LAB42_RTX_control/install/ros_interface_umi_rtx/include/include/ros_interface_umi_rtx/bsd/sys
[8.257s] -- Up-to-date: /home/Stage/LAB42_RTX_control/install/ros_interface_umi_rtx/include/include/ros_interface_umi_rtx/bsd/sys/ioccom.h
[8.257s] -- Up-to-date: /home/Stage/LAB42_RTX_control/install/ros_interface_umi_rtx/include/include/ros_interface_umi_rtx/bsd/sys/filio.h
[8.257s] -- Up-to-date: /home/Stage/LAB42_RTX_control/install/ros_interface_umi_rtx/include/include/ros_interface_umi_rtx/main_gui.hpp
[8.257s] -- Up-to-date: /home/Stage/LAB42_RTX_control/install/ros_interface_umi_rtx/include/include/ros_interface_umi_rtx/node_camera.hpp
[8.258s] -- Up-to-date: /home/Stage/LAB42_RTX_control/install/ros_interface_umi_rtx/include/include/ros_interface_umi_rtx/node_camera_API.hpp
[8.258s] -- Up-to-date: /home/Stage/LAB42_RTX_control/install/ros_interface_umi_rtx/include/include/ros_interface_umi_rtx/node_commands.hpp
[8.258s] -- Up-to-date: /home/Stage/LAB42_RTX_control/install/ros_interface_umi_rtx/share/ros_interface_umi_rtx/launch
[8.258s] -- Up-to-date: /home/Stage/LAB42_RTX_control/install/ros_interface_umi_rtx/share/ros_interface_umi_rtx/launch/simu.launch.py
[8.258s] -- Up-to-date: /home/Stage/LAB42_RTX_control/install/ros_interface_umi_rtx/share/ros_interface_umi_rtx/launch/arm.launch.py
[8.258s] -- Up-to-date: /home/Stage/LAB42_RTX_control/install/ros_interface_umi_rtx/share/ros_interface_umi_rtx/rviz
[8.258s] -- Up-to-date: /home/Stage/LAB42_RTX_control/install/ros_interface_umi_rtx/share/ros_interface_umi_rtx/rviz/rviz_basic_settings.rviz
[8.258s] -- Up-to-date: /home/Stage/LAB42_RTX_control/install/ros_interface_umi_rtx/share/ros_interface_umi_rtx/urdf
[8.258s] -- Up-to-date: /home/Stage/LAB42_RTX_control/install/ros_interface_umi_rtx/share/ros_interface_umi_rtx/urdf/umi_rtx.urdf
[8.258s] -- Up-to-date: /home/Stage/LAB42_RTX_control/install/ros_interface_umi_rtx/share/ros_interface_umi_rtx/images
[8.258s] -- Up-to-date: /home/Stage/LAB42_RTX_control/install/ros_interface_umi_rtx/share/ros_interface_umi_rtx/images/icon.png
[8.258s] -- Up-to-date: /home/Stage/LAB42_RTX_control/install/ros_interface_umi_rtx/share/ros_interface_umi_rtx/CalibrationImages
[8.258s] -- Up-to-date: /home/Stage/LAB42_RTX_control/install/ros_interface_umi_rtx/share/ros_interface_umi_rtx/CalibrationImages/image02.jpg
[8.258s] -- Up-to-date: /home/Stage/LAB42_RTX_control/install/ros_interface_umi_rtx/share/ros_interface_umi_rtx/CalibrationImages/leftImage03.png
[8.258s] -- Up-to-date: /home/Stage/LAB42_RTX_control/install/ros_interface_umi_rtx/share/ros_interface_umi_rtx/CalibrationImages/rightImage05.png
[8.258s] -- Up-to-date: /home/Stage/LAB42_RTX_control/install/ros_interface_umi_rtx/share/ros_interface_umi_rtx/CalibrationImages/rightImage01.png
[8.259s] -- Up-to-date: /home/Stage/LAB42_RTX_control/install/ros_interface_umi_rtx/share/ros_interface_umi_rtx/CalibrationImages/leftImage04.png
[8.259s] -- Up-to-date: /home/Stage/LAB42_RTX_control/install/ros_interface_umi_rtx/share/ros_interface_umi_rtx/CalibrationImages/leftImage05.png
[8.259s] -- Up-to-date: /home/Stage/LAB42_RTX_control/install/ros_interface_umi_rtx/share/ros_interface_umi_rtx/CalibrationImages/rightImage02.png
[8.259s] -- Up-to-date: /home/Stage/LAB42_RTX_control/install/ros_interface_umi_rtx/share/ros_interface_umi_rtx/CalibrationImages/leftImage02.png
[8.259s] -- Up-to-date: /home/Stage/LAB42_RTX_control/install/ros_interface_umi_rtx/share/ros_interface_umi_rtx/CalibrationImages/image01.jpg
[8.259s] -- Up-to-date: /home/Stage/LAB42_RTX_control/install/ros_interface_umi_rtx/share/ros_interface_umi_rtx/CalibrationImages/image05.jpg
[8.260s] -- Up-to-date: /home/Stage/LAB42_RTX_control/install/ros_interface_umi_rtx/share/ros_interface_umi_rtx/CalibrationImages/image04.jpg
[8.260s] -- Up-to-date: /home/Stage/LAB42_RTX_control/install/ros_interface_umi_rtx/share/ros_interface_umi_rtx/CalibrationImages/rightImage04.png
[8.260s] -- Up-to-date: /home/Stage/LAB42_RTX_control/install/ros_interface_umi_rtx/share/ros_interface_umi_rtx/CalibrationImages/image03.jpg
[8.260s] -- Up-to-date: /home/Stage/LAB42_RTX_control/install/ros_interface_umi_rtx/share/ros_interface_umi_rtx/CalibrationImages/rightImage03.png
[8.260s] -- Up-to-date: /home/Stage/LAB42_RTX_control/install/ros_interface_umi_rtx/share/ros_interface_umi_rtx/CalibrationImages/leftImage01.png
[8.260s] -- Up-to-date: /home/Stage/LAB42_RTX_control/install/ros_interface_umi_rtx/share/ament_index/resource_index/package_run_dependencies/ros_interface_umi_rtx
[8.260s] -- Up-to-date: /home/Stage/LAB42_RTX_control/install/ros_interface_umi_rtx/share/ament_index/resource_index/parent_prefix_path/ros_interface_umi_rtx
[8.261s] -- Up-to-date: /home/Stage/LAB42_RTX_control/install/ros_interface_umi_rtx/share/ros_interface_umi_rtx/environment/ament_prefix_path.sh
[8.261s] -- Up-to-date: /home/Stage/LAB42_RTX_control/install/ros_interface_umi_rtx/share/ros_interface_umi_rtx/environment/ament_prefix_path.dsv
[8.261s] -- Up-to-date: /home/Stage/LAB42_RTX_control/install/ros_interface_umi_rtx/share/ros_interface_umi_rtx/environment/path.sh
[8.261s] -- Up-to-date: /home/Stage/LAB42_RTX_control/install/ros_interface_umi_rtx/share/ros_interface_umi_rtx/environment/path.dsv
[8.261s] -- Up-to-date: /home/Stage/LAB42_RTX_control/install/ros_interface_umi_rtx/share/ros_interface_umi_rtx/local_setup.bash
[8.261s] -- Up-to-date: /home/Stage/LAB42_RTX_control/install/ros_interface_umi_rtx/share/ros_interface_umi_rtx/local_setup.sh
[8.261s] -- Up-to-date: /home/Stage/LAB42_RTX_control/install/ros_interface_umi_rtx/share/ros_interface_umi_rtx/local_setup.zsh
[8.261s] -- Up-to-date: /home/Stage/LAB42_RTX_control/install/ros_interface_umi_rtx/share/ros_interface_umi_rtx/local_setup.dsv
[8.261s] -- Installing: /home/Stage/LAB42_RTX_control/install/ros_interface_umi_rtx/share/ros_interface_umi_rtx/package.dsv
[8.261s] -- Up-to-date: /home/Stage/LAB42_RTX_control/install/ros_interface_umi_rtx/share/ament_index/resource_index/packages/ros_interface_umi_rtx
[8.261s] -- Up-to-date: /home/Stage/LAB42_RTX_control/install/ros_interface_umi_rtx/share/ros_interface_umi_rtx/cmake/ros_interface_umi_rtxConfig.cmake
[8.262s] -- Up-to-date: /home/Stage/LAB42_RTX_control/install/ros_interface_umi_rtx/share/ros_interface_umi_rtx/cmake/ros_interface_umi_rtxConfig-version.cmake
[8.262s] -- Up-to-date: /home/Stage/LAB42_RTX_control/install/ros_interface_umi_rtx/share/ros_interface_umi_rtx/package.xml
[8.262s] Invoked command in '/home/Stage/LAB42_RTX_control/build/ros_interface_umi_rtx' returned '0': CMAKE_PREFIX_PATH=/opt/ros/foxy /usr/bin/cmake --install /home/Stage/LAB42_RTX_control/build/ros_interface_umi_rtx
