[0.011s] Invoking command in '/home/Stage/LAB42_RTX_control/build/keyboard_control': CMAKE_PREFIX_PATH=/opt/ros/foxy /usr/bin/cmake --build /home/Stage/LAB42_RTX_control/build/keyboard_control -- -j8 -l8
[0.044s] -- Found ament_cmake: 0.9.12 (/opt/ros/foxy/share/ament_cmake/cmake)
[0.065s] -- Using PYTHON_EXECUTABLE: /usr/bin/python3
[0.232s] -- Found rclcpp: 2.4.3 (/opt/ros/foxy/share/rclcpp/cmake)
[0.271s] -- Using all available rosidl_typesupport_c: rosidl_typesupport_fastrtps_c;rosidl_typesupport_introspection_c
[0.275s] -- Found rosidl_adapter: 1.3.1 (/opt/ros/foxy/share/rosidl_adapter/cmake)
[0.414s] -- Using all available rosidl_typesupport_cpp: rosidl_typesupport_fastrtps_cpp;rosidl_typesupport_introspection_cpp
[0.461s] -- Found rmw_implementation_cmake: 1.0.4 (/opt/ros/foxy/share/rmw_implementation_cmake/cmake)
[0.462s] -- Using RMW implementation 'rmw_fastrtps_cpp' as default
[0.597s] -- Found geometry_msgs: 2.0.5 (/opt/ros/foxy/share/geometry_msgs/cmake)
[0.628s] -- Found sensor_msgs: 2.0.5 (/opt/ros/foxy/share/sensor_msgs/cmake)
[0.756s] -- Configuring done
[0.788s] -- Generating done
[0.796s] -- Build files have been written to: /home/Stage/LAB42_RTX_control/build/keyboard_control
[0.826s] [35m[1mScanning dependencies of target nodeJointControl[0m
[0.826s] [35m[1mScanning dependencies of target nodePositionControl1[0m
[0.826s] [35m[1mScanning dependencies of target nodePositionControl2[0m
[0.865s] [ 16%] [32mBuilding CXX object CMakeFiles/nodePositionControl1.dir/src/command_publisher.cpp.o[0m
[0.872s] [ 33%] [32mBuilding CXX object CMakeFiles/nodeJointControl.dir/src/keyboard_joint_control.cpp.o[0m
[0.873s] [ 50%] [32mBuilding CXX object CMakeFiles/nodePositionControl2.dir/src/keyboard_control.cpp.o[0m
[3.851s] [ 66%] [32m[1mLinking CXX executable nodeJointControl[0m
[4.042s] [ 66%] Built target nodeJointControl
[4.147s] [ 83%] [32m[1mLinking CXX executable nodePositionControl1[0m
[4.335s] [ 83%] Built target nodePositionControl1
[4.487s] [100%] [32m[1mLinking CXX executable nodePositionControl2[0m
[4.686s] [100%] Built target nodePositionControl2
[4.698s] Invoked command in '/home/Stage/LAB42_RTX_control/build/keyboard_control' returned '0': CMAKE_PREFIX_PATH=/opt/ros/foxy /usr/bin/cmake --build /home/Stage/LAB42_RTX_control/build/keyboard_control -- -j8 -l8
[4.712s] Invoking command in '/home/Stage/LAB42_RTX_control/build/keyboard_control': CMAKE_PREFIX_PATH=/opt/ros/foxy /usr/bin/cmake --install /home/Stage/LAB42_RTX_control/build/keyboard_control
[4.721s] -- Install configuration: ""
[4.721s] -- Installing: /home/Stage/LAB42_RTX_control/install/keyboard_control/lib/keyboard_control/nodePositionControl1
[4.723s] -- Set runtime path of "/home/Stage/LAB42_RTX_control/install/keyboard_control/lib/keyboard_control/nodePositionControl1" to ""
[4.723s] -- Installing: /home/Stage/LAB42_RTX_control/install/keyboard_control/lib/keyboard_control/nodePositionControl2
[4.724s] -- Set runtime path of "/home/Stage/LAB42_RTX_control/install/keyboard_control/lib/keyboard_control/nodePositionControl2" to ""
[4.724s] -- Installing: /home/Stage/LAB42_RTX_control/install/keyboard_control/lib/keyboard_control/nodeJointControl
[4.725s] -- Set runtime path of "/home/Stage/LAB42_RTX_control/install/keyboard_control/lib/keyboard_control/nodeJointControl" to ""
[4.725s] -- Up-to-date: /home/Stage/LAB42_RTX_control/install/keyboard_control/share/ament_index/resource_index/package_run_dependencies/keyboard_control
[4.725s] -- Installing: /home/Stage/LAB42_RTX_control/install/keyboard_control/share/ament_index/resource_index/parent_prefix_path/keyboard_control
[4.725s] -- Up-to-date: /home/Stage/LAB42_RTX_control/install/keyboard_control/share/keyboard_control/environment/ament_prefix_path.sh
[4.725s] -- Installing: /home/Stage/LAB42_RTX_control/install/keyboard_control/share/keyboard_control/environment/ament_prefix_path.dsv
[4.726s] -- Up-to-date: /home/Stage/LAB42_RTX_control/install/keyboard_control/share/keyboard_control/environment/path.sh
[4.726s] -- Installing: /home/Stage/LAB42_RTX_control/install/keyboard_control/share/keyboard_control/environment/path.dsv
[4.726s] -- Up-to-date: /home/Stage/LAB42_RTX_control/install/keyboard_control/share/keyboard_control/local_setup.bash
[4.726s] -- Up-to-date: /home/Stage/LAB42_RTX_control/install/keyboard_control/share/keyboard_control/local_setup.sh
[4.726s] -- Up-to-date: /home/Stage/LAB42_RTX_control/install/keyboard_control/share/keyboard_control/local_setup.zsh
[4.726s] -- Installing: /home/Stage/LAB42_RTX_control/install/keyboard_control/share/keyboard_control/local_setup.dsv
[4.726s] -- Installing: /home/Stage/LAB42_RTX_control/install/keyboard_control/share/keyboard_control/package.dsv
[4.726s] -- Up-to-date: /home/Stage/LAB42_RTX_control/install/keyboard_control/share/ament_index/resource_index/packages/keyboard_control
[4.727s] -- Up-to-date: /home/Stage/LAB42_RTX_control/install/keyboard_control/share/keyboard_control/cmake/keyboard_controlConfig.cmake
[4.727s] -- Up-to-date: /home/Stage/LAB42_RTX_control/install/keyboard_control/share/keyboard_control/cmake/keyboard_controlConfig-version.cmake
[4.727s] -- Up-to-date: /home/Stage/LAB42_RTX_control/install/keyboard_control/share/keyboard_control/package.xml
[4.729s] Invoked command in '/home/Stage/LAB42_RTX_control/build/keyboard_control' returned '0': CMAKE_PREFIX_PATH=/opt/ros/foxy /usr/bin/cmake --install /home/Stage/LAB42_RTX_control/build/keyboard_control
