-- The C compiler identification is GNU 9.4.0
-- The CXX compiler identification is GNU 9.4.0
-- Check for working C compiler: /usr/bin/cc
-- Check for working C compiler: /usr/bin/cc -- works
-- Detecting C compiler ABI info
-- Detecting C compiler ABI info - done
-- Detecting C compile features
-- Detecting C compile features - done
-- Check for working CXX compiler: /usr/bin/c++
-- Check for working CXX compiler: /usr/bin/c++ -- works
-- Detecting CXX compiler ABI info
-- Detecting CXX compiler ABI info - done
-- Detecting CXX compile features
-- Detecting CXX compile features - done
-- Found ament_cmake: 0.9.12 (/opt/ros/foxy/share/ament_cmake/cmake)
-- Found PythonInterp: /usr/bin/python3 (found suitable version "3.8.10", minimum required is "3") 
-- Using PYTHON_EXECUTABLE: /usr/bin/python3
-- Found rclcpp: 2.4.3 (/opt/ros/foxy/share/rclcpp/cmake)
-- Using all available rosidl_typesupport_c: rosidl_typesupport_fastrtps_c;rosidl_typesupport_introspection_c
-- Found rosidl_adapter: 1.3.1 (/opt/ros/foxy/share/rosidl_adapter/cmake)
-- Found OpenSSL: /usr/lib/x86_64-linux-gnu/libcrypto.so (found version "1.1.1f")  
-- Found FastRTPS: /opt/ros/foxy/include  
-- Using all available rosidl_typesupport_cpp: rosidl_typesupport_fastrtps_cpp;rosidl_typesupport_introspection_cpp
-- Found rmw_implementation_cmake: 1.0.4 (/opt/ros/foxy/share/rmw_implementation_cmake/cmake)
-- Using RMW implementation 'rmw_fastrtps_cpp' as default
-- Looking for pthread.h
-- Looking for pthread.h - found
-- Performing Test CMAKE_HAVE_LIBC_PTHREAD
-- Performing Test CMAKE_HAVE_LIBC_PTHREAD - Failed
-- Looking for pthread_create in pthreads
-- Looking for pthread_create in pthreads - not found
-- Looking for pthread_create in pthread
-- Looking for pthread_create in pthread - found
-- Found Threads: TRUE  
-- Found geometry_msgs: 2.0.5 (/opt/ros/foxy/share/geometry_msgs/cmake)
-- Found sensor_msgs: 2.0.5 (/opt/ros/foxy/share/sensor_msgs/cmake)
-- Configuring done
-- Generating done
-- Build files have been written to: /home/Stage/LAB42_RTX_control/build/yumi_manual_control
[35m[1mScanning dependencies of target node_manual_arm[0m
[ 50%] [32mBuilding CXX object CMakeFiles/node_manual_arm.dir/src/node_manual_arm.cpp.o[0m
[100%] [32m[1mLinking CXX executable node_manual_arm[0m
[100%] Built target node_manual_arm
-- Install configuration: ""
-- Installing: /home/Stage/LAB42_RTX_control/install/yumi_manual_control/lib/yumi_manual_control/node_manual_arm
-- Set runtime path of "/home/Stage/LAB42_RTX_control/install/yumi_manual_control/lib/yumi_manual_control/node_manual_arm" to ""
-- Installing: /home/Stage/LAB42_RTX_control/install/yumi_manual_control/share/ament_index/resource_index/package_run_dependencies/yumi_manual_control
-- Installing: /home/Stage/LAB42_RTX_control/install/yumi_manual_control/share/ament_index/resource_index/parent_prefix_path/yumi_manual_control
-- Installing: /home/Stage/LAB42_RTX_control/install/yumi_manual_control/share/yumi_manual_control/environment/ament_prefix_path.sh
-- Installing: /home/Stage/LAB42_RTX_control/install/yumi_manual_control/share/yumi_manual_control/environment/ament_prefix_path.dsv
-- Installing: /home/Stage/LAB42_RTX_control/install/yumi_manual_control/share/yumi_manual_control/environment/path.sh
-- Installing: /home/Stage/LAB42_RTX_control/install/yumi_manual_control/share/yumi_manual_control/environment/path.dsv
-- Installing: /home/Stage/LAB42_RTX_control/install/yumi_manual_control/share/yumi_manual_control/local_setup.bash
-- Installing: /home/Stage/LAB42_RTX_control/install/yumi_manual_control/share/yumi_manual_control/local_setup.sh
-- Installing: /home/Stage/LAB42_RTX_control/install/yumi_manual_control/share/yumi_manual_control/local_setup.zsh
-- Installing: /home/Stage/LAB42_RTX_control/install/yumi_manual_control/share/yumi_manual_control/local_setup.dsv
-- Installing: /home/Stage/LAB42_RTX_control/install/yumi_manual_control/share/yumi_manual_control/package.dsv
-- Installing: /home/Stage/LAB42_RTX_control/install/yumi_manual_control/share/ament_index/resource_index/packages/yumi_manual_control
-- Installing: /home/Stage/LAB42_RTX_control/install/yumi_manual_control/share/yumi_manual_control/cmake/yumi_manual_controlConfig.cmake
-- Installing: /home/Stage/LAB42_RTX_control/install/yumi_manual_control/share/yumi_manual_control/cmake/yumi_manual_controlConfig-version.cmake
-- Installing: /home/Stage/LAB42_RTX_control/install/yumi_manual_control/share/yumi_manual_control/package.xml
