[0.022s] Invoking command in '/home/Stage/LAB42_RTX_control/build/yumi_manual_control': CMAKE_PREFIX_PATH=/opt/ros/foxy /usr/bin/cmake /home/Stage/LAB42_RTX_control/ros_control_ws/src/yumi_manual_control -DCMAKE_INSTALL_PREFIX=/home/Stage/LAB42_RTX_control/install/yumi_manual_control
[1.014s] -- The C compiler identification is GNU 9.4.0
[1.371s] -- The CXX compiler identification is GNU 9.4.0
[1.421s] -- Check for working C compiler: /usr/bin/cc
[1.577s] -- Check for working C compiler: /usr/bin/cc -- works
[1.578s] -- Detecting C compiler ABI info
[1.680s] -- Detecting C compiler ABI info - done
[1.691s] -- Detecting C compile features
[1.691s] -- Detecting C compile features - done
[1.695s] -- Check for working CXX compiler: /usr/bin/c++
[1.782s] -- Check for working CXX compiler: /usr/bin/c++ -- works
[1.783s] -- Detecting CXX compiler ABI info
[1.881s] -- Detecting CXX compiler ABI info - done
[1.892s] -- Detecting CXX compile features
[1.893s] -- Detecting CXX compile features - done
[1.972s] -- Found ament_cmake: 0.9.12 (/opt/ros/foxy/share/ament_cmake/cmake)
[2.037s] -- Found PythonInterp: /usr/bin/python3 (found suitable version "3.8.10", minimum required is "3") 
[2.037s] -- Using PYTHON_EXECUTABLE: /usr/bin/python3
[2.306s] -- Found rclcpp: 2.4.3 (/opt/ros/foxy/share/rclcpp/cmake)
[2.719s] -- Using all available rosidl_typesupport_c: rosidl_typesupport_fastrtps_c;rosidl_typesupport_introspection_c
[2.778s] -- Found rosidl_adapter: 1.3.1 (/opt/ros/foxy/share/rosidl_adapter/cmake)
[3.355s] -- Found OpenSSL: /usr/lib/x86_64-linux-gnu/libcrypto.so (found version "1.1.1f")  
[3.407s] -- Found FastRTPS: /opt/ros/foxy/include  
[3.516s] -- Using all available rosidl_typesupport_cpp: rosidl_typesupport_fastrtps_cpp;rosidl_typesupport_introspection_cpp
[3.617s] -- Found rmw_implementation_cmake: 1.0.4 (/opt/ros/foxy/share/rmw_implementation_cmake/cmake)
[3.619s] -- Using RMW implementation 'rmw_fastrtps_cpp' as default
[3.637s] -- Looking for pthread.h
[3.893s] -- Looking for pthread.h - found
[3.893s] -- Performing Test CMAKE_HAVE_LIBC_PTHREAD
[4.015s] -- Performing Test CMAKE_HAVE_LIBC_PTHREAD - Failed
[4.015s] -- Looking for pthread_create in pthreads
[4.111s] -- Looking for pthread_create in pthreads - not found
[4.112s] -- Looking for pthread_create in pthread
[4.193s] -- Looking for pthread_create in pthread - found
[4.194s] -- Found Threads: TRUE  
[4.473s] -- Found geometry_msgs: 2.0.5 (/opt/ros/foxy/share/geometry_msgs/cmake)
[4.510s] -- Found sensor_msgs: 2.0.5 (/opt/ros/foxy/share/sensor_msgs/cmake)
[4.648s] -- Configuring done
[4.656s] -- Generating done
[4.661s] -- Build files have been written to: /home/Stage/LAB42_RTX_control/build/yumi_manual_control
[4.669s] Invoked command in '/home/Stage/LAB42_RTX_control/build/yumi_manual_control' returned '0': CMAKE_PREFIX_PATH=/opt/ros/foxy /usr/bin/cmake /home/Stage/LAB42_RTX_control/ros_control_ws/src/yumi_manual_control -DCMAKE_INSTALL_PREFIX=/home/Stage/LAB42_RTX_control/install/yumi_manual_control
[4.673s] Invoking command in '/home/Stage/LAB42_RTX_control/build/yumi_manual_control': CMAKE_PREFIX_PATH=/opt/ros/foxy /usr/bin/cmake --build /home/Stage/LAB42_RTX_control/build/yumi_manual_control -- -j8 -l8
[4.719s] [35m[1mScanning dependencies of target node_manual_arm[0m
[5.307s] [ 50%] [32mBuilding CXX object CMakeFiles/node_manual_arm.dir/src/node_manual_arm.cpp.o[0m
[9.664s] [100%] [32m[1mLinking CXX executable node_manual_arm[0m
[9.953s] [100%] Built target node_manual_arm
[9.968s] Invoked command in '/home/Stage/LAB42_RTX_control/build/yumi_manual_control' returned '0': CMAKE_PREFIX_PATH=/opt/ros/foxy /usr/bin/cmake --build /home/Stage/LAB42_RTX_control/build/yumi_manual_control -- -j8 -l8
[9.983s] Invoking command in '/home/Stage/LAB42_RTX_control/build/yumi_manual_control': CMAKE_PREFIX_PATH=/opt/ros/foxy /usr/bin/cmake --install /home/Stage/LAB42_RTX_control/build/yumi_manual_control
[9.995s] -- Install configuration: ""
[9.995s] -- Installing: /home/Stage/LAB42_RTX_control/install/yumi_manual_control/lib/yumi_manual_control/node_manual_arm
[9.996s] -- Set runtime path of "/home/Stage/LAB42_RTX_control/install/yumi_manual_control/lib/yumi_manual_control/node_manual_arm" to ""
[9.996s] -- Installing: /home/Stage/LAB42_RTX_control/install/yumi_manual_control/share/ament_index/resource_index/package_run_dependencies/yumi_manual_control
[9.997s] -- Installing: /home/Stage/LAB42_RTX_control/install/yumi_manual_control/share/ament_index/resource_index/parent_prefix_path/yumi_manual_control
[9.997s] -- Installing: /home/Stage/LAB42_RTX_control/install/yumi_manual_control/share/yumi_manual_control/environment/ament_prefix_path.sh
[9.997s] -- Installing: /home/Stage/LAB42_RTX_control/install/yumi_manual_control/share/yumi_manual_control/environment/ament_prefix_path.dsv
[9.997s] -- Installing: /home/Stage/LAB42_RTX_control/install/yumi_manual_control/share/yumi_manual_control/environment/path.sh
[9.997s] -- Installing: /home/Stage/LAB42_RTX_control/install/yumi_manual_control/share/yumi_manual_control/environment/path.dsv
[9.997s] -- Installing: /home/Stage/LAB42_RTX_control/install/yumi_manual_control/share/yumi_manual_control/local_setup.bash
[9.998s] -- Installing: /home/Stage/LAB42_RTX_control/install/yumi_manual_control/share/yumi_manual_control/local_setup.sh
[9.998s] -- Installing: /home/Stage/LAB42_RTX_control/install/yumi_manual_control/share/yumi_manual_control/local_setup.zsh
[9.998s] -- Installing: /home/Stage/LAB42_RTX_control/install/yumi_manual_control/share/yumi_manual_control/local_setup.dsv
[9.998s] -- Installing: /home/Stage/LAB42_RTX_control/install/yumi_manual_control/share/yumi_manual_control/package.dsv
[9.998s] -- Installing: /home/Stage/LAB42_RTX_control/install/yumi_manual_control/share/ament_index/resource_index/packages/yumi_manual_control
[9.999s] -- Installing: /home/Stage/LAB42_RTX_control/install/yumi_manual_control/share/yumi_manual_control/cmake/yumi_manual_controlConfig.cmake
[9.999s] -- Installing: /home/Stage/LAB42_RTX_control/install/yumi_manual_control/share/yumi_manual_control/cmake/yumi_manual_controlConfig-version.cmake
[9.999s] -- Installing: /home/Stage/LAB42_RTX_control/install/yumi_manual_control/share/yumi_manual_control/package.xml
[10.003s] Invoked command in '/home/Stage/LAB42_RTX_control/build/yumi_manual_control' returned '0': CMAKE_PREFIX_PATH=/opt/ros/foxy /usr/bin/cmake --install /home/Stage/LAB42_RTX_control/build/yumi_manual_control
