[0.061s] Invoking command in '/home/Stage/LAB42_RTX_control/build/yumi_manual_control': CMAKE_PREFIX_PATH=/opt/ros/foxy /usr/bin/cmake --build /home/Stage/LAB42_RTX_control/build/yumi_manual_control -- -j8 -l8
[0.344s] [100%] Built target node_manual_arm
[0.358s] Invoked command in '/home/Stage/LAB42_RTX_control/build/yumi_manual_control' returned '0': CMAKE_PREFIX_PATH=/opt/ros/foxy /usr/bin/cmake --build /home/Stage/LAB42_RTX_control/build/yumi_manual_control -- -j8 -l8
[0.361s] Invoking command in '/home/Stage/LAB42_RTX_control/build/yumi_manual_control': CMAKE_PREFIX_PATH=/opt/ros/foxy /usr/bin/cmake --install /home/Stage/LAB42_RTX_control/build/yumi_manual_control
[0.372s] -- Install configuration: ""
[0.372s] -- Up-to-date: /home/Stage/LAB42_RTX_control/install/yumi_manual_control/lib/yumi_manual_control/node_manual_arm
[0.373s] -- Up-to-date: /home/Stage/LAB42_RTX_control/install/yumi_manual_control/share/ament_index/resource_index/package_run_dependencies/yumi_manual_control
[0.373s] -- Up-to-date: /home/Stage/LAB42_RTX_control/install/yumi_manual_control/share/ament_index/resource_index/parent_prefix_path/yumi_manual_control
[0.373s] -- Up-to-date: /home/Stage/LAB42_RTX_control/install/yumi_manual_control/share/yumi_manual_control/environment/ament_prefix_path.sh
[0.373s] -- Up-to-date: /home/Stage/LAB42_RTX_control/install/yumi_manual_control/share/yumi_manual_control/environment/ament_prefix_path.dsv
[0.373s] -- Up-to-date: /home/Stage/LAB42_RTX_control/install/yumi_manual_control/share/yumi_manual_control/environment/path.sh
[0.373s] -- Up-to-date: /home/Stage/LAB42_RTX_control/install/yumi_manual_control/share/yumi_manual_control/environment/path.dsv
[0.373s] -- Up-to-date: /home/Stage/LAB42_RTX_control/install/yumi_manual_control/share/yumi_manual_control/local_setup.bash
[0.373s] -- Up-to-date: /home/Stage/LAB42_RTX_control/install/yumi_manual_control/share/yumi_manual_control/local_setup.sh
[0.374s] -- Up-to-date: /home/Stage/LAB42_RTX_control/install/yumi_manual_control/share/yumi_manual_control/local_setup.zsh
[0.374s] -- Up-to-date: /home/Stage/LAB42_RTX_control/install/yumi_manual_control/share/yumi_manual_control/local_setup.dsv
[0.374s] -- Installing: /home/Stage/LAB42_RTX_control/install/yumi_manual_control/share/yumi_manual_control/package.dsv
[0.374s] -- Up-to-date: /home/Stage/LAB42_RTX_control/install/yumi_manual_control/share/ament_index/resource_index/packages/yumi_manual_control
[0.374s] -- Up-to-date: /home/Stage/LAB42_RTX_control/install/yumi_manual_control/share/yumi_manual_control/cmake/yumi_manual_controlConfig.cmake
[0.374s] -- Up-to-date: /home/Stage/LAB42_RTX_control/install/yumi_manual_control/share/yumi_manual_control/cmake/yumi_manual_controlConfig-version.cmake
[0.374s] -- Up-to-date: /home/Stage/LAB42_RTX_control/install/yumi_manual_control/share/yumi_manual_control/package.xml
[0.377s] Invoked command in '/home/Stage/LAB42_RTX_control/build/yumi_manual_control' returned '0': CMAKE_PREFIX_PATH=/opt/ros/foxy /usr/bin/cmake --install /home/Stage/LAB42_RTX_control/build/yumi_manual_control
